[0.000000] (-) TimerEvent: {}
[0.000481] (abstain_pkg) JobQueued: {'identifier': 'abstain_pkg', 'dependencies': OrderedDict()}
[0.000601] (abstain_pkg) JobStarted: {'identifier': 'abstain_pkg'}
[0.010901] (abstain_pkg) JobProgress: {'identifier': 'abstain_pkg', 'progress': 'cmake'}
[0.011449] (abstain_pkg) Command: {'cmd': ['/usr/bin/cmake', '/home/aaron/abstain-rover/ros2_ws/src/abstain_pkg', '-DCMAKE_INSTALL_PREFIX=/home/aaron/abstain-rover/install/abstain_pkg'], 'cwd': '/home/aaron/abstain-rover/build/abstain_pkg', 'env': OrderedDict([('KDE_FULL_SESSION', 'true'), ('MAIL', '/var/spool/mail/aaron'), ('USER', 'aaron'), ('PAM_KWALLET5_LOGIN', '/run/user/1000/kwallet5.socket'), ('LC_TIME', 'en_US.UTF-8'), ('HOSTNAME', 'endeavour'), ('XDG_SESSION_TYPE', 'wayland'), ('GIT_ASKPASS', '/opt/visual-studio-code/resources/app/extensions/git/dist/askpass.sh'), ('XDG_CACHE_HOME', '/home/aaron/.cache'), ('QT_WAYLAND_RECONNECT', '1'), ('SHLVL', '5'), ('LD_LIBRARY_PATH', '/home/aaron/abstain-rover/ros2_ws/install/examples_rclcpp_wait_set/lib:/home/aaron/abstain-rover/ros2_ws/install/examples_rclcpp_minimal_subscriber/lib:/home/aaron/abstain-rover/ros2_ws/install/examples_rclcpp_minimal_composition/lib:/opt/ros/humble/opt/rviz_ogre_vendor/lib:/opt/ros/humble/lib/x86_64-linux-gnu:/opt/ros/humble/lib'), ('BROWSER', 'firefox'), ('MOTD_SHOWN', 'pam'), ('HOME', '/home/aaron'), ('CHROME_DESKTOP', 'code.desktop'), ('KDE_APPLICATIONS_AS_SCOPE', '1'), ('OLDPWD', '/home/aaron/abstain-rover/ros2_ws'), ('TERM_PROGRAM_VERSION', '1.105.0'), ('DESKTOP_SESSION', 'plasma'), ('ROS_PYTHON_VERSION', '3'), ('GTK_RC_FILES', '/etc/gtk/gtkrc:/home/aaron/.gtkrc:/home/aaron/.config/gtkrc'), ('KDE_SESSION_VERSION', '6'), ('VSCODE_GIT_ASKPASS_MAIN', '/opt/visual-studio-code/resources/app/extensions/git/dist/askpass-main.js'), ('PS1', '[\\u@\\h \\W]\\$'), ('LC_MONETARY', 'en_US.UTF-8'), ('VSCODE_GIT_ASKPASS_NODE', '/opt/visual-studio-code/code'), ('MANAGERPID', '1190'), ('DISTROBOX_ENTER_PATH', '/usr/bin/distrobox-enter'), ('SYSTEMD_EXEC_PID', '1525'), ('VSCODE_PYTHON_AUTOACTIVATE_GUARD', '1'), ('XDG_STATE_HOME', '/home/aaron/.local/state'), ('DBUS_SESSION_BUS_ADDRESS', 'unix:path=/run/user/1000/bus'), ('COLORTERM', 'truecolor'), ('container', 'docker'), ('PICO_TOOLCHAIN_PATH', '/usr/bin'), ('WAYLAND_DISPLAY', 'wayland-0'), ('COLCON_PREFIX_PATH', '/home/aaron/abstain-rover/ros2_ws/src/abstain_pkg/install:/home/aaron/abstain-rover/ros2_ws/install'), ('XKB_DEFAULT_LAYOUT', 'us'), ('ROS_DISTRO', 'humble'), ('LOGNAME', 'aaron'), ('MANAGERPIDFDID', '1191'), ('JOURNAL_STREAM', '9:25820'), ('_', '/usr/bin/colcon'), ('ROS_VERSION', '2'), ('MEMORY_PRESSURE_WATCH', '/sys/fs/cgroup/user.slice/user-1000.slice/user@1000.service/session.slice/plasma-plasmashell.service/memory.pressure'), ('XDG_SESSION_CLASS', 'user'), ('TERMINFO_DIRS', '/usr/share/terminfo:/run/host/usr/share/terminfo'), ('TERM', 'xterm-256color'), ('XDG_SESSION_ID', '2'), ('ROS_LOCALHOST_ONLY', '0'), ('GTK2_RC_FILES', '/etc/gtk-2.0/gtkrc:/home/aaron/.gtkrc-2.0:/home/aaron/.config/gtkrc-2.0'), ('PATH', '/opt/ros/humble/bin:/usr/local/sbin:/usr/local/bin:/usr/bin:/var/lib/flatpak/exports/bin:/usr/lib/jvm/default/bin:/usr/bin/site_perl:/usr/bin/vendor_perl:/usr/bin/core_perl:/usr/lib/rustup/bin:/usr/local/sbin:/usr/local/bin:/usr/sbin:/usr/bin:/sbin:/bin:/usr/sbin:/sbin:/bin'), ('SESSION_MANAGER', 'local/endeavour:@/tmp/.ICE-unix/1461,unix/endeavour:/tmp/.ICE-unix/1461'), ('INVOCATION_ID', '1fc6047d5b1849e5ab7dd0e1f42e2e36'), ('XDG_SESSION_PATH', '/org/freedesktop/DisplayManager/Session1'), ('XDG_MENU_PREFIX', 'plasma-'), ('LC_ADDRESS', 'en_US.UTF-8'), ('XDG_RUNTIME_DIR', '/run/user/1000'), ('GDK_BACKEND', 'x11'), ('ICEAUTHORITY', '/run/user/1000/iceauth_VsidWY'), ('DISPLAY', ':1'), ('LANG', 'en_US.UTF-8'), ('XDG_CURRENT_DESKTOP', 'KDE'), ('LC_TELEPHONE', 'en_US.UTF-8'), ('XDG_DATA_HOME', '/home/aaron/.local/share'), ('XDG_CONFIG_HOME', '/home/aaron/.config'), ('XDG_SESSION_DESKTOP', 'KDE'), ('XAUTHORITY', '/run/user/1000/xauth_hiElXI'), ('VSCODE_GIT_IPC_HANDLE', '/run/user/1000/vscode-git-4b453adc43.sock'), ('TERM_PROGRAM', 'vscode'), ('AMENT_PREFIX_PATH', '/home/aaron/abstain-rover/ros2_ws/src/abstain_pkg/install/abstain_pkg:/home/aaron/abstain-rover/ros2_ws/install/launch_testing_examples:/home/aaron/abstain-rover/ros2_ws/install/examples_rclpy_pointcloud_publisher:/home/aaron/abstain-rover/ros2_ws/install/examples_rclpy_minimal_subscriber:/home/aaron/abstain-rover/ros2_ws/install/examples_rclpy_minimal_service:/home/aaron/abstain-rover/ros2_ws/install/examples_rclpy_minimal_publisher:/home/aaron/abstain-rover/ros2_ws/install/examples_rclpy_minimal_client:/home/aaron/abstain-rover/ros2_ws/install/examples_rclpy_minimal_action_server:/home/aaron/abstain-rover/ros2_ws/install/examples_rclpy_minimal_action_client:/home/aaron/abstain-rover/ros2_ws/install/examples_rclpy_guard_conditions:/home/aaron/abstain-rover/ros2_ws/install/examples_rclpy_executors:/home/aaron/abstain-rover/ros2_ws/install/examples_rclcpp_wait_set:/home/aaron/abstain-rover/ros2_ws/install/examples_rclcpp_multithreaded_executor:/home/aaron/abstain-rover/ros2_ws/install/examples_rclcpp_minimal_timer:/home/aaron/abstain-rover/ros2_ws/install/examples_rclcpp_minimal_subscriber:/home/aaron/abstain-rover/ros2_ws/install/examples_rclcpp_minimal_service:/home/aaron/abstain-rover/ros2_ws/install/examples_rclcpp_minimal_publisher:/home/aaron/abstain-rover/ros2_ws/install/examples_rclcpp_minimal_composition:/home/aaron/abstain-rover/ros2_ws/install/examples_rclcpp_minimal_client:/home/aaron/abstain-rover/ros2_ws/install/examples_rclcpp_minimal_action_server:/home/aaron/abstain-rover/ros2_ws/install/examples_rclcpp_minimal_action_client:/home/aaron/abstain-rover/ros2_ws/install/examples_rclcpp_cbg_executor:/home/aaron/abstain-rover/ros2_ws/install/examples_rclcpp_async_client:/home/aaron/abstain-rover/ros2_ws/install/abstain_pkg:/opt/ros/humble'), ('ORIGINAL_XDG_CURRENT_DESKTOP', 'KDE'), ('SHELL', '/usr/bin/bash'), ('LC_NAME', 'en_US.UTF-8'), ('NO_AT_BRIDGE', '1'), ('LC_MEASUREMENT', 'en_US.UTF-8'), ('LC_IDENTIFICATION', 'en_US.UTF-8'), ('VSCODE_GIT_ASKPASS_EXTRA_ARGS', ''), ('PWD', '/home/aaron/abstain-rover/build/abstain_pkg'), ('CONTAINER_ID', 'ubuntu2204'), ('XDG_CONFIG_DIRS', '/home/aaron/.config/kdedefaults:/etc/xdg'), ('PICO_SDK_PATH', '/home/aaron/pico-sdk'), ('XDG_DATA_DIRS', '/home/aaron/.local/share/flatpak/exports/share:/var/lib/flatpak/exports/share:/usr/local/share:/usr/share'), ('PYTHONPATH', '/home/aaron/abstain-rover/ros2_ws/build/launch_testing_examples:/home/aaron/abstain-rover/ros2_ws/install/launch_testing_examples/lib/python3.10/site-packages:/home/aaron/abstain-rover/ros2_ws/build/examples_rclpy_pointcloud_publisher:/home/aaron/abstain-rover/ros2_ws/install/examples_rclpy_pointcloud_publisher/lib/python3.10/site-packages:/home/aaron/abstain-rover/ros2_ws/build/examples_rclpy_minimal_subscriber:/home/aaron/abstain-rover/ros2_ws/install/examples_rclpy_minimal_subscriber/lib/python3.10/site-packages:/home/aaron/abstain-rover/ros2_ws/build/examples_rclpy_minimal_service:/home/aaron/abstain-rover/ros2_ws/install/examples_rclpy_minimal_service/lib/python3.10/site-packages:/home/aaron/abstain-rover/ros2_ws/build/examples_rclpy_minimal_publisher:/home/aaron/abstain-rover/ros2_ws/install/examples_rclpy_minimal_publisher/lib/python3.10/site-packages:/home/aaron/abstain-rover/ros2_ws/build/examples_rclpy_minimal_client:/home/aaron/abstain-rover/ros2_ws/install/examples_rclpy_minimal_client/lib/python3.10/site-packages:/home/aaron/abstain-rover/ros2_ws/build/examples_rclpy_minimal_action_server:/home/aaron/abstain-rover/ros2_ws/install/examples_rclpy_minimal_action_server/lib/python3.10/site-packages:/home/aaron/abstain-rover/ros2_ws/build/examples_rclpy_minimal_action_client:/home/aaron/abstain-rover/ros2_ws/install/examples_rclpy_minimal_action_client/lib/python3.10/site-packages:/home/aaron/abstain-rover/ros2_ws/build/examples_rclpy_guard_conditions:/home/aaron/abstain-rover/ros2_ws/install/examples_rclpy_guard_conditions/lib/python3.10/site-packages:/home/aaron/abstain-rover/ros2_ws/build/examples_rclpy_executors:/home/aaron/abstain-rover/ros2_ws/install/examples_rclpy_executors/lib/python3.10/site-packages:/opt/ros/humble/lib/python3.10/site-packages:/opt/ros/humble/local/lib/python3.10/dist-packages'), ('LC_NUMERIC', 'en_US.UTF-8'), ('LC_PAPER', 'en_US.UTF-8'), ('KDE_SESSION_UID', '1000'), ('COLCON', '1'), ('MEMORY_PRESSURE_WRITE', 'c29tZSAyMDAwMDAgMjAwMDAwMAA='), ('EDITOR', 'nano'), ('CMAKE_PREFIX_PATH', '/home/aaron/abstain-rover/ros2_ws/src/abstain_pkg/install/abstain_pkg:/home/aaron/abstain-rover/ros2_ws/install/examples_rclcpp_wait_set:/home/aaron/abstain-rover/ros2_ws/install/examples_rclcpp_multithreaded_executor:/home/aaron/abstain-rover/ros2_ws/install/examples_rclcpp_minimal_timer:/home/aaron/abstain-rover/ros2_ws/install/examples_rclcpp_minimal_subscriber:/home/aaron/abstain-rover/ros2_ws/install/examples_rclcpp_minimal_service:/home/aaron/abstain-rover/ros2_ws/install/examples_rclcpp_minimal_publisher:/home/aaron/abstain-rover/ros2_ws/install/examples_rclcpp_minimal_composition:/home/aaron/abstain-rover/ros2_ws/install/examples_rclcpp_minimal_client:/home/aaron/abstain-rover/ros2_ws/install/examples_rclcpp_minimal_action_server:/home/aaron/abstain-rover/ros2_ws/install/examples_rclcpp_minimal_action_client:/home/aaron/abstain-rover/ros2_ws/install/examples_rclcpp_cbg_executor:/home/aaron/abstain-rover/ros2_ws/install/examples_rclcpp_async_client:/home/aaron/abstain-rover/ros2_ws/install/abstain_pkg:/home/aaron/abstain-rover/ros2_ws/install/launch_testing_examples:/home/aaron/abstain-rover/ros2_ws/install/examples_rclpy_pointcloud_publisher:/home/aaron/abstain-rover/ros2_ws/install/examples_rclpy_minimal_subscriber:/home/aaron/abstain-rover/ros2_ws/install/examples_rclpy_minimal_service:/home/aaron/abstain-rover/ros2_ws/install/examples_rclpy_minimal_publisher:/home/aaron/abstain-rover/ros2_ws/install/examples_rclpy_minimal_client:/home/aaron/abstain-rover/ros2_ws/install/examples_rclpy_minimal_action_server:/home/aaron/abstain-rover/ros2_ws/install/examples_rclpy_minimal_action_client:/home/aaron/abstain-rover/ros2_ws/install/examples_rclpy_guard_conditions:/home/aaron/abstain-rover/ros2_ws/install/examples_rclpy_executors:/opt/ros/humble')]), 'shell': False}
[0.074135] (abstain_pkg) StdoutLine: {'line': b'-- The C compiler identification is GNU 11.4.0\n'}
[0.099362] (-) TimerEvent: {}
[0.131605] (abstain_pkg) StdoutLine: {'line': b'-- The CXX compiler identification is GNU 11.4.0\n'}
[0.139016] (abstain_pkg) StdoutLine: {'line': b'-- Detecting C compiler ABI info\n'}
[0.199535] (-) TimerEvent: {}
[0.233822] (abstain_pkg) StdoutLine: {'line': b'-- Detecting C compiler ABI info - done\n'}
[0.240179] (abstain_pkg) StdoutLine: {'line': b'-- Check for working C compiler: /usr/bin/cc - skipped\n'}
[0.240534] (abstain_pkg) StdoutLine: {'line': b'-- Detecting C compile features\n'}
[0.240760] (abstain_pkg) StdoutLine: {'line': b'-- Detecting C compile features - done\n'}
[0.243533] (abstain_pkg) StdoutLine: {'line': b'-- Detecting CXX compiler ABI info\n'}
[0.299650] (-) TimerEvent: {}
[0.335671] (abstain_pkg) StdoutLine: {'line': b'-- Detecting CXX compiler ABI info - done\n'}
[0.351759] (abstain_pkg) StdoutLine: {'line': b'-- Check for working CXX compiler: /usr/bin/c++ - skipped\n'}
[0.352443] (abstain_pkg) StdoutLine: {'line': b'-- Detecting CXX compile features\n'}
[0.353237] (abstain_pkg) StdoutLine: {'line': b'-- Detecting CXX compile features - done\n'}
[0.365292] (abstain_pkg) StdoutLine: {'line': b'-- Found ament_cmake: 1.3.12 (/opt/ros/humble/share/ament_cmake/cmake)\n'}
[0.399794] (-) TimerEvent: {}
[0.500206] (-) TimerEvent: {}
[0.549094] (abstain_pkg) StdoutLine: {'line': b'-- Found Python3: /usr/bin/python3 (found version "3.10.12") found components: Interpreter \n'}
[0.600431] (-) TimerEvent: {}
[0.680675] (abstain_pkg) StdoutLine: {'line': b'-- Found rclcpp: 16.0.15 (/opt/ros/humble/share/rclcpp/cmake)\n'}
[0.700566] (-) TimerEvent: {}
[0.747783] (abstain_pkg) StdoutLine: {'line': b'-- Found rosidl_generator_c: 3.1.7 (/opt/ros/humble/share/rosidl_generator_c/cmake)\n'}
[0.757002] (abstain_pkg) StdoutLine: {'line': b'-- Found rosidl_adapter: 3.1.7 (/opt/ros/humble/share/rosidl_adapter/cmake)\n'}
[0.769443] (abstain_pkg) StdoutLine: {'line': b'-- Found rosidl_generator_cpp: 3.1.7 (/opt/ros/humble/share/rosidl_generator_cpp/cmake)\n'}
[0.785593] (abstain_pkg) StdoutLine: {'line': b'-- Using all available rosidl_typesupport_c: rosidl_typesupport_fastrtps_c;rosidl_typesupport_introspection_c\n'}
[0.800738] (-) TimerEvent: {}
[0.807974] (abstain_pkg) StdoutLine: {'line': b'-- Using all available rosidl_typesupport_cpp: rosidl_typesupport_fastrtps_cpp;rosidl_typesupport_introspection_cpp\n'}
[0.873220] (abstain_pkg) StdoutLine: {'line': b'-- Found rmw_implementation_cmake: 6.1.2 (/opt/ros/humble/share/rmw_implementation_cmake/cmake)\n'}
[0.878678] (abstain_pkg) StdoutLine: {'line': b'-- Found rmw_fastrtps_cpp: 6.2.8 (/opt/ros/humble/share/rmw_fastrtps_cpp/cmake)\n'}
[0.900907] (-) TimerEvent: {}
[1.001272] (abstain_pkg) StdoutLine: {'line': b'-- Found OpenSSL: /usr/lib/x86_64-linux-gnu/libcrypto.so (found version "3.0.2")  \n'}
[1.001576] (-) TimerEvent: {}
[1.037603] (abstain_pkg) StdoutLine: {'line': b'-- Found FastRTPS: /opt/ros/humble/include  \n'}
[1.093819] (abstain_pkg) StdoutLine: {'line': b"-- Using RMW implementation 'rmw_fastrtps_cpp' as default\n"}
[1.101743] (-) TimerEvent: {}
[1.109195] (abstain_pkg) StdoutLine: {'line': b'-- Looking for pthread.h\n'}
[1.183971] (abstain_pkg) StdoutLine: {'line': b'-- Looking for pthread.h - found\n'}
[1.185255] (abstain_pkg) StdoutLine: {'line': b'-- Performing Test CMAKE_HAVE_LIBC_PTHREAD\n'}
[1.201904] (-) TimerEvent: {}
[1.271939] (abstain_pkg) StdoutLine: {'line': b'-- Performing Test CMAKE_HAVE_LIBC_PTHREAD - Success\n'}
[1.273898] (abstain_pkg) StdoutLine: {'line': b'-- Found Threads: TRUE  \n'}
[1.302042] (-) TimerEvent: {}
[1.337163] (abstain_pkg) StdoutLine: {'line': b'-- Found ament_lint_auto: 0.12.14 (/opt/ros/humble/share/ament_lint_auto/cmake)\n'}
[1.402184] (-) TimerEvent: {}
[1.449972] (abstain_pkg) StdoutLine: {'line': b"-- Added test 'cppcheck' to perform static code analysis on C / C++ code\n"}
[1.450328] (abstain_pkg) StdoutLine: {'line': b'-- Configured cppcheck include dirs: $<BUILD_INTERFACE:/home/aaron/abstain-rover/ros2_ws/src/abstain_pkg/include>\n'}
[1.450508] (abstain_pkg) StdoutLine: {'line': b'-- Configured cppcheck exclude dirs and/or files: \n'}
[1.452989] (abstain_pkg) StdoutLine: {'line': b"-- Added test 'flake8' to check Python code syntax and style conventions\n"}
[1.457387] (abstain_pkg) StdoutLine: {'line': b"-- Added test 'lint_cmake' to check CMake code style\n"}
[1.460129] (abstain_pkg) StdoutLine: {'line': b"-- Added test 'pep257' to check Python code against some of the docstring style conventions in PEP 257\n"}
[1.474836] (abstain_pkg) StdoutLine: {'line': b"-- Added test 'uncrustify' to check C / C++ code style\n"}
[1.475068] (abstain_pkg) StdoutLine: {'line': b'-- Configured uncrustify additional arguments: \n'}
[1.477459] (abstain_pkg) StdoutLine: {'line': b"-- Added test 'xmllint' to check XML markup files\n"}
[1.479819] (abstain_pkg) StdoutLine: {'line': b'-- Configuring done\n'}
[1.493620] (abstain_pkg) StdoutLine: {'line': b'-- Generating done\n'}
[1.498444] (abstain_pkg) StdoutLine: {'line': b'-- Build files have been written to: /home/aaron/abstain-rover/build/abstain_pkg\n'}
[1.502345] (-) TimerEvent: {}
[1.505878] (abstain_pkg) CommandEnded: {'returncode': 0}
[1.508170] (abstain_pkg) JobProgress: {'identifier': 'abstain_pkg', 'progress': 'build'}
[1.508223] (abstain_pkg) Command: {'cmd': ['/usr/bin/cmake', '--build', '/home/aaron/abstain-rover/build/abstain_pkg', '--', '-j16', '-l16'], 'cwd': '/home/aaron/abstain-rover/build/abstain_pkg', 'env': OrderedDict([('KDE_FULL_SESSION', 'true'), ('MAIL', '/var/spool/mail/aaron'), ('USER', 'aaron'), ('PAM_KWALLET5_LOGIN', '/run/user/1000/kwallet5.socket'), ('LC_TIME', 'en_US.UTF-8'), ('HOSTNAME', 'endeavour'), ('XDG_SESSION_TYPE', 'wayland'), ('GIT_ASKPASS', '/opt/visual-studio-code/resources/app/extensions/git/dist/askpass.sh'), ('XDG_CACHE_HOME', '/home/aaron/.cache'), ('QT_WAYLAND_RECONNECT', '1'), ('SHLVL', '5'), ('LD_LIBRARY_PATH', '/home/aaron/abstain-rover/ros2_ws/install/examples_rclcpp_wait_set/lib:/home/aaron/abstain-rover/ros2_ws/install/examples_rclcpp_minimal_subscriber/lib:/home/aaron/abstain-rover/ros2_ws/install/examples_rclcpp_minimal_composition/lib:/opt/ros/humble/opt/rviz_ogre_vendor/lib:/opt/ros/humble/lib/x86_64-linux-gnu:/opt/ros/humble/lib'), ('BROWSER', 'firefox'), ('MOTD_SHOWN', 'pam'), ('HOME', '/home/aaron'), ('CHROME_DESKTOP', 'code.desktop'), ('KDE_APPLICATIONS_AS_SCOPE', '1'), ('OLDPWD', '/home/aaron/abstain-rover/ros2_ws'), ('TERM_PROGRAM_VERSION', '1.105.0'), ('DESKTOP_SESSION', 'plasma'), ('ROS_PYTHON_VERSION', '3'), ('GTK_RC_FILES', '/etc/gtk/gtkrc:/home/aaron/.gtkrc:/home/aaron/.config/gtkrc'), ('KDE_SESSION_VERSION', '6'), ('VSCODE_GIT_ASKPASS_MAIN', '/opt/visual-studio-code/resources/app/extensions/git/dist/askpass-main.js'), ('PS1', '[\\u@\\h \\W]\\$'), ('LC_MONETARY', 'en_US.UTF-8'), ('VSCODE_GIT_ASKPASS_NODE', '/opt/visual-studio-code/code'), ('MANAGERPID', '1190'), ('DISTROBOX_ENTER_PATH', '/usr/bin/distrobox-enter'), ('SYSTEMD_EXEC_PID', '1525'), ('VSCODE_PYTHON_AUTOACTIVATE_GUARD', '1'), ('XDG_STATE_HOME', '/home/aaron/.local/state'), ('DBUS_SESSION_BUS_ADDRESS', 'unix:path=/run/user/1000/bus'), ('COLORTERM', 'truecolor'), ('container', 'docker'), ('PICO_TOOLCHAIN_PATH', '/usr/bin'), ('WAYLAND_DISPLAY', 'wayland-0'), ('COLCON_PREFIX_PATH', '/home/aaron/abstain-rover/ros2_ws/src/abstain_pkg/install:/home/aaron/abstain-rover/ros2_ws/install'), ('XKB_DEFAULT_LAYOUT', 'us'), ('ROS_DISTRO', 'humble'), ('LOGNAME', 'aaron'), ('MANAGERPIDFDID', '1191'), ('JOURNAL_STREAM', '9:25820'), ('_', '/usr/bin/colcon'), ('ROS_VERSION', '2'), ('MEMORY_PRESSURE_WATCH', '/sys/fs/cgroup/user.slice/user-1000.slice/user@1000.service/session.slice/plasma-plasmashell.service/memory.pressure'), ('XDG_SESSION_CLASS', 'user'), ('TERMINFO_DIRS', '/usr/share/terminfo:/run/host/usr/share/terminfo'), ('TERM', 'xterm-256color'), ('XDG_SESSION_ID', '2'), ('ROS_LOCALHOST_ONLY', '0'), ('GTK2_RC_FILES', '/etc/gtk-2.0/gtkrc:/home/aaron/.gtkrc-2.0:/home/aaron/.config/gtkrc-2.0'), ('PATH', '/opt/ros/humble/bin:/usr/local/sbin:/usr/local/bin:/usr/bin:/var/lib/flatpak/exports/bin:/usr/lib/jvm/default/bin:/usr/bin/site_perl:/usr/bin/vendor_perl:/usr/bin/core_perl:/usr/lib/rustup/bin:/usr/local/sbin:/usr/local/bin:/usr/sbin:/usr/bin:/sbin:/bin:/usr/sbin:/sbin:/bin'), ('SESSION_MANAGER', 'local/endeavour:@/tmp/.ICE-unix/1461,unix/endeavour:/tmp/.ICE-unix/1461'), ('INVOCATION_ID', '1fc6047d5b1849e5ab7dd0e1f42e2e36'), ('XDG_SESSION_PATH', '/org/freedesktop/DisplayManager/Session1'), ('XDG_MENU_PREFIX', 'plasma-'), ('LC_ADDRESS', 'en_US.UTF-8'), ('XDG_RUNTIME_DIR', '/run/user/1000'), ('GDK_BACKEND', 'x11'), ('ICEAUTHORITY', '/run/user/1000/iceauth_VsidWY'), ('DISPLAY', ':1'), ('LANG', 'en_US.UTF-8'), ('XDG_CURRENT_DESKTOP', 'KDE'), ('LC_TELEPHONE', 'en_US.UTF-8'), ('XDG_DATA_HOME', '/home/aaron/.local/share'), ('XDG_CONFIG_HOME', '/home/aaron/.config'), ('XDG_SESSION_DESKTOP', 'KDE'), ('XAUTHORITY', '/run/user/1000/xauth_hiElXI'), ('VSCODE_GIT_IPC_HANDLE', '/run/user/1000/vscode-git-4b453adc43.sock'), ('TERM_PROGRAM', 'vscode'), ('AMENT_PREFIX_PATH', '/home/aaron/abstain-rover/ros2_ws/src/abstain_pkg/install/abstain_pkg:/home/aaron/abstain-rover/ros2_ws/install/launch_testing_examples:/home/aaron/abstain-rover/ros2_ws/install/examples_rclpy_pointcloud_publisher:/home/aaron/abstain-rover/ros2_ws/install/examples_rclpy_minimal_subscriber:/home/aaron/abstain-rover/ros2_ws/install/examples_rclpy_minimal_service:/home/aaron/abstain-rover/ros2_ws/install/examples_rclpy_minimal_publisher:/home/aaron/abstain-rover/ros2_ws/install/examples_rclpy_minimal_client:/home/aaron/abstain-rover/ros2_ws/install/examples_rclpy_minimal_action_server:/home/aaron/abstain-rover/ros2_ws/install/examples_rclpy_minimal_action_client:/home/aaron/abstain-rover/ros2_ws/install/examples_rclpy_guard_conditions:/home/aaron/abstain-rover/ros2_ws/install/examples_rclpy_executors:/home/aaron/abstain-rover/ros2_ws/install/examples_rclcpp_wait_set:/home/aaron/abstain-rover/ros2_ws/install/examples_rclcpp_multithreaded_executor:/home/aaron/abstain-rover/ros2_ws/install/examples_rclcpp_minimal_timer:/home/aaron/abstain-rover/ros2_ws/install/examples_rclcpp_minimal_subscriber:/home/aaron/abstain-rover/ros2_ws/install/examples_rclcpp_minimal_service:/home/aaron/abstain-rover/ros2_ws/install/examples_rclcpp_minimal_publisher:/home/aaron/abstain-rover/ros2_ws/install/examples_rclcpp_minimal_composition:/home/aaron/abstain-rover/ros2_ws/install/examples_rclcpp_minimal_client:/home/aaron/abstain-rover/ros2_ws/install/examples_rclcpp_minimal_action_server:/home/aaron/abstain-rover/ros2_ws/install/examples_rclcpp_minimal_action_client:/home/aaron/abstain-rover/ros2_ws/install/examples_rclcpp_cbg_executor:/home/aaron/abstain-rover/ros2_ws/install/examples_rclcpp_async_client:/home/aaron/abstain-rover/ros2_ws/install/abstain_pkg:/opt/ros/humble'), ('ORIGINAL_XDG_CURRENT_DESKTOP', 'KDE'), ('SHELL', '/usr/bin/bash'), ('LC_NAME', 'en_US.UTF-8'), ('NO_AT_BRIDGE', '1'), ('LC_MEASUREMENT', 'en_US.UTF-8'), ('LC_IDENTIFICATION', 'en_US.UTF-8'), ('VSCODE_GIT_ASKPASS_EXTRA_ARGS', ''), ('PWD', '/home/aaron/abstain-rover/build/abstain_pkg'), ('CONTAINER_ID', 'ubuntu2204'), ('XDG_CONFIG_DIRS', '/home/aaron/.config/kdedefaults:/etc/xdg'), ('PICO_SDK_PATH', '/home/aaron/pico-sdk'), ('XDG_DATA_DIRS', '/home/aaron/.local/share/flatpak/exports/share:/var/lib/flatpak/exports/share:/usr/local/share:/usr/share'), ('PYTHONPATH', '/home/aaron/abstain-rover/ros2_ws/build/launch_testing_examples:/home/aaron/abstain-rover/ros2_ws/install/launch_testing_examples/lib/python3.10/site-packages:/home/aaron/abstain-rover/ros2_ws/build/examples_rclpy_pointcloud_publisher:/home/aaron/abstain-rover/ros2_ws/install/examples_rclpy_pointcloud_publisher/lib/python3.10/site-packages:/home/aaron/abstain-rover/ros2_ws/build/examples_rclpy_minimal_subscriber:/home/aaron/abstain-rover/ros2_ws/install/examples_rclpy_minimal_subscriber/lib/python3.10/site-packages:/home/aaron/abstain-rover/ros2_ws/build/examples_rclpy_minimal_service:/home/aaron/abstain-rover/ros2_ws/install/examples_rclpy_minimal_service/lib/python3.10/site-packages:/home/aaron/abstain-rover/ros2_ws/build/examples_rclpy_minimal_publisher:/home/aaron/abstain-rover/ros2_ws/install/examples_rclpy_minimal_publisher/lib/python3.10/site-packages:/home/aaron/abstain-rover/ros2_ws/build/examples_rclpy_minimal_client:/home/aaron/abstain-rover/ros2_ws/install/examples_rclpy_minimal_client/lib/python3.10/site-packages:/home/aaron/abstain-rover/ros2_ws/build/examples_rclpy_minimal_action_server:/home/aaron/abstain-rover/ros2_ws/install/examples_rclpy_minimal_action_server/lib/python3.10/site-packages:/home/aaron/abstain-rover/ros2_ws/build/examples_rclpy_minimal_action_client:/home/aaron/abstain-rover/ros2_ws/install/examples_rclpy_minimal_action_client/lib/python3.10/site-packages:/home/aaron/abstain-rover/ros2_ws/build/examples_rclpy_guard_conditions:/home/aaron/abstain-rover/ros2_ws/install/examples_rclpy_guard_conditions/lib/python3.10/site-packages:/home/aaron/abstain-rover/ros2_ws/build/examples_rclpy_executors:/home/aaron/abstain-rover/ros2_ws/install/examples_rclpy_executors/lib/python3.10/site-packages:/opt/ros/humble/lib/python3.10/site-packages:/opt/ros/humble/local/lib/python3.10/dist-packages'), ('LC_NUMERIC', 'en_US.UTF-8'), ('LC_PAPER', 'en_US.UTF-8'), ('KDE_SESSION_UID', '1000'), ('COLCON', '1'), ('MEMORY_PRESSURE_WRITE', 'c29tZSAyMDAwMDAgMjAwMDAwMAA='), ('EDITOR', 'nano'), ('CMAKE_PREFIX_PATH', '/home/aaron/abstain-rover/ros2_ws/src/abstain_pkg/install/abstain_pkg:/home/aaron/abstain-rover/ros2_ws/install/examples_rclcpp_wait_set:/home/aaron/abstain-rover/ros2_ws/install/examples_rclcpp_multithreaded_executor:/home/aaron/abstain-rover/ros2_ws/install/examples_rclcpp_minimal_timer:/home/aaron/abstain-rover/ros2_ws/install/examples_rclcpp_minimal_subscriber:/home/aaron/abstain-rover/ros2_ws/install/examples_rclcpp_minimal_service:/home/aaron/abstain-rover/ros2_ws/install/examples_rclcpp_minimal_publisher:/home/aaron/abstain-rover/ros2_ws/install/examples_rclcpp_minimal_composition:/home/aaron/abstain-rover/ros2_ws/install/examples_rclcpp_minimal_client:/home/aaron/abstain-rover/ros2_ws/install/examples_rclcpp_minimal_action_server:/home/aaron/abstain-rover/ros2_ws/install/examples_rclcpp_minimal_action_client:/home/aaron/abstain-rover/ros2_ws/install/examples_rclcpp_cbg_executor:/home/aaron/abstain-rover/ros2_ws/install/examples_rclcpp_async_client:/home/aaron/abstain-rover/ros2_ws/install/abstain_pkg:/home/aaron/abstain-rover/ros2_ws/install/launch_testing_examples:/home/aaron/abstain-rover/ros2_ws/install/examples_rclpy_pointcloud_publisher:/home/aaron/abstain-rover/ros2_ws/install/examples_rclpy_minimal_subscriber:/home/aaron/abstain-rover/ros2_ws/install/examples_rclpy_minimal_service:/home/aaron/abstain-rover/ros2_ws/install/examples_rclpy_minimal_publisher:/home/aaron/abstain-rover/ros2_ws/install/examples_rclpy_minimal_client:/home/aaron/abstain-rover/ros2_ws/install/examples_rclpy_minimal_action_server:/home/aaron/abstain-rover/ros2_ws/install/examples_rclpy_minimal_action_client:/home/aaron/abstain-rover/ros2_ws/install/examples_rclpy_guard_conditions:/home/aaron/abstain-rover/ros2_ws/install/examples_rclpy_executors:/opt/ros/humble')]), 'shell': False}
[1.567154] (abstain_pkg) StdoutLine: {'line': b'[ 16%] \x1b[32mBuilding CXX object CMakeFiles/listener.dir/src/subscriber_member_function.cpp.o\x1b[0m\n'}
[1.569867] (abstain_pkg) StdoutLine: {'line': b'[ 33%] \x1b[32mBuilding CXX object CMakeFiles/gs_node.dir/src/gs_node.cpp.o\x1b[0m\n'}
[1.570244] (abstain_pkg) StdoutLine: {'line': b'[ 50%] \x1b[32mBuilding CXX object CMakeFiles/talker.dir/src/publisher_member_function.cpp.o\x1b[0m\n'}
[1.602467] (-) TimerEvent: {}
[1.605721] (abstain_pkg) StdoutLine: {'line': b'[ 66%] \x1b[32m\x1b[1mLinking CXX executable gs_node\x1b[0m\n'}
[1.659105] (abstain_pkg) StdoutLine: {'line': b'[ 66%] Built target gs_node\n'}
[1.702597] (-) TimerEvent: {}
[1.802949] (-) TimerEvent: {}
[1.903354] (-) TimerEvent: {}
[2.003721] (-) TimerEvent: {}
[2.104264] (-) TimerEvent: {}
[2.204624] (-) TimerEvent: {}
[2.305018] (-) TimerEvent: {}
[2.405409] (-) TimerEvent: {}
[2.505780] (-) TimerEvent: {}
[2.606174] (-) TimerEvent: {}
[2.706568] (-) TimerEvent: {}
[2.806949] (-) TimerEvent: {}
[2.907351] (-) TimerEvent: {}
[3.007669] (-) TimerEvent: {}
[3.108053] (-) TimerEvent: {}
[3.208477] (-) TimerEvent: {}
[3.308855] (-) TimerEvent: {}
[3.409200] (-) TimerEvent: {}
[3.509570] (-) TimerEvent: {}
[3.609947] (-) TimerEvent: {}
[3.710352] (-) TimerEvent: {}
[3.810726] (-) TimerEvent: {}
[3.911101] (-) TimerEvent: {}
[4.011796] (-) TimerEvent: {}
[4.112184] (-) TimerEvent: {}
[4.212556] (-) TimerEvent: {}
[4.312920] (-) TimerEvent: {}
[4.413309] (-) TimerEvent: {}
[4.513673] (-) TimerEvent: {}
[4.614035] (-) TimerEvent: {}
[4.714405] (-) TimerEvent: {}
[4.767973] (abstain_pkg) StdoutLine: {'line': b'[ 83%] \x1b[32m\x1b[1mLinking CXX executable talker\x1b[0m\n'}
[4.814541] (-) TimerEvent: {}
[4.914860] (-) TimerEvent: {}
[4.966009] (abstain_pkg) StdoutLine: {'line': b'[ 83%] Built target talker\n'}
[5.015022] (-) TimerEvent: {}
[5.115444] (-) TimerEvent: {}
[5.215821] (-) TimerEvent: {}
[5.316193] (-) TimerEvent: {}
[5.416565] (-) TimerEvent: {}
[5.516938] (-) TimerEvent: {}
[5.617332] (-) TimerEvent: {}
[5.717697] (-) TimerEvent: {}
[5.818077] (-) TimerEvent: {}
[5.918462] (-) TimerEvent: {}
[6.018827] (-) TimerEvent: {}
[6.119197] (-) TimerEvent: {}
[6.219563] (-) TimerEvent: {}
[6.319932] (-) TimerEvent: {}
[6.420333] (-) TimerEvent: {}
[6.520668] (-) TimerEvent: {}
[6.621027] (-) TimerEvent: {}
[6.721383] (-) TimerEvent: {}
[6.821742] (-) TimerEvent: {}
[6.922143] (-) TimerEvent: {}
[7.022509] (-) TimerEvent: {}
[7.122886] (-) TimerEvent: {}
[7.223301] (-) TimerEvent: {}
[7.323701] (-) TimerEvent: {}
[7.422545] (abstain_pkg) StdoutLine: {'line': b'[100%] \x1b[32m\x1b[1mLinking CXX executable listener\x1b[0m\n'}
[7.423793] (-) TimerEvent: {}
[7.524179] (-) TimerEvent: {}
[7.624800] (-) TimerEvent: {}
[7.725239] (-) TimerEvent: {}
[7.806807] (abstain_pkg) StdoutLine: {'line': b'[100%] Built target listener\n'}
[7.821718] (abstain_pkg) CommandEnded: {'returncode': 0}
[7.823014] (abstain_pkg) JobProgress: {'identifier': 'abstain_pkg', 'progress': 'install'}
[7.825303] (-) TimerEvent: {}
[7.841998] (abstain_pkg) Command: {'cmd': ['/usr/bin/cmake', '--install', '/home/aaron/abstain-rover/build/abstain_pkg'], 'cwd': '/home/aaron/abstain-rover/build/abstain_pkg', 'env': OrderedDict([('KDE_FULL_SESSION', 'true'), ('MAIL', '/var/spool/mail/aaron'), ('USER', 'aaron'), ('PAM_KWALLET5_LOGIN', '/run/user/1000/kwallet5.socket'), ('LC_TIME', 'en_US.UTF-8'), ('HOSTNAME', 'endeavour'), ('XDG_SESSION_TYPE', 'wayland'), ('GIT_ASKPASS', '/opt/visual-studio-code/resources/app/extensions/git/dist/askpass.sh'), ('XDG_CACHE_HOME', '/home/aaron/.cache'), ('QT_WAYLAND_RECONNECT', '1'), ('SHLVL', '5'), ('LD_LIBRARY_PATH', '/home/aaron/abstain-rover/ros2_ws/install/examples_rclcpp_wait_set/lib:/home/aaron/abstain-rover/ros2_ws/install/examples_rclcpp_minimal_subscriber/lib:/home/aaron/abstain-rover/ros2_ws/install/examples_rclcpp_minimal_composition/lib:/opt/ros/humble/opt/rviz_ogre_vendor/lib:/opt/ros/humble/lib/x86_64-linux-gnu:/opt/ros/humble/lib'), ('BROWSER', 'firefox'), ('MOTD_SHOWN', 'pam'), ('HOME', '/home/aaron'), ('CHROME_DESKTOP', 'code.desktop'), ('KDE_APPLICATIONS_AS_SCOPE', '1'), ('OLDPWD', '/home/aaron/abstain-rover/ros2_ws'), ('TERM_PROGRAM_VERSION', '1.105.0'), ('DESKTOP_SESSION', 'plasma'), ('ROS_PYTHON_VERSION', '3'), ('GTK_RC_FILES', '/etc/gtk/gtkrc:/home/aaron/.gtkrc:/home/aaron/.config/gtkrc'), ('KDE_SESSION_VERSION', '6'), ('VSCODE_GIT_ASKPASS_MAIN', '/opt/visual-studio-code/resources/app/extensions/git/dist/askpass-main.js'), ('PS1', '[\\u@\\h \\W]\\$'), ('LC_MONETARY', 'en_US.UTF-8'), ('VSCODE_GIT_ASKPASS_NODE', '/opt/visual-studio-code/code'), ('MANAGERPID', '1190'), ('DISTROBOX_ENTER_PATH', '/usr/bin/distrobox-enter'), ('SYSTEMD_EXEC_PID', '1525'), ('VSCODE_PYTHON_AUTOACTIVATE_GUARD', '1'), ('XDG_STATE_HOME', '/home/aaron/.local/state'), ('DBUS_SESSION_BUS_ADDRESS', 'unix:path=/run/user/1000/bus'), ('COLORTERM', 'truecolor'), ('container', 'docker'), ('PICO_TOOLCHAIN_PATH', '/usr/bin'), ('WAYLAND_DISPLAY', 'wayland-0'), ('COLCON_PREFIX_PATH', '/home/aaron/abstain-rover/ros2_ws/src/abstain_pkg/install:/home/aaron/abstain-rover/ros2_ws/install'), ('XKB_DEFAULT_LAYOUT', 'us'), ('ROS_DISTRO', 'humble'), ('LOGNAME', 'aaron'), ('MANAGERPIDFDID', '1191'), ('JOURNAL_STREAM', '9:25820'), ('_', '/usr/bin/colcon'), ('ROS_VERSION', '2'), ('MEMORY_PRESSURE_WATCH', '/sys/fs/cgroup/user.slice/user-1000.slice/user@1000.service/session.slice/plasma-plasmashell.service/memory.pressure'), ('XDG_SESSION_CLASS', 'user'), ('TERMINFO_DIRS', '/usr/share/terminfo:/run/host/usr/share/terminfo'), ('TERM', 'xterm-256color'), ('XDG_SESSION_ID', '2'), ('ROS_LOCALHOST_ONLY', '0'), ('GTK2_RC_FILES', '/etc/gtk-2.0/gtkrc:/home/aaron/.gtkrc-2.0:/home/aaron/.config/gtkrc-2.0'), ('PATH', '/opt/ros/humble/bin:/usr/local/sbin:/usr/local/bin:/usr/bin:/var/lib/flatpak/exports/bin:/usr/lib/jvm/default/bin:/usr/bin/site_perl:/usr/bin/vendor_perl:/usr/bin/core_perl:/usr/lib/rustup/bin:/usr/local/sbin:/usr/local/bin:/usr/sbin:/usr/bin:/sbin:/bin:/usr/sbin:/sbin:/bin'), ('SESSION_MANAGER', 'local/endeavour:@/tmp/.ICE-unix/1461,unix/endeavour:/tmp/.ICE-unix/1461'), ('INVOCATION_ID', '1fc6047d5b1849e5ab7dd0e1f42e2e36'), ('XDG_SESSION_PATH', '/org/freedesktop/DisplayManager/Session1'), ('XDG_MENU_PREFIX', 'plasma-'), ('LC_ADDRESS', 'en_US.UTF-8'), ('XDG_RUNTIME_DIR', '/run/user/1000'), ('GDK_BACKEND', 'x11'), ('ICEAUTHORITY', '/run/user/1000/iceauth_VsidWY'), ('DISPLAY', ':1'), ('LANG', 'en_US.UTF-8'), ('XDG_CURRENT_DESKTOP', 'KDE'), ('LC_TELEPHONE', 'en_US.UTF-8'), ('XDG_DATA_HOME', '/home/aaron/.local/share'), ('XDG_CONFIG_HOME', '/home/aaron/.config'), ('XDG_SESSION_DESKTOP', 'KDE'), ('XAUTHORITY', '/run/user/1000/xauth_hiElXI'), ('VSCODE_GIT_IPC_HANDLE', '/run/user/1000/vscode-git-4b453adc43.sock'), ('TERM_PROGRAM', 'vscode'), ('AMENT_PREFIX_PATH', '/home/aaron/abstain-rover/ros2_ws/src/abstain_pkg/install/abstain_pkg:/home/aaron/abstain-rover/ros2_ws/install/launch_testing_examples:/home/aaron/abstain-rover/ros2_ws/install/examples_rclpy_pointcloud_publisher:/home/aaron/abstain-rover/ros2_ws/install/examples_rclpy_minimal_subscriber:/home/aaron/abstain-rover/ros2_ws/install/examples_rclpy_minimal_service:/home/aaron/abstain-rover/ros2_ws/install/examples_rclpy_minimal_publisher:/home/aaron/abstain-rover/ros2_ws/install/examples_rclpy_minimal_client:/home/aaron/abstain-rover/ros2_ws/install/examples_rclpy_minimal_action_server:/home/aaron/abstain-rover/ros2_ws/install/examples_rclpy_minimal_action_client:/home/aaron/abstain-rover/ros2_ws/install/examples_rclpy_guard_conditions:/home/aaron/abstain-rover/ros2_ws/install/examples_rclpy_executors:/home/aaron/abstain-rover/ros2_ws/install/examples_rclcpp_wait_set:/home/aaron/abstain-rover/ros2_ws/install/examples_rclcpp_multithreaded_executor:/home/aaron/abstain-rover/ros2_ws/install/examples_rclcpp_minimal_timer:/home/aaron/abstain-rover/ros2_ws/install/examples_rclcpp_minimal_subscriber:/home/aaron/abstain-rover/ros2_ws/install/examples_rclcpp_minimal_service:/home/aaron/abstain-rover/ros2_ws/install/examples_rclcpp_minimal_publisher:/home/aaron/abstain-rover/ros2_ws/install/examples_rclcpp_minimal_composition:/home/aaron/abstain-rover/ros2_ws/install/examples_rclcpp_minimal_client:/home/aaron/abstain-rover/ros2_ws/install/examples_rclcpp_minimal_action_server:/home/aaron/abstain-rover/ros2_ws/install/examples_rclcpp_minimal_action_client:/home/aaron/abstain-rover/ros2_ws/install/examples_rclcpp_cbg_executor:/home/aaron/abstain-rover/ros2_ws/install/examples_rclcpp_async_client:/home/aaron/abstain-rover/ros2_ws/install/abstain_pkg:/opt/ros/humble'), ('ORIGINAL_XDG_CURRENT_DESKTOP', 'KDE'), ('SHELL', '/usr/bin/bash'), ('LC_NAME', 'en_US.UTF-8'), ('NO_AT_BRIDGE', '1'), ('LC_MEASUREMENT', 'en_US.UTF-8'), ('LC_IDENTIFICATION', 'en_US.UTF-8'), ('VSCODE_GIT_ASKPASS_EXTRA_ARGS', ''), ('PWD', '/home/aaron/abstain-rover/build/abstain_pkg'), ('CONTAINER_ID', 'ubuntu2204'), ('XDG_CONFIG_DIRS', '/home/aaron/.config/kdedefaults:/etc/xdg'), ('PICO_SDK_PATH', '/home/aaron/pico-sdk'), ('XDG_DATA_DIRS', '/home/aaron/.local/share/flatpak/exports/share:/var/lib/flatpak/exports/share:/usr/local/share:/usr/share'), ('PYTHONPATH', '/home/aaron/abstain-rover/ros2_ws/build/launch_testing_examples:/home/aaron/abstain-rover/ros2_ws/install/launch_testing_examples/lib/python3.10/site-packages:/home/aaron/abstain-rover/ros2_ws/build/examples_rclpy_pointcloud_publisher:/home/aaron/abstain-rover/ros2_ws/install/examples_rclpy_pointcloud_publisher/lib/python3.10/site-packages:/home/aaron/abstain-rover/ros2_ws/build/examples_rclpy_minimal_subscriber:/home/aaron/abstain-rover/ros2_ws/install/examples_rclpy_minimal_subscriber/lib/python3.10/site-packages:/home/aaron/abstain-rover/ros2_ws/build/examples_rclpy_minimal_service:/home/aaron/abstain-rover/ros2_ws/install/examples_rclpy_minimal_service/lib/python3.10/site-packages:/home/aaron/abstain-rover/ros2_ws/build/examples_rclpy_minimal_publisher:/home/aaron/abstain-rover/ros2_ws/install/examples_rclpy_minimal_publisher/lib/python3.10/site-packages:/home/aaron/abstain-rover/ros2_ws/build/examples_rclpy_minimal_client:/home/aaron/abstain-rover/ros2_ws/install/examples_rclpy_minimal_client/lib/python3.10/site-packages:/home/aaron/abstain-rover/ros2_ws/build/examples_rclpy_minimal_action_server:/home/aaron/abstain-rover/ros2_ws/install/examples_rclpy_minimal_action_server/lib/python3.10/site-packages:/home/aaron/abstain-rover/ros2_ws/build/examples_rclpy_minimal_action_client:/home/aaron/abstain-rover/ros2_ws/install/examples_rclpy_minimal_action_client/lib/python3.10/site-packages:/home/aaron/abstain-rover/ros2_ws/build/examples_rclpy_guard_conditions:/home/aaron/abstain-rover/ros2_ws/install/examples_rclpy_guard_conditions/lib/python3.10/site-packages:/home/aaron/abstain-rover/ros2_ws/build/examples_rclpy_executors:/home/aaron/abstain-rover/ros2_ws/install/examples_rclpy_executors/lib/python3.10/site-packages:/opt/ros/humble/lib/python3.10/site-packages:/opt/ros/humble/local/lib/python3.10/dist-packages'), ('LC_NUMERIC', 'en_US.UTF-8'), ('LC_PAPER', 'en_US.UTF-8'), ('KDE_SESSION_UID', '1000'), ('COLCON', '1'), ('MEMORY_PRESSURE_WRITE', 'c29tZSAyMDAwMDAgMjAwMDAwMAA='), ('EDITOR', 'nano'), ('CMAKE_PREFIX_PATH', '/home/aaron/abstain-rover/ros2_ws/src/abstain_pkg/install/abstain_pkg:/home/aaron/abstain-rover/ros2_ws/install/examples_rclcpp_wait_set:/home/aaron/abstain-rover/ros2_ws/install/examples_rclcpp_multithreaded_executor:/home/aaron/abstain-rover/ros2_ws/install/examples_rclcpp_minimal_timer:/home/aaron/abstain-rover/ros2_ws/install/examples_rclcpp_minimal_subscriber:/home/aaron/abstain-rover/ros2_ws/install/examples_rclcpp_minimal_service:/home/aaron/abstain-rover/ros2_ws/install/examples_rclcpp_minimal_publisher:/home/aaron/abstain-rover/ros2_ws/install/examples_rclcpp_minimal_composition:/home/aaron/abstain-rover/ros2_ws/install/examples_rclcpp_minimal_client:/home/aaron/abstain-rover/ros2_ws/install/examples_rclcpp_minimal_action_server:/home/aaron/abstain-rover/ros2_ws/install/examples_rclcpp_minimal_action_client:/home/aaron/abstain-rover/ros2_ws/install/examples_rclcpp_cbg_executor:/home/aaron/abstain-rover/ros2_ws/install/examples_rclcpp_async_client:/home/aaron/abstain-rover/ros2_ws/install/abstain_pkg:/home/aaron/abstain-rover/ros2_ws/install/launch_testing_examples:/home/aaron/abstain-rover/ros2_ws/install/examples_rclpy_pointcloud_publisher:/home/aaron/abstain-rover/ros2_ws/install/examples_rclpy_minimal_subscriber:/home/aaron/abstain-rover/ros2_ws/install/examples_rclpy_minimal_service:/home/aaron/abstain-rover/ros2_ws/install/examples_rclpy_minimal_publisher:/home/aaron/abstain-rover/ros2_ws/install/examples_rclpy_minimal_client:/home/aaron/abstain-rover/ros2_ws/install/examples_rclpy_minimal_action_server:/home/aaron/abstain-rover/ros2_ws/install/examples_rclpy_minimal_action_client:/home/aaron/abstain-rover/ros2_ws/install/examples_rclpy_guard_conditions:/home/aaron/abstain-rover/ros2_ws/install/examples_rclpy_executors:/opt/ros/humble')]), 'shell': False}
[7.848989] (abstain_pkg) StdoutLine: {'line': b'-- Install configuration: ""\n'}
[7.849218] (abstain_pkg) StdoutLine: {'line': b'-- Installing: /home/aaron/abstain-rover/install/abstain_pkg/lib/abstain_pkg/talker\n'}
[7.859510] (abstain_pkg) StdoutLine: {'line': b'-- Set runtime path of "/home/aaron/abstain-rover/install/abstain_pkg/lib/abstain_pkg/talker" to ""\n'}
[7.859661] (abstain_pkg) StdoutLine: {'line': b'-- Installing: /home/aaron/abstain-rover/install/abstain_pkg/lib/abstain_pkg/listener\n'}
[7.864650] (abstain_pkg) StdoutLine: {'line': b'-- Set runtime path of "/home/aaron/abstain-rover/install/abstain_pkg/lib/abstain_pkg/listener" to ""\n'}
[7.864991] (abstain_pkg) StdoutLine: {'line': b'-- Installing: /home/aaron/abstain-rover/install/abstain_pkg/lib/abstain_pkg/gs_node\n'}
[7.865147] (abstain_pkg) StdoutLine: {'line': b'-- Installing: /home/aaron/abstain-rover/install/abstain_pkg/share/ament_index/resource_index/package_run_dependencies/abstain_pkg\n'}
[7.865256] (abstain_pkg) StdoutLine: {'line': b'-- Installing: /home/aaron/abstain-rover/install/abstain_pkg/share/ament_index/resource_index/parent_prefix_path/abstain_pkg\n'}
[7.865483] (abstain_pkg) StdoutLine: {'line': b'-- Installing: /home/aaron/abstain-rover/install/abstain_pkg/share/abstain_pkg/environment/ament_prefix_path.sh\n'}
[7.865687] (abstain_pkg) StdoutLine: {'line': b'-- Installing: /home/aaron/abstain-rover/install/abstain_pkg/share/abstain_pkg/environment/ament_prefix_path.dsv\n'}
[7.865854] (abstain_pkg) StdoutLine: {'line': b'-- Installing: /home/aaron/abstain-rover/install/abstain_pkg/share/abstain_pkg/environment/path.sh\n'}
[7.866034] (abstain_pkg) StdoutLine: {'line': b'-- Installing: /home/aaron/abstain-rover/install/abstain_pkg/share/abstain_pkg/environment/path.dsv\n'}
[7.866206] (abstain_pkg) StdoutLine: {'line': b'-- Installing: /home/aaron/abstain-rover/install/abstain_pkg/share/abstain_pkg/local_setup.bash\n'}
[7.866325] (abstain_pkg) StdoutLine: {'line': b'-- Installing: /home/aaron/abstain-rover/install/abstain_pkg/share/abstain_pkg/local_setup.sh\n'}
[7.866429] (abstain_pkg) StdoutLine: {'line': b'-- Installing: /home/aaron/abstain-rover/install/abstain_pkg/share/abstain_pkg/local_setup.zsh\n'}
[7.866558] (abstain_pkg) StdoutLine: {'line': b'-- Installing: /home/aaron/abstain-rover/install/abstain_pkg/share/abstain_pkg/local_setup.dsv\n'}
[7.866720] (abstain_pkg) StdoutLine: {'line': b'-- Installing: /home/aaron/abstain-rover/install/abstain_pkg/share/abstain_pkg/package.dsv\n'}
[7.866918] (abstain_pkg) StdoutLine: {'line': b'-- Installing: /home/aaron/abstain-rover/install/abstain_pkg/share/ament_index/resource_index/packages/abstain_pkg\n'}
[7.867057] (abstain_pkg) StdoutLine: {'line': b'-- Installing: /home/aaron/abstain-rover/install/abstain_pkg/share/abstain_pkg/cmake/abstain_pkgConfig.cmake\n'}
[7.867201] (abstain_pkg) StdoutLine: {'line': b'-- Installing: /home/aaron/abstain-rover/install/abstain_pkg/share/abstain_pkg/cmake/abstain_pkgConfig-version.cmake\n'}
[7.867325] (abstain_pkg) StdoutLine: {'line': b'-- Installing: /home/aaron/abstain-rover/install/abstain_pkg/share/abstain_pkg/package.xml\n'}
[7.869867] (abstain_pkg) CommandEnded: {'returncode': 0}
[7.900183] (abstain_pkg) JobEnded: {'identifier': 'abstain_pkg', 'rc': 0}
[7.901363] (-) EventReactorShutdown: {}
