[0.104s] DEBUG:colcon:Command line arguments: ['/usr/bin/colcon', 'build']
[0.105s] DEBUG:colcon:Parsed command line arguments: Namespace(log_base=None, log_level=None, verb_name='build', build_base='build', install_base='install', merge_install=False, symlink_install=False, test_result_base=None, continue_on_error=False, executor='parallel', parallel_workers=16, event_handlers=None, ignore_user_meta=False, metas=['./colcon.meta'], base_paths=['.'], packages_ignore=None, packages_ignore_regex=None, paths=None, packages_up_to=None, packages_up_to_regex=None, packages_above=None, packages_above_and_dependencies=None, packages_above_depth=None, packages_select_by_dep=None, packages_skip_by_dep=None, packages_skip_up_to=None, packages_select_build_failed=False, packages_skip_build_finished=False, packages_select_test_failures=False, packages_skip_test_passed=False, packages_select=None, packages_skip=None, packages_select_regex=None, packages_skip_regex=None, packages_start=None, packages_end=None, allow_overriding=[], cmake_args=None, cmake_target=None, cmake_target_skip_unavailable=False, cmake_clean_cache=False, cmake_clean_first=False, cmake_force_configure=False, ament_cmake_args=None, catkin_cmake_args=None, catkin_skip_building_tests=False, mixin_files=None, mixin=None, verb_parser=<colcon_mixin.mixin.mixin_argument.MixinArgumentDecorator object at 0x7f6a235b4490>, verb_extension=<colcon_core.verb.build.BuildVerb object at 0x7f6a23719390>, main=<bound method BuildVerb.main of <colcon_core.verb.build.BuildVerb object at 0x7f6a23719390>>, mixin_verb=('build',))
[0.239s] Level 1:colcon.colcon_core.package_discovery:discover_packages(colcon_meta) check parameters
[0.239s] Level 1:colcon.colcon_core.package_discovery:discover_packages(recursive) check parameters
[0.239s] Level 1:colcon.colcon_core.package_discovery:discover_packages(ignore) check parameters
[0.239s] Level 1:colcon.colcon_core.package_discovery:discover_packages(path) check parameters
[0.239s] Level 1:colcon.colcon_core.package_discovery:discover_packages(colcon_meta) discover
[0.239s] Level 1:colcon.colcon_core.package_discovery:discover_packages(recursive) discover
[0.239s] INFO:colcon.colcon_core.package_discovery:Crawling recursively for packages in '/home/aaron/abstain-rover'
[0.239s] Level 1:colcon.colcon_core.package_identification:_identify(.) by extensions ['ignore', 'ignore_ament_install']
[0.239s] Level 1:colcon.colcon_core.package_identification:_identify(.) by extension 'ignore'
[0.239s] Level 1:colcon.colcon_core.package_identification:_identify(.) by extension 'ignore_ament_install'
[0.239s] Level 1:colcon.colcon_core.package_identification:_identify(.) by extensions ['colcon_pkg']
[0.239s] Level 1:colcon.colcon_core.package_identification:_identify(.) by extension 'colcon_pkg'
[0.239s] Level 1:colcon.colcon_core.package_identification:_identify(.) by extensions ['colcon_meta']
[0.239s] Level 1:colcon.colcon_core.package_identification:_identify(.) by extension 'colcon_meta'
[0.239s] Level 1:colcon.colcon_core.package_identification:_identify(.) by extensions ['ros']
[0.239s] Level 1:colcon.colcon_core.package_identification:_identify(.) by extension 'ros'
[0.248s] Level 1:colcon.colcon_core.package_identification:_identify(.) by extensions ['cmake', 'python']
[0.249s] Level 1:colcon.colcon_core.package_identification:_identify(.) by extension 'cmake'
[0.249s] Level 1:colcon.colcon_core.package_identification:_identify(.) by extension 'python'
[0.249s] Level 1:colcon.colcon_core.package_identification:_identify(.) by extensions ['python_setup_py']
[0.249s] Level 1:colcon.colcon_core.package_identification:_identify(.) by extension 'python_setup_py'
[0.249s] Level 1:colcon.colcon_core.package_identification:_identify(build) by extensions ['ignore', 'ignore_ament_install']
[0.249s] Level 1:colcon.colcon_core.package_identification:_identify(build) by extension 'ignore'
[0.249s] Level 1:colcon.colcon_core.package_identification:_identify(build) ignored
[0.249s] Level 1:colcon.colcon_core.package_identification:_identify(install) by extensions ['ignore', 'ignore_ament_install']
[0.249s] Level 1:colcon.colcon_core.package_identification:_identify(install) by extension 'ignore'
[0.249s] Level 1:colcon.colcon_core.package_identification:_identify(install) ignored
[0.249s] Level 1:colcon.colcon_core.package_identification:_identify(log) by extensions ['ignore', 'ignore_ament_install']
[0.249s] Level 1:colcon.colcon_core.package_identification:_identify(log) by extension 'ignore'
[0.249s] Level 1:colcon.colcon_core.package_identification:_identify(log) ignored
[0.249s] Level 1:colcon.colcon_core.package_identification:_identify(ros2_ws) by extensions ['ignore', 'ignore_ament_install']
[0.249s] Level 1:colcon.colcon_core.package_identification:_identify(ros2_ws) by extension 'ignore'
[0.249s] Level 1:colcon.colcon_core.package_identification:_identify(ros2_ws) by extension 'ignore_ament_install'
[0.249s] Level 1:colcon.colcon_core.package_identification:_identify(ros2_ws) by extensions ['colcon_pkg']
[0.249s] Level 1:colcon.colcon_core.package_identification:_identify(ros2_ws) by extension 'colcon_pkg'
[0.250s] Level 1:colcon.colcon_core.package_identification:_identify(ros2_ws) by extensions ['colcon_meta']
[0.250s] Level 1:colcon.colcon_core.package_identification:_identify(ros2_ws) by extension 'colcon_meta'
[0.250s] Level 1:colcon.colcon_core.package_identification:_identify(ros2_ws) by extensions ['ros']
[0.250s] Level 1:colcon.colcon_core.package_identification:_identify(ros2_ws) by extension 'ros'
[0.250s] Level 1:colcon.colcon_core.package_identification:_identify(ros2_ws) by extensions ['cmake', 'python']
[0.250s] Level 1:colcon.colcon_core.package_identification:_identify(ros2_ws) by extension 'cmake'
[0.250s] Level 1:colcon.colcon_core.package_identification:_identify(ros2_ws) by extension 'python'
[0.250s] Level 1:colcon.colcon_core.package_identification:_identify(ros2_ws) by extensions ['python_setup_py']
[0.250s] Level 1:colcon.colcon_core.package_identification:_identify(ros2_ws) by extension 'python_setup_py'
[0.250s] Level 1:colcon.colcon_core.package_identification:_identify(ros2_ws/build) by extensions ['ignore', 'ignore_ament_install']
[0.250s] Level 1:colcon.colcon_core.package_identification:_identify(ros2_ws/build) by extension 'ignore'
[0.250s] Level 1:colcon.colcon_core.package_identification:_identify(ros2_ws/build) ignored
[0.250s] Level 1:colcon.colcon_core.package_identification:_identify(ros2_ws/install) by extensions ['ignore', 'ignore_ament_install']
[0.250s] Level 1:colcon.colcon_core.package_identification:_identify(ros2_ws/install) by extension 'ignore'
[0.250s] Level 1:colcon.colcon_core.package_identification:_identify(ros2_ws/install) ignored
[0.250s] Level 1:colcon.colcon_core.package_identification:_identify(ros2_ws/log) by extensions ['ignore', 'ignore_ament_install']
[0.250s] Level 1:colcon.colcon_core.package_identification:_identify(ros2_ws/log) by extension 'ignore'
[0.250s] Level 1:colcon.colcon_core.package_identification:_identify(ros2_ws/log) ignored
[0.250s] Level 1:colcon.colcon_core.package_identification:_identify(ros2_ws/src) by extensions ['ignore', 'ignore_ament_install']
[0.251s] Level 1:colcon.colcon_core.package_identification:_identify(ros2_ws/src) by extension 'ignore'
[0.251s] Level 1:colcon.colcon_core.package_identification:_identify(ros2_ws/src) by extension 'ignore_ament_install'
[0.251s] Level 1:colcon.colcon_core.package_identification:_identify(ros2_ws/src) by extensions ['colcon_pkg']
[0.251s] Level 1:colcon.colcon_core.package_identification:_identify(ros2_ws/src) by extension 'colcon_pkg'
[0.251s] Level 1:colcon.colcon_core.package_identification:_identify(ros2_ws/src) by extensions ['colcon_meta']
[0.251s] Level 1:colcon.colcon_core.package_identification:_identify(ros2_ws/src) by extension 'colcon_meta'
[0.251s] Level 1:colcon.colcon_core.package_identification:_identify(ros2_ws/src) by extensions ['ros']
[0.251s] Level 1:colcon.colcon_core.package_identification:_identify(ros2_ws/src) by extension 'ros'
[0.251s] Level 1:colcon.colcon_core.package_identification:_identify(ros2_ws/src) by extensions ['cmake', 'python']
[0.251s] Level 1:colcon.colcon_core.package_identification:_identify(ros2_ws/src) by extension 'cmake'
[0.251s] Level 1:colcon.colcon_core.package_identification:_identify(ros2_ws/src) by extension 'python'
[0.251s] Level 1:colcon.colcon_core.package_identification:_identify(ros2_ws/src) by extensions ['python_setup_py']
[0.251s] Level 1:colcon.colcon_core.package_identification:_identify(ros2_ws/src) by extension 'python_setup_py'
[0.251s] Level 1:colcon.colcon_core.package_identification:_identify(ros2_ws/src/abstain_pkg) by extensions ['ignore', 'ignore_ament_install']
[0.251s] Level 1:colcon.colcon_core.package_identification:_identify(ros2_ws/src/abstain_pkg) by extension 'ignore'
[0.251s] Level 1:colcon.colcon_core.package_identification:_identify(ros2_ws/src/abstain_pkg) by extension 'ignore_ament_install'
[0.251s] Level 1:colcon.colcon_core.package_identification:_identify(ros2_ws/src/abstain_pkg) by extensions ['colcon_pkg']
[0.251s] Level 1:colcon.colcon_core.package_identification:_identify(ros2_ws/src/abstain_pkg) by extension 'colcon_pkg'
[0.251s] Level 1:colcon.colcon_core.package_identification:_identify(ros2_ws/src/abstain_pkg) by extensions ['colcon_meta']
[0.251s] Level 1:colcon.colcon_core.package_identification:_identify(ros2_ws/src/abstain_pkg) by extension 'colcon_meta'
[0.251s] Level 1:colcon.colcon_core.package_identification:_identify(ros2_ws/src/abstain_pkg) by extensions ['ros']
[0.251s] Level 1:colcon.colcon_core.package_identification:_identify(ros2_ws/src/abstain_pkg) by extension 'ros'
[0.253s] DEBUG:colcon.colcon_core.package_identification:Package 'ros2_ws/src/abstain_pkg' with type 'ros.ament_cmake' and name 'abstain_pkg'
[0.253s] Level 1:colcon.colcon_core.package_discovery:discover_packages(recursive) using defaults
[0.253s] Level 1:colcon.colcon_core.package_discovery:discover_packages(ignore) discover
[0.254s] Level 1:colcon.colcon_core.package_discovery:discover_packages(ignore) using defaults
[0.254s] Level 1:colcon.colcon_core.package_discovery:discover_packages(path) discover
[0.254s] Level 1:colcon.colcon_core.package_discovery:discover_packages(path) using defaults
[0.272s] Level 1:colcon.colcon_core.package_discovery:discover_packages(prefix_path) check parameters
[0.272s] Level 1:colcon.colcon_core.package_discovery:discover_packages(prefix_path) discover
[0.274s] DEBUG:colcon.colcon_installed_package_information.package_discovery:Found 1 installed packages in /home/aaron/abstain-rover/ros2_ws/src/abstain_pkg/install
[0.285s] DEBUG:colcon.colcon_installed_package_information.package_discovery:Found 23 installed packages in /home/aaron/abstain-rover/ros2_ws/install
[0.287s] DEBUG:colcon.colcon_installed_package_information.package_discovery:Found 313 installed packages in /opt/ros/humble
[0.289s] Level 1:colcon.colcon_core.package_discovery:discover_packages(prefix_path) using defaults
[0.324s] Level 5:colcon.colcon_core.verb:set package 'abstain_pkg' build argument 'cmake_args' from command line to 'None'
[0.325s] Level 5:colcon.colcon_core.verb:set package 'abstain_pkg' build argument 'cmake_target' from command line to 'None'
[0.325s] Level 5:colcon.colcon_core.verb:set package 'abstain_pkg' build argument 'cmake_target_skip_unavailable' from command line to 'False'
[0.325s] Level 5:colcon.colcon_core.verb:set package 'abstain_pkg' build argument 'cmake_clean_cache' from command line to 'False'
[0.325s] Level 5:colcon.colcon_core.verb:set package 'abstain_pkg' build argument 'cmake_clean_first' from command line to 'False'
[0.325s] Level 5:colcon.colcon_core.verb:set package 'abstain_pkg' build argument 'cmake_force_configure' from command line to 'False'
[0.325s] Level 5:colcon.colcon_core.verb:set package 'abstain_pkg' build argument 'ament_cmake_args' from command line to 'None'
[0.325s] Level 5:colcon.colcon_core.verb:set package 'abstain_pkg' build argument 'catkin_cmake_args' from command line to 'None'
[0.325s] Level 5:colcon.colcon_core.verb:set package 'abstain_pkg' build argument 'catkin_skip_building_tests' from command line to 'False'
[0.325s] DEBUG:colcon.colcon_core.verb:Building package 'abstain_pkg' with the following arguments: {'ament_cmake_args': None, 'build_base': '/home/aaron/abstain-rover/build/abstain_pkg', 'catkin_cmake_args': None, 'catkin_skip_building_tests': False, 'cmake_args': None, 'cmake_clean_cache': False, 'cmake_clean_first': False, 'cmake_force_configure': False, 'cmake_target': None, 'cmake_target_skip_unavailable': False, 'install_base': '/home/aaron/abstain-rover/install/abstain_pkg', 'merge_install': False, 'path': '/home/aaron/abstain-rover/ros2_ws/src/abstain_pkg', 'symlink_install': False, 'test_result_base': None}
[0.325s] INFO:colcon.colcon_core.executor:Executing jobs using 'parallel' executor
[0.326s] DEBUG:colcon.colcon_parallel_executor.executor.parallel:run_until_complete
[0.326s] INFO:colcon.colcon_ros.task.ament_cmake.build:Building ROS package in '/home/aaron/abstain-rover/ros2_ws/src/abstain_pkg' with build type 'ament_cmake'
[0.326s] INFO:colcon.colcon_cmake.task.cmake.build:Building CMake package in '/home/aaron/abstain-rover/ros2_ws/src/abstain_pkg'
[0.328s] INFO:colcon.colcon_core.plugin_system:Skipping extension 'colcon_core.shell.bat': Not used on non-Windows systems
[0.329s] INFO:colcon.colcon_core.shell:Skip shell extension 'powershell' for command environment: Not usable outside of PowerShell
[0.329s] DEBUG:colcon.colcon_core.shell:Skip shell extension 'dsv' for command environment
[0.340s] DEBUG:colcon.colcon_core.event_handler.log_command:Invoking command in '/home/aaron/abstain-rover/build/abstain_pkg': CMAKE_PREFIX_PATH=${CMAKE_PREFIX_PATH}:/home/aaron/abstain-rover/ros2_ws/install/launch_testing_examples:/home/aaron/abstain-rover/ros2_ws/install/examples_rclpy_pointcloud_publisher:/home/aaron/abstain-rover/ros2_ws/install/examples_rclpy_minimal_subscriber:/home/aaron/abstain-rover/ros2_ws/install/examples_rclpy_minimal_service:/home/aaron/abstain-rover/ros2_ws/install/examples_rclpy_minimal_publisher:/home/aaron/abstain-rover/ros2_ws/install/examples_rclpy_minimal_client:/home/aaron/abstain-rover/ros2_ws/install/examples_rclpy_minimal_action_server:/home/aaron/abstain-rover/ros2_ws/install/examples_rclpy_minimal_action_client:/home/aaron/abstain-rover/ros2_ws/install/examples_rclpy_guard_conditions:/home/aaron/abstain-rover/ros2_ws/install/examples_rclpy_executors:/opt/ros/humble PS1=[\u@\h \W]\$ /usr/bin/cmake /home/aaron/abstain-rover/ros2_ws/src/abstain_pkg -DCMAKE_INSTALL_PREFIX=/home/aaron/abstain-rover/install/abstain_pkg
[1.834s] DEBUG:colcon.colcon_core.event_handler.log_command:Invoked command in '/home/aaron/abstain-rover/build/abstain_pkg' returned '0': CMAKE_PREFIX_PATH=${CMAKE_PREFIX_PATH}:/home/aaron/abstain-rover/ros2_ws/install/launch_testing_examples:/home/aaron/abstain-rover/ros2_ws/install/examples_rclpy_pointcloud_publisher:/home/aaron/abstain-rover/ros2_ws/install/examples_rclpy_minimal_subscriber:/home/aaron/abstain-rover/ros2_ws/install/examples_rclpy_minimal_service:/home/aaron/abstain-rover/ros2_ws/install/examples_rclpy_minimal_publisher:/home/aaron/abstain-rover/ros2_ws/install/examples_rclpy_minimal_client:/home/aaron/abstain-rover/ros2_ws/install/examples_rclpy_minimal_action_server:/home/aaron/abstain-rover/ros2_ws/install/examples_rclpy_minimal_action_client:/home/aaron/abstain-rover/ros2_ws/install/examples_rclpy_guard_conditions:/home/aaron/abstain-rover/ros2_ws/install/examples_rclpy_executors:/opt/ros/humble PS1=[\u@\h \W]\$ /usr/bin/cmake /home/aaron/abstain-rover/ros2_ws/src/abstain_pkg -DCMAKE_INSTALL_PREFIX=/home/aaron/abstain-rover/install/abstain_pkg
[1.835s] DEBUG:colcon.colcon_core.event_handler.log_command:Invoking command in '/home/aaron/abstain-rover/build/abstain_pkg': CMAKE_PREFIX_PATH=${CMAKE_PREFIX_PATH}:/home/aaron/abstain-rover/ros2_ws/install/launch_testing_examples:/home/aaron/abstain-rover/ros2_ws/install/examples_rclpy_pointcloud_publisher:/home/aaron/abstain-rover/ros2_ws/install/examples_rclpy_minimal_subscriber:/home/aaron/abstain-rover/ros2_ws/install/examples_rclpy_minimal_service:/home/aaron/abstain-rover/ros2_ws/install/examples_rclpy_minimal_publisher:/home/aaron/abstain-rover/ros2_ws/install/examples_rclpy_minimal_client:/home/aaron/abstain-rover/ros2_ws/install/examples_rclpy_minimal_action_server:/home/aaron/abstain-rover/ros2_ws/install/examples_rclpy_minimal_action_client:/home/aaron/abstain-rover/ros2_ws/install/examples_rclpy_guard_conditions:/home/aaron/abstain-rover/ros2_ws/install/examples_rclpy_executors:/opt/ros/humble PS1=[\u@\h \W]\$ /usr/bin/cmake --build /home/aaron/abstain-rover/build/abstain_pkg -- -j16 -l16
[8.149s] DEBUG:colcon.colcon_core.event_handler.log_command:Invoked command in '/home/aaron/abstain-rover/build/abstain_pkg' returned '0': CMAKE_PREFIX_PATH=${CMAKE_PREFIX_PATH}:/home/aaron/abstain-rover/ros2_ws/install/launch_testing_examples:/home/aaron/abstain-rover/ros2_ws/install/examples_rclpy_pointcloud_publisher:/home/aaron/abstain-rover/ros2_ws/install/examples_rclpy_minimal_subscriber:/home/aaron/abstain-rover/ros2_ws/install/examples_rclpy_minimal_service:/home/aaron/abstain-rover/ros2_ws/install/examples_rclpy_minimal_publisher:/home/aaron/abstain-rover/ros2_ws/install/examples_rclpy_minimal_client:/home/aaron/abstain-rover/ros2_ws/install/examples_rclpy_minimal_action_server:/home/aaron/abstain-rover/ros2_ws/install/examples_rclpy_minimal_action_client:/home/aaron/abstain-rover/ros2_ws/install/examples_rclpy_guard_conditions:/home/aaron/abstain-rover/ros2_ws/install/examples_rclpy_executors:/opt/ros/humble PS1=[\u@\h \W]\$ /usr/bin/cmake --build /home/aaron/abstain-rover/build/abstain_pkg -- -j16 -l16
[8.169s] DEBUG:colcon.colcon_core.event_handler.log_command:Invoking command in '/home/aaron/abstain-rover/build/abstain_pkg': CMAKE_PREFIX_PATH=${CMAKE_PREFIX_PATH}:/home/aaron/abstain-rover/ros2_ws/install/launch_testing_examples:/home/aaron/abstain-rover/ros2_ws/install/examples_rclpy_pointcloud_publisher:/home/aaron/abstain-rover/ros2_ws/install/examples_rclpy_minimal_subscriber:/home/aaron/abstain-rover/ros2_ws/install/examples_rclpy_minimal_service:/home/aaron/abstain-rover/ros2_ws/install/examples_rclpy_minimal_publisher:/home/aaron/abstain-rover/ros2_ws/install/examples_rclpy_minimal_client:/home/aaron/abstain-rover/ros2_ws/install/examples_rclpy_minimal_action_server:/home/aaron/abstain-rover/ros2_ws/install/examples_rclpy_minimal_action_client:/home/aaron/abstain-rover/ros2_ws/install/examples_rclpy_guard_conditions:/home/aaron/abstain-rover/ros2_ws/install/examples_rclpy_executors:/opt/ros/humble PS1=[\u@\h \W]\$ /usr/bin/cmake --install /home/aaron/abstain-rover/build/abstain_pkg
[8.196s] Level 1:colcon.colcon_core.environment:create_environment_scripts_only(abstain_pkg)
[8.197s] DEBUG:colcon.colcon_core.event_handler.log_command:Invoked command in '/home/aaron/abstain-rover/build/abstain_pkg' returned '0': CMAKE_PREFIX_PATH=${CMAKE_PREFIX_PATH}:/home/aaron/abstain-rover/ros2_ws/install/launch_testing_examples:/home/aaron/abstain-rover/ros2_ws/install/examples_rclpy_pointcloud_publisher:/home/aaron/abstain-rover/ros2_ws/install/examples_rclpy_minimal_subscriber:/home/aaron/abstain-rover/ros2_ws/install/examples_rclpy_minimal_service:/home/aaron/abstain-rover/ros2_ws/install/examples_rclpy_minimal_publisher:/home/aaron/abstain-rover/ros2_ws/install/examples_rclpy_minimal_client:/home/aaron/abstain-rover/ros2_ws/install/examples_rclpy_minimal_action_server:/home/aaron/abstain-rover/ros2_ws/install/examples_rclpy_minimal_action_client:/home/aaron/abstain-rover/ros2_ws/install/examples_rclpy_guard_conditions:/home/aaron/abstain-rover/ros2_ws/install/examples_rclpy_executors:/opt/ros/humble PS1=[\u@\h \W]\$ /usr/bin/cmake --install /home/aaron/abstain-rover/build/abstain_pkg
[8.201s] Level 1:colcon.colcon_core.environment:checking '/home/aaron/abstain-rover/install/abstain_pkg' for CMake module files
[8.202s] Level 1:colcon.colcon_core.environment:checking '/home/aaron/abstain-rover/install/abstain_pkg' for CMake config files
[8.203s] Level 1:colcon.colcon_core.shell:create_environment_hook('abstain_pkg', 'cmake_prefix_path')
[8.203s] INFO:colcon.colcon_core.shell:Creating environment hook '/home/aaron/abstain-rover/install/abstain_pkg/share/abstain_pkg/hook/cmake_prefix_path.ps1'
[8.204s] INFO:colcon.colcon_core.shell:Creating environment descriptor '/home/aaron/abstain-rover/install/abstain_pkg/share/abstain_pkg/hook/cmake_prefix_path.dsv'
[8.205s] INFO:colcon.colcon_core.shell:Creating environment hook '/home/aaron/abstain-rover/install/abstain_pkg/share/abstain_pkg/hook/cmake_prefix_path.sh'
[8.207s] Level 1:colcon.colcon_core.environment:checking '/home/aaron/abstain-rover/install/abstain_pkg/lib'
[8.207s] Level 1:colcon.colcon_core.environment:checking '/home/aaron/abstain-rover/install/abstain_pkg/bin'
[8.207s] Level 1:colcon.colcon_core.environment:checking '/home/aaron/abstain-rover/install/abstain_pkg/lib/pkgconfig/abstain_pkg.pc'
[8.208s] Level 1:colcon.colcon_core.environment:checking '/home/aaron/abstain-rover/install/abstain_pkg/lib/python3.10/site-packages'
[8.208s] Level 1:colcon.colcon_core.environment:checking '/home/aaron/abstain-rover/install/abstain_pkg/bin'
[8.209s] INFO:colcon.colcon_core.shell:Creating package script '/home/aaron/abstain-rover/install/abstain_pkg/share/abstain_pkg/package.ps1'
[8.210s] INFO:colcon.colcon_core.shell:Creating package descriptor '/home/aaron/abstain-rover/install/abstain_pkg/share/abstain_pkg/package.dsv'
[8.211s] INFO:colcon.colcon_core.shell:Creating package script '/home/aaron/abstain-rover/install/abstain_pkg/share/abstain_pkg/package.sh'
[8.212s] INFO:colcon.colcon_core.shell:Creating package script '/home/aaron/abstain-rover/install/abstain_pkg/share/abstain_pkg/package.bash'
[8.213s] INFO:colcon.colcon_core.shell:Creating package script '/home/aaron/abstain-rover/install/abstain_pkg/share/abstain_pkg/package.zsh'
[8.214s] Level 1:colcon.colcon_core.environment:create_file_with_runtime_dependencies(/home/aaron/abstain-rover/install/abstain_pkg/share/colcon-core/packages/abstain_pkg)
[8.215s] Level 1:colcon.colcon_core.environment:create_environment_scripts_only(abstain_pkg)
[8.216s] Level 1:colcon.colcon_core.environment:checking '/home/aaron/abstain-rover/install/abstain_pkg' for CMake module files
[8.216s] Level 1:colcon.colcon_core.environment:checking '/home/aaron/abstain-rover/install/abstain_pkg' for CMake config files
[8.217s] Level 1:colcon.colcon_core.shell:create_environment_hook('abstain_pkg', 'cmake_prefix_path')
[8.217s] INFO:colcon.colcon_core.shell:Creating environment hook '/home/aaron/abstain-rover/install/abstain_pkg/share/abstain_pkg/hook/cmake_prefix_path.ps1'
[8.218s] INFO:colcon.colcon_core.shell:Creating environment descriptor '/home/aaron/abstain-rover/install/abstain_pkg/share/abstain_pkg/hook/cmake_prefix_path.dsv'
[8.218s] INFO:colcon.colcon_core.shell:Creating environment hook '/home/aaron/abstain-rover/install/abstain_pkg/share/abstain_pkg/hook/cmake_prefix_path.sh'
[8.219s] Level 1:colcon.colcon_core.environment:checking '/home/aaron/abstain-rover/install/abstain_pkg/lib'
[8.219s] Level 1:colcon.colcon_core.environment:checking '/home/aaron/abstain-rover/install/abstain_pkg/bin'
[8.220s] Level 1:colcon.colcon_core.environment:checking '/home/aaron/abstain-rover/install/abstain_pkg/lib/pkgconfig/abstain_pkg.pc'
[8.220s] Level 1:colcon.colcon_core.environment:checking '/home/aaron/abstain-rover/install/abstain_pkg/lib/python3.10/site-packages'
[8.220s] Level 1:colcon.colcon_core.environment:checking '/home/aaron/abstain-rover/install/abstain_pkg/bin'
[8.221s] INFO:colcon.colcon_core.shell:Creating package script '/home/aaron/abstain-rover/install/abstain_pkg/share/abstain_pkg/package.ps1'
[8.222s] INFO:colcon.colcon_core.shell:Creating package descriptor '/home/aaron/abstain-rover/install/abstain_pkg/share/abstain_pkg/package.dsv'
[8.223s] INFO:colcon.colcon_core.shell:Creating package script '/home/aaron/abstain-rover/install/abstain_pkg/share/abstain_pkg/package.sh'
[8.224s] INFO:colcon.colcon_core.shell:Creating package script '/home/aaron/abstain-rover/install/abstain_pkg/share/abstain_pkg/package.bash'
[8.225s] INFO:colcon.colcon_core.shell:Creating package script '/home/aaron/abstain-rover/install/abstain_pkg/share/abstain_pkg/package.zsh'
[8.226s] Level 1:colcon.colcon_core.environment:create_file_with_runtime_dependencies(/home/aaron/abstain-rover/install/abstain_pkg/share/colcon-core/packages/abstain_pkg)
[8.226s] DEBUG:colcon.colcon_parallel_executor.executor.parallel:closing loop
[8.227s] DEBUG:colcon.colcon_parallel_executor.executor.parallel:loop closed
[8.227s] DEBUG:colcon.colcon_parallel_executor.executor.parallel:run_until_complete finished with '0'
[8.227s] DEBUG:colcon.colcon_core.event_reactor:joining thread
[8.233s] INFO:colcon.colcon_core.plugin_system:Skipping extension 'colcon_notification.desktop_notification.notify_send': Could not find 'notify-send'
[8.233s] INFO:colcon.colcon_core.plugin_system:Skipping extension 'colcon_notification.desktop_notification.terminal_notifier': Not used on non-Darwin systems
[8.233s] INFO:colcon.colcon_core.plugin_system:Skipping extension 'colcon_notification.desktop_notification.win32': Not used on non-Windows systems
[8.233s] INFO:colcon.colcon_notification.desktop_notification:Sending desktop notification using 'notify2'
[8.253s] DEBUG:colcon.colcon_core.event_reactor:joined thread
[8.254s] INFO:colcon.colcon_core.shell:Creating prefix script '/home/aaron/abstain-rover/install/local_setup.ps1'
[8.256s] INFO:colcon.colcon_core.shell:Creating prefix util module '/home/aaron/abstain-rover/install/_local_setup_util_ps1.py'
[8.258s] INFO:colcon.colcon_core.shell:Creating prefix chain script '/home/aaron/abstain-rover/install/setup.ps1'
[8.262s] INFO:colcon.colcon_core.shell:Creating prefix script '/home/aaron/abstain-rover/install/local_setup.sh'
[8.264s] INFO:colcon.colcon_core.shell:Creating prefix util module '/home/aaron/abstain-rover/install/_local_setup_util_sh.py'
[8.265s] INFO:colcon.colcon_core.shell:Creating prefix chain script '/home/aaron/abstain-rover/install/setup.sh'
[8.269s] INFO:colcon.colcon_core.shell:Creating prefix script '/home/aaron/abstain-rover/install/local_setup.bash'
[8.271s] INFO:colcon.colcon_core.shell:Creating prefix chain script '/home/aaron/abstain-rover/install/setup.bash'
[8.275s] INFO:colcon.colcon_core.shell:Creating prefix script '/home/aaron/abstain-rover/install/local_setup.zsh'
[8.276s] INFO:colcon.colcon_core.shell:Creating prefix chain script '/home/aaron/abstain-rover/install/setup.zsh'
