[ 50%] [32mBuilding CXX object CMakeFiles/gs_node.dir/src/gs_node.cpp.o[0m
[100%] [32m[1mLinking CXX executable gs_node[0m
[100%] Built target gs_node
-- Install configuration: ""
-- Installing: /home/aaron/abstain-rover/ros2_ws/install/abstain_pkg/lib/abstain_pkg/gs_node
-- Installing: /home/aaron/abstain-rover/ros2_ws/install/abstain_pkg/share/ament_index/resource_index/package_run_dependencies/abstain_pkg
-- Installing: /home/aaron/abstain-rover/ros2_ws/install/abstain_pkg/share/ament_index/resource_index/parent_prefix_path/abstain_pkg
-- Installing: /home/aaron/abstain-rover/ros2_ws/install/abstain_pkg/share/abstain_pkg/environment/ament_prefix_path.sh
-- Installing: /home/aaron/abstain-rover/ros2_ws/install/abstain_pkg/share/abstain_pkg/environment/ament_prefix_path.dsv
-- Installing: /home/aaron/abstain-rover/ros2_ws/install/abstain_pkg/share/abstain_pkg/environment/path.sh
-- Installing: /home/aaron/abstain-rover/ros2_ws/install/abstain_pkg/share/abstain_pkg/environment/path.dsv
-- Installing: /home/aaron/abstain-rover/ros2_ws/install/abstain_pkg/share/abstain_pkg/local_setup.bash
-- Installing: /home/aaron/abstain-rover/ros2_ws/install/abstain_pkg/share/abstain_pkg/local_setup.sh
-- Installing: /home/aaron/abstain-rover/ros2_ws/install/abstain_pkg/share/abstain_pkg/local_setup.zsh
-- Installing: /home/aaron/abstain-rover/ros2_ws/install/abstain_pkg/share/abstain_pkg/local_setup.dsv
-- Installing: /home/aaron/abstain-rover/ros2_ws/install/abstain_pkg/share/abstain_pkg/package.dsv
-- Installing: /home/aaron/abstain-rover/ros2_ws/install/abstain_pkg/share/ament_index/resource_index/packages/abstain_pkg
-- Installing: /home/aaron/abstain-rover/ros2_ws/install/abstain_pkg/share/abstain_pkg/cmake/abstain_pkgConfig.cmake
-- Installing: /home/aaron/abstain-rover/ros2_ws/install/abstain_pkg/share/abstain_pkg/cmake/abstain_pkgConfig-version.cmake
-- Installing: /home/aaron/abstain-rover/ros2_ws/install/abstain_pkg/share/abstain_pkg/package.xml
