[0.013s] Invoking command in '/home/aaron/abstain-rover/ros2_ws/build/abstain_pkg': CMAKE_PREFIX_PATH=/opt/ros/humble PS1=[\u@\h \W]\$ /usr/bin/cmake --build /home/aaron/abstain-rover/ros2_ws/build/abstain_pkg -- -j16 -l16
[0.059s] [ 50%] [32mBuilding CXX object CMakeFiles/gs_node.dir/src/gs_node.cpp.o[0m
[0.104s] [100%] [32m[1mLinking CXX executable gs_node[0m
[0.152s] [100%] Built target gs_node
[0.163s] Invoked command in '/home/aaron/abstain-rover/ros2_ws/build/abstain_pkg' returned '0': CMAKE_PREFIX_PATH=/opt/ros/humble PS1=[\u@\h \W]\$ /usr/bin/cmake --build /home/aaron/abstain-rover/ros2_ws/build/abstain_pkg -- -j16 -l16
[0.182s] Invoking command in '/home/aaron/abstain-rover/ros2_ws/build/abstain_pkg': CMAKE_PREFIX_PATH=/opt/ros/humble PS1=[\u@\h \W]\$ /usr/bin/cmake --install /home/aaron/abstain-rover/ros2_ws/build/abstain_pkg
[0.188s] -- Install configuration: ""
[0.188s] -- Installing: /home/aaron/abstain-rover/ros2_ws/install/abstain_pkg/lib/abstain_pkg/gs_node
[0.193s] -- Installing: /home/aaron/abstain-rover/ros2_ws/install/abstain_pkg/share/ament_index/resource_index/package_run_dependencies/abstain_pkg
[0.194s] -- Installing: /home/aaron/abstain-rover/ros2_ws/install/abstain_pkg/share/ament_index/resource_index/parent_prefix_path/abstain_pkg
[0.194s] -- Installing: /home/aaron/abstain-rover/ros2_ws/install/abstain_pkg/share/abstain_pkg/environment/ament_prefix_path.sh
[0.195s] -- Installing: /home/aaron/abstain-rover/ros2_ws/install/abstain_pkg/share/abstain_pkg/environment/ament_prefix_path.dsv
[0.195s] -- Installing: /home/aaron/abstain-rover/ros2_ws/install/abstain_pkg/share/abstain_pkg/environment/path.sh
[0.195s] -- Installing: /home/aaron/abstain-rover/ros2_ws/install/abstain_pkg/share/abstain_pkg/environment/path.dsv
[0.196s] -- Installing: /home/aaron/abstain-rover/ros2_ws/install/abstain_pkg/share/abstain_pkg/local_setup.bash
[0.196s] -- Installing: /home/aaron/abstain-rover/ros2_ws/install/abstain_pkg/share/abstain_pkg/local_setup.sh
[0.196s] -- Installing: /home/aaron/abstain-rover/ros2_ws/install/abstain_pkg/share/abstain_pkg/local_setup.zsh
[0.196s] -- Installing: /home/aaron/abstain-rover/ros2_ws/install/abstain_pkg/share/abstain_pkg/local_setup.dsv
[0.197s] -- Installing: /home/aaron/abstain-rover/ros2_ws/install/abstain_pkg/share/abstain_pkg/package.dsv
[0.197s] -- Installing: /home/aaron/abstain-rover/ros2_ws/install/abstain_pkg/share/ament_index/resource_index/packages/abstain_pkg
[0.197s] -- Installing: /home/aaron/abstain-rover/ros2_ws/install/abstain_pkg/share/abstain_pkg/cmake/abstain_pkgConfig.cmake
[0.198s] -- Installing: /home/aaron/abstain-rover/ros2_ws/install/abstain_pkg/share/abstain_pkg/cmake/abstain_pkgConfig-version.cmake
[0.198s] -- Installing: /home/aaron/abstain-rover/ros2_ws/install/abstain_pkg/share/abstain_pkg/package.xml
[0.202s] Invoked command in '/home/aaron/abstain-rover/ros2_ws/build/abstain_pkg' returned '0': CMAKE_PREFIX_PATH=/opt/ros/humble PS1=[\u@\h \W]\$ /usr/bin/cmake --install /home/aaron/abstain-rover/ros2_ws/build/abstain_pkg
