[0.067s] Invoking command in '/home/aaron/abstain-rover/ros2_ws/build/examples_rclcpp_minimal_action_server': CMAKE_PREFIX_PATH=/opt/ros/humble PS1=[\u@\h \W]\$ /usr/bin/cmake /home/aaron/abstain-rover/ros2_ws/src/src/examples/rclcpp/actions/minimal_action_server -DAMENT_CMAKE_SYMLINK_INSTALL=1 -DCMAKE_INSTALL_PREFIX=/home/aaron/abstain-rover/ros2_ws/install/examples_rclcpp_minimal_action_server
[1.500s] -- Found ament_cmake: 1.3.12 (/opt/ros/humble/share/ament_cmake/cmake)
[1.500s] -- Found Python3: /usr/bin/python3 (found version "3.10.12") found components: Interpreter 
[1.500s] -- Override CMake install command with custom implementation using symlinks instead of copying resources
[1.500s] -- Found example_interfaces: 0.9.3 (/opt/ros/humble/share/example_interfaces/cmake)
[1.500s] -- Found rosidl_generator_c: 3.1.7 (/opt/ros/humble/share/rosidl_generator_c/cmake)
[1.500s] -- Found rosidl_adapter: 3.1.7 (/opt/ros/humble/share/rosidl_adapter/cmake)
[1.500s] -- Found rosidl_generator_cpp: 3.1.7 (/opt/ros/humble/share/rosidl_generator_cpp/cmake)
[1.500s] -- Using all available rosidl_typesupport_c: rosidl_typesupport_fastrtps_c;rosidl_typesupport_introspection_c
[1.500s] -- Using all available rosidl_typesupport_cpp: rosidl_typesupport_fastrtps_cpp;rosidl_typesupport_introspection_cpp
[1.501s] -- Found rclcpp: 16.0.15 (/opt/ros/humble/share/rclcpp/cmake)
[1.501s] -- Found rmw_implementation_cmake: 6.1.2 (/opt/ros/humble/share/rmw_implementation_cmake/cmake)
[1.501s] -- Found rmw_fastrtps_cpp: 6.2.8 (/opt/ros/humble/share/rmw_fastrtps_cpp/cmake)
[1.501s] -- Found OpenSSL: /usr/lib/x86_64-linux-gnu/libcrypto.so (found version "3.0.2")  
[1.501s] -- Found FastRTPS: /opt/ros/humble/include  
[1.501s] -- Using RMW implementation 'rmw_fastrtps_cpp' as default
[1.501s] -- Looking for pthread.h
[1.501s] -- Looking for pthread.h - found
[1.501s] -- Performing Test CMAKE_HAVE_LIBC_PTHREAD
[1.502s] -- Performing Test CMAKE_HAVE_LIBC_PTHREAD - Success
[1.502s] -- Found Threads: TRUE  
[1.502s] -- Found rclcpp_action: 16.0.15 (/opt/ros/humble/share/rclcpp_action/cmake)
[1.502s] -- Found ament_lint_auto: 0.12.14 (/opt/ros/humble/share/ament_lint_auto/cmake)
[1.503s] -- Added test 'copyright' to check source files copyright and LICENSE
[1.503s] -- Added test 'cppcheck' to perform static code analysis on C / C++ code
[1.503s] -- Configured cppcheck include dirs: 
[1.503s] -- Configured cppcheck exclude dirs and/or files: 
[1.503s] -- Added test 'cpplint' to check C / C++ code against the Google style
[1.503s] -- Configured cpplint exclude dirs and/or files: 
[1.503s] -- Added test 'lint_cmake' to check CMake code style
[1.503s] -- Added test 'uncrustify' to check C / C++ code style
[1.503s] -- Configured uncrustify additional arguments: 
[1.503s] -- Added test 'xmllint' to check XML markup files
[1.503s] -- Configuring done
[1.503s] -- Generating done
[1.523s] -- Build files have been written to: /home/aaron/abstain-rover/ros2_ws/build/examples_rclcpp_minimal_action_server
[1.591s] Invoked command in '/home/aaron/abstain-rover/ros2_ws/build/examples_rclcpp_minimal_action_server' returned '0': CMAKE_PREFIX_PATH=/opt/ros/humble PS1=[\u@\h \W]\$ /usr/bin/cmake /home/aaron/abstain-rover/ros2_ws/src/src/examples/rclcpp/actions/minimal_action_server -DAMENT_CMAKE_SYMLINK_INSTALL=1 -DCMAKE_INSTALL_PREFIX=/home/aaron/abstain-rover/ros2_ws/install/examples_rclcpp_minimal_action_server
[1.598s] Invoking command in '/home/aaron/abstain-rover/ros2_ws/build/examples_rclcpp_minimal_action_server': CMAKE_PREFIX_PATH=/opt/ros/humble PS1=[\u@\h \W]\$ /usr/bin/cmake --build /home/aaron/abstain-rover/ros2_ws/build/examples_rclcpp_minimal_action_server -- -j16 -l16
[1.665s] [ 25%] [32mBuilding CXX object CMakeFiles/action_server_not_composable.dir/not_composable.cpp.o[0m
[1.687s] [ 50%] [32mBuilding CXX object CMakeFiles/action_server_member_functions.dir/member_functions.cpp.o[0m
[55.821s] [ 75%] [32m[1mLinking CXX executable action_server_member_functions[0m
[57.749s] [ 75%] Built target action_server_member_functions
[58.666s] [100%] [32m[1mLinking CXX executable action_server_not_composable[0m
[60.457s] [100%] Built target action_server_not_composable
[61.345s] Invoked command in '/home/aaron/abstain-rover/ros2_ws/build/examples_rclcpp_minimal_action_server' returned '0': CMAKE_PREFIX_PATH=/opt/ros/humble PS1=[\u@\h \W]\$ /usr/bin/cmake --build /home/aaron/abstain-rover/ros2_ws/build/examples_rclcpp_minimal_action_server -- -j16 -l16
[61.862s] Invoking command in '/home/aaron/abstain-rover/ros2_ws/build/examples_rclcpp_minimal_action_server': CMAKE_PREFIX_PATH=/opt/ros/humble PS1=[\u@\h \W]\$ /usr/bin/cmake --install /home/aaron/abstain-rover/ros2_ws/build/examples_rclcpp_minimal_action_server
[69.337s] -- Install configuration: ""
[69.340s] -- Execute custom install script
[69.340s] -- Symlinking: /home/aaron/abstain-rover/ros2_ws/install/examples_rclcpp_minimal_action_server/lib/examples_rclcpp_minimal_action_server/action_server_not_composable
[69.340s] -- Symlinking: /home/aaron/abstain-rover/ros2_ws/install/examples_rclcpp_minimal_action_server/lib/examples_rclcpp_minimal_action_server/action_server_member_functions
[69.340s] -- Symlinking: /home/aaron/abstain-rover/ros2_ws/install/examples_rclcpp_minimal_action_server/share/ament_index/resource_index/package_run_dependencies/examples_rclcpp_minimal_action_server
[69.340s] -- Symlinking: /home/aaron/abstain-rover/ros2_ws/install/examples_rclcpp_minimal_action_server/share/ament_index/resource_index/parent_prefix_path/examples_rclcpp_minimal_action_server
[69.340s] -- Symlinking: /home/aaron/abstain-rover/ros2_ws/install/examples_rclcpp_minimal_action_server/share/examples_rclcpp_minimal_action_server/environment/ament_prefix_path.sh
[69.340s] -- Symlinking: /home/aaron/abstain-rover/ros2_ws/install/examples_rclcpp_minimal_action_server/share/examples_rclcpp_minimal_action_server/environment/ament_prefix_path.dsv
[69.340s] -- Symlinking: /home/aaron/abstain-rover/ros2_ws/install/examples_rclcpp_minimal_action_server/share/examples_rclcpp_minimal_action_server/environment/path.sh
[69.342s] -- Symlinking: /home/aaron/abstain-rover/ros2_ws/install/examples_rclcpp_minimal_action_server/share/examples_rclcpp_minimal_action_server/environment/path.dsv
[69.342s] -- Symlinking: /home/aaron/abstain-rover/ros2_ws/install/examples_rclcpp_minimal_action_server/share/examples_rclcpp_minimal_action_server/local_setup.bash
[69.342s] -- Symlinking: /home/aaron/abstain-rover/ros2_ws/install/examples_rclcpp_minimal_action_server/share/examples_rclcpp_minimal_action_server/local_setup.sh
[69.342s] -- Symlinking: /home/aaron/abstain-rover/ros2_ws/install/examples_rclcpp_minimal_action_server/share/examples_rclcpp_minimal_action_server/local_setup.zsh
[69.343s] -- Symlinking: /home/aaron/abstain-rover/ros2_ws/install/examples_rclcpp_minimal_action_server/share/examples_rclcpp_minimal_action_server/local_setup.dsv
[69.344s] -- Symlinking: /home/aaron/abstain-rover/ros2_ws/install/examples_rclcpp_minimal_action_server/share/examples_rclcpp_minimal_action_server/package.dsv
[69.344s] -- Symlinking: /home/aaron/abstain-rover/ros2_ws/install/examples_rclcpp_minimal_action_server/share/ament_index/resource_index/packages/examples_rclcpp_minimal_action_server
[69.344s] -- Symlinking: /home/aaron/abstain-rover/ros2_ws/install/examples_rclcpp_minimal_action_server/share/examples_rclcpp_minimal_action_server/cmake/examples_rclcpp_minimal_action_serverConfig.cmake
[69.344s] -- Symlinking: /home/aaron/abstain-rover/ros2_ws/install/examples_rclcpp_minimal_action_server/share/examples_rclcpp_minimal_action_server/cmake/examples_rclcpp_minimal_action_serverConfig-version.cmake
[69.344s] -- Symlinking: /home/aaron/abstain-rover/ros2_ws/install/examples_rclcpp_minimal_action_server/share/examples_rclcpp_minimal_action_server/package.xml
[69.727s] Invoked command in '/home/aaron/abstain-rover/ros2_ws/build/examples_rclcpp_minimal_action_server' returned '0': CMAKE_PREFIX_PATH=/opt/ros/humble PS1=[\u@\h \W]\$ /usr/bin/cmake --install /home/aaron/abstain-rover/ros2_ws/build/examples_rclcpp_minimal_action_server
