[3.578s] Invoking command in '/home/aaron/abstain-rover/ros2_ws/build/examples_rclpy_minimal_action_server': PS1=[\u@\h \W]\$ PYTHONPATH=/home/aaron/abstain-rover/ros2_ws/build/examples_rclpy_minimal_action_server/prefix_override:/usr/lib/python3/dist-packages/colcon_core/task/python/colcon_distutils_commands:/home/aaron/abstain-rover/ros2_ws/install/examples_rclpy_minimal_action_server/lib/python3.10/site-packages:${PYTHONPATH} /usr/bin/python3 -W ignore:setup.py install is deprecated -W ignore:easy_install command is deprecated setup.py develop --editable --build-directory /home/aaron/abstain-rover/ros2_ws/build/examples_rclpy_minimal_action_server/build --no-deps symlink_data
[69.270s] running develop
[69.273s] running egg_info
[69.273s] creating examples_rclpy_minimal_action_server.egg-info
[69.275s] writing examples_rclpy_minimal_action_server.egg-info/PKG-INFO
[69.275s] writing dependency_links to examples_rclpy_minimal_action_server.egg-info/dependency_links.txt
[69.275s] writing entry points to examples_rclpy_minimal_action_server.egg-info/entry_points.txt
[69.275s] writing requirements to examples_rclpy_minimal_action_server.egg-info/requires.txt
[69.275s] writing top-level names to examples_rclpy_minimal_action_server.egg-info/top_level.txt
[69.276s] writing manifest file 'examples_rclpy_minimal_action_server.egg-info/SOURCES.txt'
[69.276s] reading manifest file 'examples_rclpy_minimal_action_server.egg-info/SOURCES.txt'
[69.276s] writing manifest file 'examples_rclpy_minimal_action_server.egg-info/SOURCES.txt'
[69.276s] running build_ext
[69.276s] Creating /home/aaron/abstain-rover/ros2_ws/install/examples_rclpy_minimal_action_server/lib/python3.10/site-packages/examples-rclpy-minimal-action-server.egg-link (link to .)
[69.286s] Installing server script to /home/aaron/abstain-rover/ros2_ws/install/examples_rclpy_minimal_action_server/lib/examples_rclpy_minimal_action_server
[69.287s] Installing server_defer script to /home/aaron/abstain-rover/ros2_ws/install/examples_rclpy_minimal_action_server/lib/examples_rclpy_minimal_action_server
[69.287s] Installing server_not_composable script to /home/aaron/abstain-rover/ros2_ws/install/examples_rclpy_minimal_action_server/lib/examples_rclpy_minimal_action_server
[69.287s] Installing server_queue_goals script to /home/aaron/abstain-rover/ros2_ws/install/examples_rclpy_minimal_action_server/lib/examples_rclpy_minimal_action_server
[69.287s] Installing server_single_goal script to /home/aaron/abstain-rover/ros2_ws/install/examples_rclpy_minimal_action_server/lib/examples_rclpy_minimal_action_server
[69.287s] 
[69.287s] Installed /home/aaron/abstain-rover/ros2_ws/build/examples_rclpy_minimal_action_server
[69.287s] running symlink_data
[69.287s] creating /home/aaron/abstain-rover/ros2_ws/install/examples_rclpy_minimal_action_server/share/ament_index
[69.287s] creating /home/aaron/abstain-rover/ros2_ws/install/examples_rclpy_minimal_action_server/share/ament_index/resource_index
[69.287s] creating /home/aaron/abstain-rover/ros2_ws/install/examples_rclpy_minimal_action_server/share/ament_index/resource_index/packages
[69.288s] symbolically linking /home/aaron/abstain-rover/ros2_ws/build/examples_rclpy_minimal_action_server/resource/examples_rclpy_minimal_action_server -> /home/aaron/abstain-rover/ros2_ws/install/examples_rclpy_minimal_action_server/share/ament_index/resource_index/packages
[69.288s] symbolically linking /home/aaron/abstain-rover/ros2_ws/build/examples_rclpy_minimal_action_server/package.xml -> /home/aaron/abstain-rover/ros2_ws/install/examples_rclpy_minimal_action_server/share/examples_rclpy_minimal_action_server
[69.618s] Invoked command in '/home/aaron/abstain-rover/ros2_ws/build/examples_rclpy_minimal_action_server' returned '0': PS1=[\u@\h \W]\$ PYTHONPATH=/home/aaron/abstain-rover/ros2_ws/build/examples_rclpy_minimal_action_server/prefix_override:/usr/lib/python3/dist-packages/colcon_core/task/python/colcon_distutils_commands:/home/aaron/abstain-rover/ros2_ws/install/examples_rclpy_minimal_action_server/lib/python3.10/site-packages:${PYTHONPATH} /usr/bin/python3 -W ignore:setup.py install is deprecated -W ignore:easy_install command is deprecated setup.py develop --editable --build-directory /home/aaron/abstain-rover/ros2_ws/build/examples_rclpy_minimal_action_server/build --no-deps symlink_data
