[0.056s] Invoking command in '/home/aaron/abstain-rover/ros2_ws/build/examples_rclcpp_cbg_executor': PS1=[\u@\h \W]\$ /usr/bin/cmake /home/aaron/abstain-rover/ros2_ws/src/src/examples/rclcpp/executors/cbg_executor -DAMENT_CMAKE_SYMLINK_INSTALL=1 -DCMAKE_INSTALL_PREFIX=/home/aaron/abstain-rover/ros2_ws/install/examples_rclcpp_cbg_executor
[1.005s] -- The C compiler identification is GNU 11.4.0
[1.005s] -- The CXX compiler identification is GNU 11.4.0
[1.005s] -- Detecting C compiler ABI info
[1.006s] -- Detecting C compiler ABI info - done
[1.006s] -- Check for working C compiler: /usr/bin/cc - skipped
[1.007s] -- Detecting C compile features
[1.008s] -- Detecting C compile features - done
[1.008s] -- Detecting CXX compiler ABI info
[1.009s] -- Detecting CXX compiler ABI info - done
[1.009s] -- Check for working CXX compiler: /usr/bin/c++ - skipped
[1.009s] -- Detecting CXX compile features
[1.009s] -- Detecting CXX compile features - done
[1.009s] -- Configuring incomplete, errors occurred!
[1.009s] See also "/home/aaron/abstain-rover/ros2_ws/build/examples_rclcpp_cbg_executor/CMakeFiles/CMakeOutput.log".
[1.016s] [31mCMake Error at CMakeLists.txt:13 (find_package):
[1.016s]   By not providing "Findament_cmake.cmake" in CMAKE_MODULE_PATH this project
[1.016s]   has asked CMake to find a package configuration file provided by
[1.016s]   "ament_cmake", but CMake did not find one.
[1.016s] 
[1.017s]   Could not find a package configuration file provided by "ament_cmake" with
[1.017s]   any of the following names:
[1.017s] 
[1.017s]     ament_cmakeConfig.cmake
[1.017s]     ament_cmake-config.cmake
[1.017s] 
[1.017s]   Add the installation prefix of "ament_cmake" to CMAKE_PREFIX_PATH or set
[1.017s]   "ament_cmake_DIR" to a directory containing one of the above files.  If
[1.017s]   "ament_cmake" provides a separate development package or SDK, be sure it
[1.017s]   has been installed.
[1.017s] 
[1.017s] [0m
[1.068s] Invoked command in '/home/aaron/abstain-rover/ros2_ws/build/examples_rclcpp_cbg_executor' returned '1': PS1=[\u@\h \W]\$ /usr/bin/cmake /home/aaron/abstain-rover/ros2_ws/src/src/examples/rclcpp/executors/cbg_executor -DAMENT_CMAKE_SYMLINK_INSTALL=1 -DCMAKE_INSTALL_PREFIX=/home/aaron/abstain-rover/ros2_ws/install/examples_rclcpp_cbg_executor
