[8.241s] Invoking command in '/home/aaron/abstain-rover/ros2_ws/build/examples_rclpy_minimal_publisher': PS1=[\u@\h \W]\$ PYTHONPATH=/home/aaron/abstain-rover/ros2_ws/build/examples_rclpy_minimal_publisher/prefix_override:/usr/lib/python3/dist-packages/colcon_core/task/python/colcon_distutils_commands:/home/aaron/abstain-rover/ros2_ws/install/examples_rclpy_minimal_publisher/lib/python3.10/site-packages:${PYTHONPATH} /usr/bin/python3 -W ignore:setup.py install is deprecated -W ignore:easy_install command is deprecated setup.py develop --editable --build-directory /home/aaron/abstain-rover/ros2_ws/build/examples_rclpy_minimal_publisher/build --no-deps symlink_data
[9.183s] running develop
[9.526s] running egg_info
[9.526s] creating examples_rclpy_minimal_publisher.egg-info
[9.526s] writing examples_rclpy_minimal_publisher.egg-info/PKG-INFO
[9.526s] writing dependency_links to examples_rclpy_minimal_publisher.egg-info/dependency_links.txt
[9.527s] writing entry points to examples_rclpy_minimal_publisher.egg-info/entry_points.txt
[9.527s] writing requirements to examples_rclpy_minimal_publisher.egg-info/requires.txt
[9.528s] writing top-level names to examples_rclpy_minimal_publisher.egg-info/top_level.txt
[9.529s] writing manifest file 'examples_rclpy_minimal_publisher.egg-info/SOURCES.txt'
[9.529s] reading manifest file 'examples_rclpy_minimal_publisher.egg-info/SOURCES.txt'
[9.530s] writing manifest file 'examples_rclpy_minimal_publisher.egg-info/SOURCES.txt'
[9.532s] running build_ext
[9.533s] Creating /home/aaron/abstain-rover/ros2_ws/install/examples_rclpy_minimal_publisher/lib/python3.10/site-packages/examples-rclpy-minimal-publisher.egg-link (link to .)
[9.534s] Installing publisher_local_function script to /home/aaron/abstain-rover/ros2_ws/install/examples_rclpy_minimal_publisher/lib/examples_rclpy_minimal_publisher
[9.534s] Installing publisher_member_function script to /home/aaron/abstain-rover/ros2_ws/install/examples_rclpy_minimal_publisher/lib/examples_rclpy_minimal_publisher
[9.535s] Installing publisher_member_function_with_wait_for_all_acked script to /home/aaron/abstain-rover/ros2_ws/install/examples_rclpy_minimal_publisher/lib/examples_rclpy_minimal_publisher
[9.535s] Installing publisher_old_school script to /home/aaron/abstain-rover/ros2_ws/install/examples_rclpy_minimal_publisher/lib/examples_rclpy_minimal_publisher
[9.537s] 
[9.537s] Installed /home/aaron/abstain-rover/ros2_ws/build/examples_rclpy_minimal_publisher
[9.537s] running symlink_data
[9.537s] creating /home/aaron/abstain-rover/ros2_ws/install/examples_rclpy_minimal_publisher/share/ament_index
[9.537s] creating /home/aaron/abstain-rover/ros2_ws/install/examples_rclpy_minimal_publisher/share/ament_index/resource_index
[9.545s] creating /home/aaron/abstain-rover/ros2_ws/install/examples_rclpy_minimal_publisher/share/ament_index/resource_index/packages
[9.545s] symbolically linking /home/aaron/abstain-rover/ros2_ws/build/examples_rclpy_minimal_publisher/resource/examples_rclpy_minimal_publisher -> /home/aaron/abstain-rover/ros2_ws/install/examples_rclpy_minimal_publisher/share/ament_index/resource_index/packages
[9.545s] symbolically linking /home/aaron/abstain-rover/ros2_ws/build/examples_rclpy_minimal_publisher/package.xml -> /home/aaron/abstain-rover/ros2_ws/install/examples_rclpy_minimal_publisher/share/examples_rclpy_minimal_publisher
[9.660s] Invoked command in '/home/aaron/abstain-rover/ros2_ws/build/examples_rclpy_minimal_publisher' returned '0': PS1=[\u@\h \W]\$ PYTHONPATH=/home/aaron/abstain-rover/ros2_ws/build/examples_rclpy_minimal_publisher/prefix_override:/usr/lib/python3/dist-packages/colcon_core/task/python/colcon_distutils_commands:/home/aaron/abstain-rover/ros2_ws/install/examples_rclpy_minimal_publisher/lib/python3.10/site-packages:${PYTHONPATH} /usr/bin/python3 -W ignore:setup.py install is deprecated -W ignore:easy_install command is deprecated setup.py develop --editable --build-directory /home/aaron/abstain-rover/ros2_ws/build/examples_rclpy_minimal_publisher/build --no-deps symlink_data
