[0.065s] Invoking command in '/home/aaron/abstain-rover/ros2_ws/build/examples_rclcpp_minimal_publisher': CMAKE_PREFIX_PATH=/opt/ros/humble PS1=[\u@\h \W]\$ /usr/bin/cmake /home/aaron/abstain-rover/ros2_ws/src/src/examples/rclcpp/topics/minimal_publisher -DAMENT_CMAKE_SYMLINK_INSTALL=1 -DCMAKE_INSTALL_PREFIX=/home/aaron/abstain-rover/ros2_ws/install/examples_rclcpp_minimal_publisher
[1.516s] -- Found ament_cmake: 1.3.12 (/opt/ros/humble/share/ament_cmake/cmake)
[1.516s] -- Found Python3: /usr/bin/python3 (found version "3.10.12") found components: Interpreter 
[1.517s] -- Override CMake install command with custom implementation using symlinks instead of copying resources
[1.517s] -- Found rclcpp: 16.0.15 (/opt/ros/humble/share/rclcpp/cmake)
[1.517s] -- Found rosidl_generator_c: 3.1.7 (/opt/ros/humble/share/rosidl_generator_c/cmake)
[1.517s] -- Found rosidl_adapter: 3.1.7 (/opt/ros/humble/share/rosidl_adapter/cmake)
[1.517s] -- Found rosidl_generator_cpp: 3.1.7 (/opt/ros/humble/share/rosidl_generator_cpp/cmake)
[1.517s] -- Using all available rosidl_typesupport_c: rosidl_typesupport_fastrtps_c;rosidl_typesupport_introspection_c
[1.517s] -- Using all available rosidl_typesupport_cpp: rosidl_typesupport_fastrtps_cpp;rosidl_typesupport_introspection_cpp
[1.517s] -- Found rmw_implementation_cmake: 6.1.2 (/opt/ros/humble/share/rmw_implementation_cmake/cmake)
[1.517s] -- Found rmw_fastrtps_cpp: 6.2.8 (/opt/ros/humble/share/rmw_fastrtps_cpp/cmake)
[1.517s] -- Found OpenSSL: /usr/lib/x86_64-linux-gnu/libcrypto.so (found version "3.0.2")  
[1.517s] -- Found FastRTPS: /opt/ros/humble/include  
[1.518s] -- Using RMW implementation 'rmw_fastrtps_cpp' as default
[1.518s] -- Looking for pthread.h
[1.518s] -- Looking for pthread.h - found
[1.518s] -- Performing Test CMAKE_HAVE_LIBC_PTHREAD
[1.518s] -- Performing Test CMAKE_HAVE_LIBC_PTHREAD - Success
[1.518s] -- Found Threads: TRUE  
[1.518s] -- Found ament_lint_auto: 0.12.14 (/opt/ros/humble/share/ament_lint_auto/cmake)
[1.518s] -- Added test 'copyright' to check source files copyright and LICENSE
[1.518s] -- Added test 'cppcheck' to perform static code analysis on C / C++ code
[1.518s] -- Configured cppcheck include dirs: 
[1.519s] -- Configured cppcheck exclude dirs and/or files: 
[1.519s] -- Added test 'cpplint' to check C / C++ code against the Google style
[1.519s] -- Configured cpplint exclude dirs and/or files: 
[1.519s] -- Added test 'lint_cmake' to check CMake code style
[1.519s] -- Added test 'uncrustify' to check C / C++ code style
[1.522s] -- Configured uncrustify additional arguments: 
[1.525s] -- Added test 'xmllint' to check XML markup files
[1.527s] -- Configuring done
[1.529s] -- Generating done
[1.529s] -- Build files have been written to: /home/aaron/abstain-rover/ros2_ws/build/examples_rclcpp_minimal_publisher
[1.570s] Invoked command in '/home/aaron/abstain-rover/ros2_ws/build/examples_rclcpp_minimal_publisher' returned '0': CMAKE_PREFIX_PATH=/opt/ros/humble PS1=[\u@\h \W]\$ /usr/bin/cmake /home/aaron/abstain-rover/ros2_ws/src/src/examples/rclcpp/topics/minimal_publisher -DAMENT_CMAKE_SYMLINK_INSTALL=1 -DCMAKE_INSTALL_PREFIX=/home/aaron/abstain-rover/ros2_ws/install/examples_rclcpp_minimal_publisher
[1.571s] Invoking command in '/home/aaron/abstain-rover/ros2_ws/build/examples_rclcpp_minimal_publisher': CMAKE_PREFIX_PATH=/opt/ros/humble PS1=[\u@\h \W]\$ /usr/bin/cmake --build /home/aaron/abstain-rover/ros2_ws/build/examples_rclcpp_minimal_publisher -- -j16 -l16
[1.613s] [  8%] [32mBuilding CXX object CMakeFiles/publisher_lambda.dir/lambda.cpp.o[0m
[1.614s] [ 16%] [32mBuilding CXX object CMakeFiles/publisher_member_function_with_unique_network_flow_endpoints.dir/member_function_with_unique_network_flow_endpoints.cpp.o[0m
[1.617s] [ 25%] [32mBuilding CXX object CMakeFiles/publisher_wait_for_all_acked.dir/member_function_with_wait_for_all_acked.cpp.o[0m
[1.648s] [ 33%] [32mBuilding CXX object CMakeFiles/publisher_member_function.dir/member_function.cpp.o[0m
[1.649s] [ 41%] [32mBuilding CXX object CMakeFiles/publisher_member_function_with_type_adapter.dir/member_function_with_type_adapter.cpp.o[0m
[1.650s] [ 50%] [32mBuilding CXX object CMakeFiles/publisher_not_composable.dir/not_composable.cpp.o[0m
[25.976s] [ 58%] [32m[1mLinking CXX executable publisher_member_function_with_unique_network_flow_endpoints[0m
[27.971s] [ 58%] Built target publisher_member_function_with_unique_network_flow_endpoints
[40.893s] [ 66%] [32m[1mLinking CXX executable publisher_member_function[0m
[43.563s] [ 66%] Built target publisher_member_function
[58.114s] [ 75%] [32m[1mLinking CXX executable publisher_wait_for_all_acked[0m
[59.681s] [ 75%] Built target publisher_wait_for_all_acked
[66.340s] [ 83%] [32m[1mLinking CXX executable publisher_lambda[0m
[67.680s] [ 83%] Built target publisher_lambda
[67.681s] [ 91%] [32m[1mLinking CXX executable publisher_member_function_with_type_adapter[0m
[69.052s] [ 91%] Built target publisher_member_function_with_type_adapter
[74.584s] [100%] [32m[1mLinking CXX executable publisher_not_composable[0m
[75.382s] [100%] Built target publisher_not_composable
[76.290s] Invoked command in '/home/aaron/abstain-rover/ros2_ws/build/examples_rclcpp_minimal_publisher' returned '0': CMAKE_PREFIX_PATH=/opt/ros/humble PS1=[\u@\h \W]\$ /usr/bin/cmake --build /home/aaron/abstain-rover/ros2_ws/build/examples_rclcpp_minimal_publisher -- -j16 -l16
[76.302s] Invoking command in '/home/aaron/abstain-rover/ros2_ws/build/examples_rclcpp_minimal_publisher': CMAKE_PREFIX_PATH=/opt/ros/humble PS1=[\u@\h \W]\$ /usr/bin/cmake --install /home/aaron/abstain-rover/ros2_ws/build/examples_rclcpp_minimal_publisher
[76.341s] -- Install configuration: ""
[76.341s] -- Execute custom install script
[76.341s] -- Symlinking: /home/aaron/abstain-rover/ros2_ws/install/examples_rclcpp_minimal_publisher/lib/examples_rclcpp_minimal_publisher/publisher_lambda
[76.375s] -- Symlinking: /home/aaron/abstain-rover/ros2_ws/install/examples_rclcpp_minimal_publisher/lib/examples_rclcpp_minimal_publisher/publisher_member_function
[76.409s] -- Symlinking: /home/aaron/abstain-rover/ros2_ws/install/examples_rclcpp_minimal_publisher/lib/examples_rclcpp_minimal_publisher/publisher_member_function_with_type_adapter
[76.442s] -- Symlinking: /home/aaron/abstain-rover/ros2_ws/install/examples_rclcpp_minimal_publisher/lib/examples_rclcpp_minimal_publisher/publisher_member_function_with_unique_network_flow_endpoints
[76.488s] -- Symlinking: /home/aaron/abstain-rover/ros2_ws/install/examples_rclcpp_minimal_publisher/lib/examples_rclcpp_minimal_publisher/publisher_wait_for_all_acked
[76.522s] -- Symlinking: /home/aaron/abstain-rover/ros2_ws/install/examples_rclcpp_minimal_publisher/lib/examples_rclcpp_minimal_publisher/publisher_not_composable
[76.556s] -- Symlinking: /home/aaron/abstain-rover/ros2_ws/install/examples_rclcpp_minimal_publisher/share/ament_index/resource_index/package_run_dependencies/examples_rclcpp_minimal_publisher
[76.591s] -- Symlinking: /home/aaron/abstain-rover/ros2_ws/install/examples_rclcpp_minimal_publisher/share/ament_index/resource_index/parent_prefix_path/examples_rclcpp_minimal_publisher
[76.624s] -- Symlinking: /home/aaron/abstain-rover/ros2_ws/install/examples_rclcpp_minimal_publisher/share/examples_rclcpp_minimal_publisher/environment/ament_prefix_path.sh
[76.672s] -- Symlinking: /home/aaron/abstain-rover/ros2_ws/install/examples_rclcpp_minimal_publisher/share/examples_rclcpp_minimal_publisher/environment/ament_prefix_path.dsv
[76.720s] -- Symlinking: /home/aaron/abstain-rover/ros2_ws/install/examples_rclcpp_minimal_publisher/share/examples_rclcpp_minimal_publisher/environment/path.sh
[76.752s] -- Symlinking: /home/aaron/abstain-rover/ros2_ws/install/examples_rclcpp_minimal_publisher/share/examples_rclcpp_minimal_publisher/environment/path.dsv
[76.804s] -- Symlinking: /home/aaron/abstain-rover/ros2_ws/install/examples_rclcpp_minimal_publisher/share/examples_rclcpp_minimal_publisher/local_setup.bash
[76.855s] -- Symlinking: /home/aaron/abstain-rover/ros2_ws/install/examples_rclcpp_minimal_publisher/share/examples_rclcpp_minimal_publisher/local_setup.sh
[76.948s] -- Symlinking: /home/aaron/abstain-rover/ros2_ws/install/examples_rclcpp_minimal_publisher/share/examples_rclcpp_minimal_publisher/local_setup.zsh
[76.996s] -- Symlinking: /home/aaron/abstain-rover/ros2_ws/install/examples_rclcpp_minimal_publisher/share/examples_rclcpp_minimal_publisher/local_setup.dsv
[77.054s] -- Symlinking: /home/aaron/abstain-rover/ros2_ws/install/examples_rclcpp_minimal_publisher/share/examples_rclcpp_minimal_publisher/package.dsv
[77.107s] -- Symlinking: /home/aaron/abstain-rover/ros2_ws/install/examples_rclcpp_minimal_publisher/share/ament_index/resource_index/packages/examples_rclcpp_minimal_publisher
[77.135s] -- Symlinking: /home/aaron/abstain-rover/ros2_ws/install/examples_rclcpp_minimal_publisher/share/examples_rclcpp_minimal_publisher/cmake/examples_rclcpp_minimal_publisherConfig.cmake
[77.189s] -- Symlinking: /home/aaron/abstain-rover/ros2_ws/install/examples_rclcpp_minimal_publisher/share/examples_rclcpp_minimal_publisher/cmake/examples_rclcpp_minimal_publisherConfig-version.cmake
[77.247s] -- Symlinking: /home/aaron/abstain-rover/ros2_ws/install/examples_rclcpp_minimal_publisher/share/examples_rclcpp_minimal_publisher/package.xml
[77.757s] Invoked command in '/home/aaron/abstain-rover/ros2_ws/build/examples_rclcpp_minimal_publisher' returned '0': CMAKE_PREFIX_PATH=/opt/ros/humble PS1=[\u@\h \W]\$ /usr/bin/cmake --install /home/aaron/abstain-rover/ros2_ws/build/examples_rclcpp_minimal_publisher
