[0.063s] Invoking command in '/home/aaron/abstain-rover/ros2_ws/build/examples_rclcpp_minimal_timer': CMAKE_PREFIX_PATH=/opt/ros/humble PS1=[\u@\h \W]\$ /usr/bin/cmake /home/aaron/abstain-rover/ros2_ws/src/src/examples/rclcpp/timers/minimal_timer -DAMENT_CMAKE_SYMLINK_INSTALL=1 -DCMAKE_INSTALL_PREFIX=/home/aaron/abstain-rover/ros2_ws/install/examples_rclcpp_minimal_timer
[1.527s] -- Found ament_cmake: 1.3.12 (/opt/ros/humble/share/ament_cmake/cmake)
[1.527s] -- Found Python3: /usr/bin/python3 (found version "3.10.12") found components: Interpreter 
[1.527s] -- Override CMake install command with custom implementation using symlinks instead of copying resources
[1.528s] -- Found rclcpp: 16.0.15 (/opt/ros/humble/share/rclcpp/cmake)
[1.528s] -- Found rosidl_generator_c: 3.1.7 (/opt/ros/humble/share/rosidl_generator_c/cmake)
[1.528s] -- Found rosidl_adapter: 3.1.7 (/opt/ros/humble/share/rosidl_adapter/cmake)
[1.528s] -- Found rosidl_generator_cpp: 3.1.7 (/opt/ros/humble/share/rosidl_generator_cpp/cmake)
[1.528s] -- Using all available rosidl_typesupport_c: rosidl_typesupport_fastrtps_c;rosidl_typesupport_introspection_c
[1.528s] -- Using all available rosidl_typesupport_cpp: rosidl_typesupport_fastrtps_cpp;rosidl_typesupport_introspection_cpp
[1.528s] -- Found rmw_implementation_cmake: 6.1.2 (/opt/ros/humble/share/rmw_implementation_cmake/cmake)
[1.528s] -- Found rmw_fastrtps_cpp: 6.2.8 (/opt/ros/humble/share/rmw_fastrtps_cpp/cmake)
[1.528s] -- Found OpenSSL: /usr/lib/x86_64-linux-gnu/libcrypto.so (found version "3.0.2")  
[1.528s] -- Found FastRTPS: /opt/ros/humble/include  
[1.529s] -- Using RMW implementation 'rmw_fastrtps_cpp' as default
[1.529s] -- Looking for pthread.h
[1.529s] -- Looking for pthread.h - found
[1.529s] -- Performing Test CMAKE_HAVE_LIBC_PTHREAD
[1.529s] -- Performing Test CMAKE_HAVE_LIBC_PTHREAD - Success
[1.529s] -- Found Threads: TRUE  
[1.529s] -- Found ament_lint_auto: 0.12.14 (/opt/ros/humble/share/ament_lint_auto/cmake)
[1.532s] -- Added test 'copyright' to check source files copyright and LICENSE
[1.532s] -- Added test 'cppcheck' to perform static code analysis on C / C++ code
[1.532s] -- Configured cppcheck include dirs: 
[1.532s] -- Configured cppcheck exclude dirs and/or files: 
[1.533s] -- Added test 'cpplint' to check C / C++ code against the Google style
[1.533s] -- Configured cpplint exclude dirs and/or files: 
[1.533s] -- Added test 'lint_cmake' to check CMake code style
[1.533s] -- Added test 'uncrustify' to check C / C++ code style
[1.533s] -- Configured uncrustify additional arguments: 
[1.533s] -- Added test 'xmllint' to check XML markup files
[1.533s] -- Configuring done
[1.533s] -- Generating done
[1.533s] -- Build files have been written to: /home/aaron/abstain-rover/ros2_ws/build/examples_rclcpp_minimal_timer
[1.549s] Invoked command in '/home/aaron/abstain-rover/ros2_ws/build/examples_rclcpp_minimal_timer' returned '0': CMAKE_PREFIX_PATH=/opt/ros/humble PS1=[\u@\h \W]\$ /usr/bin/cmake /home/aaron/abstain-rover/ros2_ws/src/src/examples/rclcpp/timers/minimal_timer -DAMENT_CMAKE_SYMLINK_INSTALL=1 -DCMAKE_INSTALL_PREFIX=/home/aaron/abstain-rover/ros2_ws/install/examples_rclcpp_minimal_timer
[1.554s] Invoking command in '/home/aaron/abstain-rover/ros2_ws/build/examples_rclcpp_minimal_timer': CMAKE_PREFIX_PATH=/opt/ros/humble PS1=[\u@\h \W]\$ /usr/bin/cmake --build /home/aaron/abstain-rover/ros2_ws/build/examples_rclcpp_minimal_timer -- -j16 -l16
[1.570s] [ 25%] [32mBuilding CXX object CMakeFiles/timer_lambda.dir/lambda.cpp.o[0m
[1.578s] [ 50%] [32mBuilding CXX object CMakeFiles/timer_member_function.dir/member_function.cpp.o[0m
[42.342s] [ 75%] [32m[1mLinking CXX executable timer_lambda[0m
[43.230s] [ 75%] Built target timer_lambda
[67.674s] [100%] [32m[1mLinking CXX executable timer_member_function[0m
[68.881s] [100%] Built target timer_member_function
[69.026s] Invoked command in '/home/aaron/abstain-rover/ros2_ws/build/examples_rclcpp_minimal_timer' returned '0': CMAKE_PREFIX_PATH=/opt/ros/humble PS1=[\u@\h \W]\$ /usr/bin/cmake --build /home/aaron/abstain-rover/ros2_ws/build/examples_rclcpp_minimal_timer -- -j16 -l16
[69.029s] Invoking command in '/home/aaron/abstain-rover/ros2_ws/build/examples_rclcpp_minimal_timer': CMAKE_PREFIX_PATH=/opt/ros/humble PS1=[\u@\h \W]\$ /usr/bin/cmake --install /home/aaron/abstain-rover/ros2_ws/build/examples_rclcpp_minimal_timer
[69.322s] -- Install configuration: ""
[69.322s] -- Execute custom install script
[69.322s] -- Symlinking: /home/aaron/abstain-rover/ros2_ws/install/examples_rclcpp_minimal_timer/lib/examples_rclcpp_minimal_timer/timer_lambda
[69.324s] -- Symlinking: /home/aaron/abstain-rover/ros2_ws/install/examples_rclcpp_minimal_timer/lib/examples_rclcpp_minimal_timer/timer_member_function
[69.325s] -- Symlinking: /home/aaron/abstain-rover/ros2_ws/install/examples_rclcpp_minimal_timer/share/ament_index/resource_index/package_run_dependencies/examples_rclcpp_minimal_timer
[69.328s] -- Symlinking: /home/aaron/abstain-rover/ros2_ws/install/examples_rclcpp_minimal_timer/share/ament_index/resource_index/parent_prefix_path/examples_rclcpp_minimal_timer
[69.328s] -- Symlinking: /home/aaron/abstain-rover/ros2_ws/install/examples_rclcpp_minimal_timer/share/examples_rclcpp_minimal_timer/environment/ament_prefix_path.sh
[69.336s] -- Symlinking: /home/aaron/abstain-rover/ros2_ws/install/examples_rclcpp_minimal_timer/share/examples_rclcpp_minimal_timer/environment/ament_prefix_path.dsv
[69.369s] -- Symlinking: /home/aaron/abstain-rover/ros2_ws/install/examples_rclcpp_minimal_timer/share/examples_rclcpp_minimal_timer/environment/path.sh
[69.416s] -- Symlinking: /home/aaron/abstain-rover/ros2_ws/install/examples_rclcpp_minimal_timer/share/examples_rclcpp_minimal_timer/environment/path.dsv
[69.468s] -- Symlinking: /home/aaron/abstain-rover/ros2_ws/install/examples_rclcpp_minimal_timer/share/examples_rclcpp_minimal_timer/local_setup.bash
[69.494s] -- Symlinking: /home/aaron/abstain-rover/ros2_ws/install/examples_rclcpp_minimal_timer/share/examples_rclcpp_minimal_timer/local_setup.sh
[69.600s] -- Symlinking: /home/aaron/abstain-rover/ros2_ws/install/examples_rclcpp_minimal_timer/share/examples_rclcpp_minimal_timer/local_setup.zsh
[69.655s] -- Symlinking: /home/aaron/abstain-rover/ros2_ws/install/examples_rclcpp_minimal_timer/share/examples_rclcpp_minimal_timer/local_setup.dsv
[69.711s] -- Symlinking: /home/aaron/abstain-rover/ros2_ws/install/examples_rclcpp_minimal_timer/share/examples_rclcpp_minimal_timer/package.dsv
[69.755s] -- Symlinking: /home/aaron/abstain-rover/ros2_ws/install/examples_rclcpp_minimal_timer/share/ament_index/resource_index/packages/examples_rclcpp_minimal_timer
[69.820s] -- Symlinking: /home/aaron/abstain-rover/ros2_ws/install/examples_rclcpp_minimal_timer/share/examples_rclcpp_minimal_timer/cmake/examples_rclcpp_minimal_timerConfig.cmake
[69.927s] -- Symlinking: /home/aaron/abstain-rover/ros2_ws/install/examples_rclcpp_minimal_timer/share/examples_rclcpp_minimal_timer/cmake/examples_rclcpp_minimal_timerConfig-version.cmake
[69.979s] -- Symlinking: /home/aaron/abstain-rover/ros2_ws/install/examples_rclcpp_minimal_timer/share/examples_rclcpp_minimal_timer/package.xml
[76.018s] Invoked command in '/home/aaron/abstain-rover/ros2_ws/build/examples_rclcpp_minimal_timer' returned '0': CMAKE_PREFIX_PATH=/opt/ros/humble PS1=[\u@\h \W]\$ /usr/bin/cmake --install /home/aaron/abstain-rover/ros2_ws/build/examples_rclcpp_minimal_timer
