[0.067s] Invoking command in '/home/aaron/abstain-rover/ros2_ws/build/examples_rclcpp_minimal_composition': CMAKE_PREFIX_PATH=/opt/ros/humble PS1=[\u@\h \W]\$ /usr/bin/cmake /home/aaron/abstain-rover/ros2_ws/src/src/examples/rclcpp/composition/minimal_composition -DAMENT_CMAKE_SYMLINK_INSTALL=1 -DCMAKE_INSTALL_PREFIX=/home/aaron/abstain-rover/ros2_ws/install/examples_rclcpp_minimal_composition
[1.497s] -- Found ament_cmake: 1.3.12 (/opt/ros/humble/share/ament_cmake/cmake)
[1.497s] -- Found Python3: /usr/bin/python3 (found version "3.10.12") found components: Interpreter 
[1.497s] -- Override CMake install command with custom implementation using symlinks instead of copying resources
[1.497s] -- Found rclcpp: 16.0.15 (/opt/ros/humble/share/rclcpp/cmake)
[1.498s] -- Found rosidl_generator_c: 3.1.7 (/opt/ros/humble/share/rosidl_generator_c/cmake)
[1.498s] -- Found rosidl_adapter: 3.1.7 (/opt/ros/humble/share/rosidl_adapter/cmake)
[1.498s] -- Found rosidl_generator_cpp: 3.1.7 (/opt/ros/humble/share/rosidl_generator_cpp/cmake)
[1.498s] -- Using all available rosidl_typesupport_c: rosidl_typesupport_fastrtps_c;rosidl_typesupport_introspection_c
[1.498s] -- Using all available rosidl_typesupport_cpp: rosidl_typesupport_fastrtps_cpp;rosidl_typesupport_introspection_cpp
[1.498s] -- Found rmw_implementation_cmake: 6.1.2 (/opt/ros/humble/share/rmw_implementation_cmake/cmake)
[1.498s] -- Found rmw_fastrtps_cpp: 6.2.8 (/opt/ros/humble/share/rmw_fastrtps_cpp/cmake)
[1.498s] -- Found OpenSSL: /usr/lib/x86_64-linux-gnu/libcrypto.so (found version "3.0.2")  
[1.498s] -- Found FastRTPS: /opt/ros/humble/include  
[1.498s] -- Using RMW implementation 'rmw_fastrtps_cpp' as default
[1.498s] -- Looking for pthread.h
[1.499s] -- Looking for pthread.h - found
[1.499s] -- Performing Test CMAKE_HAVE_LIBC_PTHREAD
[1.499s] -- Performing Test CMAKE_HAVE_LIBC_PTHREAD - Success
[1.499s] -- Found Threads: TRUE  
[1.504s] -- Found rclcpp_components: 16.0.15 (/opt/ros/humble/share/rclcpp_components/cmake)
[1.505s] -- Found ament_lint_auto: 0.12.14 (/opt/ros/humble/share/ament_lint_auto/cmake)
[1.510s] -- Added test 'copyright' to check source files copyright and LICENSE
[1.511s] -- Added test 'cppcheck' to perform static code analysis on C / C++ code
[1.511s] -- Configured cppcheck include dirs: /home/aaron/abstain-rover/ros2_ws/src/src/examples/rclcpp/composition/minimal_composition/include
[1.511s] -- Configured cppcheck exclude dirs and/or files: 
[1.511s] -- Added test 'cpplint' to check C / C++ code against the Google style
[1.512s] -- Configured cpplint exclude dirs and/or files: 
[1.513s] -- Added test 'lint_cmake' to check CMake code style
[1.514s] -- Added test 'uncrustify' to check C / C++ code style
[1.514s] -- Configured uncrustify additional arguments: 
[1.515s] -- Added test 'xmllint' to check XML markup files
[1.515s] -- Configuring done
[1.574s] -- Generating done
[1.574s] -- Build files have been written to: /home/aaron/abstain-rover/ros2_ws/build/examples_rclcpp_minimal_composition
[1.594s] Invoked command in '/home/aaron/abstain-rover/ros2_ws/build/examples_rclcpp_minimal_composition' returned '0': CMAKE_PREFIX_PATH=/opt/ros/humble PS1=[\u@\h \W]\$ /usr/bin/cmake /home/aaron/abstain-rover/ros2_ws/src/src/examples/rclcpp/composition/minimal_composition -DAMENT_CMAKE_SYMLINK_INSTALL=1 -DCMAKE_INSTALL_PREFIX=/home/aaron/abstain-rover/ros2_ws/install/examples_rclcpp_minimal_composition
[1.595s] Invoking command in '/home/aaron/abstain-rover/ros2_ws/build/examples_rclcpp_minimal_composition': CMAKE_PREFIX_PATH=/opt/ros/humble PS1=[\u@\h \W]\$ /usr/bin/cmake --build /home/aaron/abstain-rover/ros2_ws/build/examples_rclcpp_minimal_composition -- -j16 -l16
[1.752s] [ 11%] [32mBuilding CXX object CMakeFiles/composition_nodes.dir/src/publisher_node.cpp.o[0m
[1.800s] [ 22%] [32mBuilding CXX object CMakeFiles/composition_nodes.dir/src/subscriber_node.cpp.o[0m
[84.152s] [ 33%] [32m[1mLinking CXX shared library libcomposition_nodes.so[0m
[84.752s] [ 33%] Built target composition_nodes
[84.777s] [ 44%] [32mBuilding CXX object CMakeFiles/composition_publisher.dir/src/standalone_publisher.cpp.o[0m
[87.340s] [ 55%] [32m[1mLinking CXX executable composition_publisher[0m
[87.564s] [ 55%] Built target composition_publisher
[87.594s] [ 66%] [32mBuilding CXX object CMakeFiles/composition_composed.dir/src/composed.cpp.o[0m
[90.045s] [ 77%] [32m[1mLinking CXX executable composition_composed[0m
[90.282s] [ 77%] Built target composition_composed
[90.306s] [ 88%] [32mBuilding CXX object CMakeFiles/composition_subscriber.dir/src/standalone_subscriber.cpp.o[0m
[92.449s] [100%] [32m[1mLinking CXX executable composition_subscriber[0m
[92.668s] [100%] Built target composition_subscriber
[92.714s] Invoked command in '/home/aaron/abstain-rover/ros2_ws/build/examples_rclcpp_minimal_composition' returned '0': CMAKE_PREFIX_PATH=/opt/ros/humble PS1=[\u@\h \W]\$ /usr/bin/cmake --build /home/aaron/abstain-rover/ros2_ws/build/examples_rclcpp_minimal_composition -- -j16 -l16
[92.716s] Invoking command in '/home/aaron/abstain-rover/ros2_ws/build/examples_rclcpp_minimal_composition': CMAKE_PREFIX_PATH=/opt/ros/humble PS1=[\u@\h \W]\$ /usr/bin/cmake --install /home/aaron/abstain-rover/ros2_ws/build/examples_rclcpp_minimal_composition
[92.729s] -- Install configuration: ""
[92.730s] -- Execute custom install script
[92.731s] -- Symlinking: /home/aaron/abstain-rover/ros2_ws/install/examples_rclcpp_minimal_composition/share/examples_rclcpp_minimal_composition/environment/library_path.sh
[92.739s] -- Symlinking: /home/aaron/abstain-rover/ros2_ws/install/examples_rclcpp_minimal_composition/share/examples_rclcpp_minimal_composition/environment/library_path.dsv
[92.748s] -- Symlinking: /home/aaron/abstain-rover/ros2_ws/install/examples_rclcpp_minimal_composition/lib/libcomposition_nodes.so
[92.756s] -- Symlinking: /home/aaron/abstain-rover/ros2_ws/install/examples_rclcpp_minimal_composition/lib/examples_rclcpp_minimal_composition/composition_publisher
[92.764s] -- Symlinking: /home/aaron/abstain-rover/ros2_ws/install/examples_rclcpp_minimal_composition/lib/examples_rclcpp_minimal_composition/composition_subscriber
[92.773s] -- Symlinking: /home/aaron/abstain-rover/ros2_ws/install/examples_rclcpp_minimal_composition/lib/examples_rclcpp_minimal_composition/composition_composed
[92.781s] -- Symlinking: /home/aaron/abstain-rover/ros2_ws/install/examples_rclcpp_minimal_composition/share/ament_index/resource_index/package_run_dependencies/examples_rclcpp_minimal_composition
[92.789s] -- Symlinking: /home/aaron/abstain-rover/ros2_ws/install/examples_rclcpp_minimal_composition/share/ament_index/resource_index/parent_prefix_path/examples_rclcpp_minimal_composition
[92.797s] -- Symlinking: /home/aaron/abstain-rover/ros2_ws/install/examples_rclcpp_minimal_composition/share/examples_rclcpp_minimal_composition/environment/ament_prefix_path.sh
[92.806s] -- Symlinking: /home/aaron/abstain-rover/ros2_ws/install/examples_rclcpp_minimal_composition/share/examples_rclcpp_minimal_composition/environment/ament_prefix_path.dsv
[92.815s] -- Symlinking: /home/aaron/abstain-rover/ros2_ws/install/examples_rclcpp_minimal_composition/share/examples_rclcpp_minimal_composition/environment/path.sh
[92.823s] -- Symlinking: /home/aaron/abstain-rover/ros2_ws/install/examples_rclcpp_minimal_composition/share/examples_rclcpp_minimal_composition/environment/path.dsv
[92.833s] -- Symlinking: /home/aaron/abstain-rover/ros2_ws/install/examples_rclcpp_minimal_composition/share/examples_rclcpp_minimal_composition/local_setup.bash
[92.850s] -- Symlinking: /home/aaron/abstain-rover/ros2_ws/install/examples_rclcpp_minimal_composition/share/examples_rclcpp_minimal_composition/local_setup.sh
[92.858s] -- Symlinking: /home/aaron/abstain-rover/ros2_ws/install/examples_rclcpp_minimal_composition/share/examples_rclcpp_minimal_composition/local_setup.zsh
[92.866s] -- Symlinking: /home/aaron/abstain-rover/ros2_ws/install/examples_rclcpp_minimal_composition/share/examples_rclcpp_minimal_composition/local_setup.dsv
[92.875s] -- Symlinking: /home/aaron/abstain-rover/ros2_ws/install/examples_rclcpp_minimal_composition/share/examples_rclcpp_minimal_composition/package.dsv
[92.884s] -- Symlinking: /home/aaron/abstain-rover/ros2_ws/install/examples_rclcpp_minimal_composition/share/ament_index/resource_index/packages/examples_rclcpp_minimal_composition
[92.893s] -- Symlinking: /home/aaron/abstain-rover/ros2_ws/install/examples_rclcpp_minimal_composition/share/examples_rclcpp_minimal_composition/cmake/examples_rclcpp_minimal_compositionConfig.cmake
[92.901s] -- Symlinking: /home/aaron/abstain-rover/ros2_ws/install/examples_rclcpp_minimal_composition/share/examples_rclcpp_minimal_composition/cmake/examples_rclcpp_minimal_compositionConfig-version.cmake
[92.909s] -- Symlinking: /home/aaron/abstain-rover/ros2_ws/install/examples_rclcpp_minimal_composition/share/examples_rclcpp_minimal_composition/package.xml
[92.921s] Invoked command in '/home/aaron/abstain-rover/ros2_ws/build/examples_rclcpp_minimal_composition' returned '0': CMAKE_PREFIX_PATH=/opt/ros/humble PS1=[\u@\h \W]\$ /usr/bin/cmake --install /home/aaron/abstain-rover/ros2_ws/build/examples_rclcpp_minimal_composition
