[3.240s] Invoking command in '/home/aaron/abstain-rover/ros2_ws/build/examples_rclpy_minimal_action_client': PS1=[\u@\h \W]\$ PYTHONPATH=/home/aaron/abstain-rover/ros2_ws/build/examples_rclpy_minimal_action_client/prefix_override:/usr/lib/python3/dist-packages/colcon_core/task/python/colcon_distutils_commands:/home/aaron/abstain-rover/ros2_ws/install/examples_rclpy_minimal_action_client/lib/python3.10/site-packages:${PYTHONPATH} /usr/bin/python3 -W ignore:setup.py install is deprecated -W ignore:easy_install command is deprecated setup.py develop --editable --build-directory /home/aaron/abstain-rover/ros2_ws/build/examples_rclpy_minimal_action_client/build --no-deps symlink_data
[69.259s] running develop
[69.262s] running egg_info
[69.262s] creating examples_rclpy_minimal_action_client.egg-info
[69.263s] writing examples_rclpy_minimal_action_client.egg-info/PKG-INFO
[69.263s] writing dependency_links to examples_rclpy_minimal_action_client.egg-info/dependency_links.txt
[69.263s] writing entry points to examples_rclpy_minimal_action_client.egg-info/entry_points.txt
[69.263s] writing requirements to examples_rclpy_minimal_action_client.egg-info/requires.txt
[69.263s] writing top-level names to examples_rclpy_minimal_action_client.egg-info/top_level.txt
[69.263s] writing manifest file 'examples_rclpy_minimal_action_client.egg-info/SOURCES.txt'
[69.263s] reading manifest file 'examples_rclpy_minimal_action_client.egg-info/SOURCES.txt'
[69.263s] writing manifest file 'examples_rclpy_minimal_action_client.egg-info/SOURCES.txt'
[69.263s] running build_ext
[69.263s] Creating /home/aaron/abstain-rover/ros2_ws/install/examples_rclpy_minimal_action_client/lib/python3.10/site-packages/examples-rclpy-minimal-action-client.egg-link (link to .)
[69.264s] Installing client script to /home/aaron/abstain-rover/ros2_ws/install/examples_rclpy_minimal_action_client/lib/examples_rclpy_minimal_action_client
[69.264s] Installing client_asyncio script to /home/aaron/abstain-rover/ros2_ws/install/examples_rclpy_minimal_action_client/lib/examples_rclpy_minimal_action_client
[69.264s] Installing client_cancel script to /home/aaron/abstain-rover/ros2_ws/install/examples_rclpy_minimal_action_client/lib/examples_rclpy_minimal_action_client
[69.264s] Installing client_not_composable script to /home/aaron/abstain-rover/ros2_ws/install/examples_rclpy_minimal_action_client/lib/examples_rclpy_minimal_action_client
[69.264s] 
[69.264s] Installed /home/aaron/abstain-rover/ros2_ws/build/examples_rclpy_minimal_action_client
[69.264s] running symlink_data
[69.264s] creating /home/aaron/abstain-rover/ros2_ws/install/examples_rclpy_minimal_action_client/share/ament_index
[69.264s] creating /home/aaron/abstain-rover/ros2_ws/install/examples_rclpy_minimal_action_client/share/ament_index/resource_index
[69.264s] creating /home/aaron/abstain-rover/ros2_ws/install/examples_rclpy_minimal_action_client/share/ament_index/resource_index/packages
[69.264s] symbolically linking /home/aaron/abstain-rover/ros2_ws/build/examples_rclpy_minimal_action_client/resource/examples_rclpy_minimal_action_client -> /home/aaron/abstain-rover/ros2_ws/install/examples_rclpy_minimal_action_client/share/ament_index/resource_index/packages
[69.265s] symbolically linking /home/aaron/abstain-rover/ros2_ws/build/examples_rclpy_minimal_action_client/package.xml -> /home/aaron/abstain-rover/ros2_ws/install/examples_rclpy_minimal_action_client/share/examples_rclpy_minimal_action_client
[69.571s] Invoked command in '/home/aaron/abstain-rover/ros2_ws/build/examples_rclpy_minimal_action_client' returned '0': PS1=[\u@\h \W]\$ PYTHONPATH=/home/aaron/abstain-rover/ros2_ws/build/examples_rclpy_minimal_action_client/prefix_override:/usr/lib/python3/dist-packages/colcon_core/task/python/colcon_distutils_commands:/home/aaron/abstain-rover/ros2_ws/install/examples_rclpy_minimal_action_client/lib/python3.10/site-packages:${PYTHONPATH} /usr/bin/python3 -W ignore:setup.py install is deprecated -W ignore:easy_install command is deprecated setup.py develop --editable --build-directory /home/aaron/abstain-rover/ros2_ws/build/examples_rclpy_minimal_action_client/build --no-deps symlink_data
