[8.093s] Invoking command in '/home/aaron/abstain-rover/ros2_ws/build/examples_rclpy_pointcloud_publisher': PS1=[\u@\h \W]\$ PYTHONPATH=/home/aaron/abstain-rover/ros2_ws/build/examples_rclpy_pointcloud_publisher/prefix_override:/usr/lib/python3/dist-packages/colcon_core/task/python/colcon_distutils_commands:/home/aaron/abstain-rover/ros2_ws/install/examples_rclpy_pointcloud_publisher/lib/python3.10/site-packages:${PYTHONPATH} /usr/bin/python3 -W ignore:setup.py install is deprecated -W ignore:easy_install command is deprecated setup.py develop --editable --build-directory /home/aaron/abstain-rover/ros2_ws/build/examples_rclpy_pointcloud_publisher/build --no-deps symlink_data
[8.921s] running develop
[9.439s] running egg_info
[9.439s] creating examples_rclpy_pointcloud_publisher.egg-info
[9.439s] writing examples_rclpy_pointcloud_publisher.egg-info/PKG-INFO
[9.440s] writing dependency_links to examples_rclpy_pointcloud_publisher.egg-info/dependency_links.txt
[9.443s] writing entry points to examples_rclpy_pointcloud_publisher.egg-info/entry_points.txt
[9.444s] writing requirements to examples_rclpy_pointcloud_publisher.egg-info/requires.txt
[9.445s] writing top-level names to examples_rclpy_pointcloud_publisher.egg-info/top_level.txt
[9.447s] writing manifest file 'examples_rclpy_pointcloud_publisher.egg-info/SOURCES.txt'
[9.457s] reading manifest file 'examples_rclpy_pointcloud_publisher.egg-info/SOURCES.txt'
[9.458s] writing manifest file 'examples_rclpy_pointcloud_publisher.egg-info/SOURCES.txt'
[9.467s] running build_ext
[9.468s] Creating /home/aaron/abstain-rover/ros2_ws/install/examples_rclpy_pointcloud_publisher/lib/python3.10/site-packages/examples-rclpy-pointcloud-publisher.egg-link (link to .)
[9.478s] Installing pointcloud_publisher script to /home/aaron/abstain-rover/ros2_ws/install/examples_rclpy_pointcloud_publisher/lib/examples_rclpy_pointcloud_publisher
[9.478s] 
[9.478s] Installed /home/aaron/abstain-rover/ros2_ws/build/examples_rclpy_pointcloud_publisher
[9.479s] running symlink_data
[9.479s] creating /home/aaron/abstain-rover/ros2_ws/install/examples_rclpy_pointcloud_publisher/share/ament_index
[9.479s] creating /home/aaron/abstain-rover/ros2_ws/install/examples_rclpy_pointcloud_publisher/share/ament_index/resource_index
[9.479s] creating /home/aaron/abstain-rover/ros2_ws/install/examples_rclpy_pointcloud_publisher/share/ament_index/resource_index/packages
[9.479s] symbolically linking /home/aaron/abstain-rover/ros2_ws/build/examples_rclpy_pointcloud_publisher/resource/examples_rclpy_pointcloud_publisher -> /home/aaron/abstain-rover/ros2_ws/install/examples_rclpy_pointcloud_publisher/share/ament_index/resource_index/packages
[9.479s] symbolically linking /home/aaron/abstain-rover/ros2_ws/build/examples_rclpy_pointcloud_publisher/package.xml -> /home/aaron/abstain-rover/ros2_ws/install/examples_rclpy_pointcloud_publisher/share/examples_rclpy_pointcloud_publisher
[9.639s] Invoked command in '/home/aaron/abstain-rover/ros2_ws/build/examples_rclpy_pointcloud_publisher' returned '0': PS1=[\u@\h \W]\$ PYTHONPATH=/home/aaron/abstain-rover/ros2_ws/build/examples_rclpy_pointcloud_publisher/prefix_override:/usr/lib/python3/dist-packages/colcon_core/task/python/colcon_distutils_commands:/home/aaron/abstain-rover/ros2_ws/install/examples_rclpy_pointcloud_publisher/lib/python3.10/site-packages:${PYTHONPATH} /usr/bin/python3 -W ignore:setup.py install is deprecated -W ignore:easy_install command is deprecated setup.py develop --editable --build-directory /home/aaron/abstain-rover/ros2_ws/build/examples_rclpy_pointcloud_publisher/build --no-deps symlink_data
