[2.151s] Invoking command in '/home/aaron/abstain-rover/ros2_ws/build/examples_rclpy_executors': PS1=[\u@\h \W]\$ PYTHONPATH=/home/aaron/abstain-rover/ros2_ws/build/examples_rclpy_executors/prefix_override:/usr/lib/python3/dist-packages/colcon_core/task/python/colcon_distutils_commands:/home/aaron/abstain-rover/ros2_ws/install/examples_rclpy_executors/lib/python3.10/site-packages:${PYTHONPATH} /usr/bin/python3 -W ignore:setup.py install is deprecated -W ignore:easy_install command is deprecated setup.py develop --editable --build-directory /home/aaron/abstain-rover/ros2_ws/build/examples_rclpy_executors/build --no-deps symlink_data
[69.244s] running develop
[69.244s] running egg_info
[69.244s] creating examples_rclpy_executors.egg-info
[69.244s] writing examples_rclpy_executors.egg-info/PKG-INFO
[69.244s] writing dependency_links to examples_rclpy_executors.egg-info/dependency_links.txt
[69.244s] writing entry points to examples_rclpy_executors.egg-info/entry_points.txt
[69.244s] writing requirements to examples_rclpy_executors.egg-info/requires.txt
[69.245s] writing top-level names to examples_rclpy_executors.egg-info/top_level.txt
[69.245s] writing manifest file 'examples_rclpy_executors.egg-info/SOURCES.txt'
[69.245s] reading manifest file 'examples_rclpy_executors.egg-info/SOURCES.txt'
[69.245s] writing manifest file 'examples_rclpy_executors.egg-info/SOURCES.txt'
[69.245s] running build_ext
[69.245s] Creating /home/aaron/abstain-rover/ros2_ws/install/examples_rclpy_executors/lib/python3.10/site-packages/examples-rclpy-executors.egg-link (link to .)
[69.245s] Installing callback_group script to /home/aaron/abstain-rover/ros2_ws/install/examples_rclpy_executors/lib/examples_rclpy_executors
[69.245s] Installing composed script to /home/aaron/abstain-rover/ros2_ws/install/examples_rclpy_executors/lib/examples_rclpy_executors
[69.253s] Installing custom_callback_group script to /home/aaron/abstain-rover/ros2_ws/install/examples_rclpy_executors/lib/examples_rclpy_executors
[69.254s] Installing custom_executor script to /home/aaron/abstain-rover/ros2_ws/install/examples_rclpy_executors/lib/examples_rclpy_executors
[69.254s] Installing listener script to /home/aaron/abstain-rover/ros2_ws/install/examples_rclpy_executors/lib/examples_rclpy_executors
[69.254s] Installing talker script to /home/aaron/abstain-rover/ros2_ws/install/examples_rclpy_executors/lib/examples_rclpy_executors
[69.254s] 
[69.254s] Installed /home/aaron/abstain-rover/ros2_ws/build/examples_rclpy_executors
[69.254s] running symlink_data
[69.254s] creating /home/aaron/abstain-rover/ros2_ws/install/examples_rclpy_executors/share/ament_index
[69.254s] creating /home/aaron/abstain-rover/ros2_ws/install/examples_rclpy_executors/share/ament_index/resource_index
[69.255s] creating /home/aaron/abstain-rover/ros2_ws/install/examples_rclpy_executors/share/ament_index/resource_index/packages
[69.255s] symbolically linking /home/aaron/abstain-rover/ros2_ws/build/examples_rclpy_executors/resource/examples_rclpy_executors -> /home/aaron/abstain-rover/ros2_ws/install/examples_rclpy_executors/share/ament_index/resource_index/packages
[69.255s] symbolically linking /home/aaron/abstain-rover/ros2_ws/build/examples_rclpy_executors/package.xml -> /home/aaron/abstain-rover/ros2_ws/install/examples_rclpy_executors/share/examples_rclpy_executors
[69.450s] Invoked command in '/home/aaron/abstain-rover/ros2_ws/build/examples_rclpy_executors' returned '0': PS1=[\u@\h \W]\$ PYTHONPATH=/home/aaron/abstain-rover/ros2_ws/build/examples_rclpy_executors/prefix_override:/usr/lib/python3/dist-packages/colcon_core/task/python/colcon_distutils_commands:/home/aaron/abstain-rover/ros2_ws/install/examples_rclpy_executors/lib/python3.10/site-packages:${PYTHONPATH} /usr/bin/python3 -W ignore:setup.py install is deprecated -W ignore:easy_install command is deprecated setup.py develop --editable --build-directory /home/aaron/abstain-rover/ros2_ws/build/examples_rclpy_executors/build --no-deps symlink_data
