[0.062s] Invoking command in '/home/aaron/abstain-rover/ros2_ws/build/abstain_pkg': CMAKE_PREFIX_PATH=/opt/ros/humble PS1=[\u@\h \W]\$ /usr/bin/cmake /home/aaron/abstain-rover/ros2_ws/src/abstain_pkg -DCMAKE_INSTALL_PREFIX=/home/aaron/abstain-rover/ros2_ws/install/abstain_pkg
[0.522s] -- The C compiler identification is GNU 11.4.0
[0.523s] -- The CXX compiler identification is GNU 11.4.0
[0.525s] -- Detecting C compiler ABI info
[0.527s] -- Detecting C compiler ABI info - done
[0.528s] -- Check for working C compiler: /usr/bin/cc - skipped
[0.530s] -- Detecting C compile features
[0.530s] -- Detecting C compile features - done
[0.531s] -- Detecting CXX compiler ABI info
[0.531s] -- Detecting CXX compiler ABI info - done
[0.532s] -- Check for working CXX compiler: /usr/bin/c++ - skipped
[0.532s] -- Detecting CXX compile features
[0.532s] -- Detecting CXX compile features - done
[0.533s] -- Found ament_cmake: 1.3.12 (/opt/ros/humble/share/ament_cmake/cmake)
[0.593s] -- Found Python3: /usr/bin/python3 (found version "3.10.12") found components: Interpreter 
[0.676s] -- Found ament_lint_auto: 0.12.14 (/opt/ros/humble/share/ament_lint_auto/cmake)
[0.740s] -- Added test 'cppcheck' to perform static code analysis on C / C++ code
[0.740s] -- Configured cppcheck include dirs: $<BUILD_INTERFACE:/home/aaron/abstain-rover/ros2_ws/src/abstain_pkg/include>
[0.740s] -- Configured cppcheck exclude dirs and/or files: 
[0.741s] -- Added test 'lint_cmake' to check CMake code style
[0.741s] -- Added test 'uncrustify' to check C / C++ code style
[0.742s] -- Configured uncrustify additional arguments: 
[0.742s] -- Added test 'xmllint' to check XML markup files
[0.743s] -- Configuring done
[0.748s] -- Generating done
[0.750s] -- Build files have been written to: /home/aaron/abstain-rover/ros2_ws/build/abstain_pkg
