[0.058s] Invoking command in '/home/aaron/abstain-rover/ros2_ws/build/examples_rclcpp_minimal_client': PS1=[\u@\h \W]\$ /usr/bin/cmake /home/aaron/abstain-rover/ros2_ws/src/src/examples/rclcpp/services/minimal_client -DAMENT_CMAKE_SYMLINK_INSTALL=1 -DCMAKE_INSTALL_PREFIX=/home/aaron/abstain-rover/ros2_ws/install/examples_rclcpp_minimal_client
[1.017s] -- The C compiler identification is GNU 11.4.0
[1.019s] -- The CXX compiler identification is GNU 11.4.0
[1.019s] -- Detecting C compiler ABI info
[1.020s] -- Detecting C compiler ABI info - done
[1.020s] -- Check for working C compiler: /usr/bin/cc - skipped
[1.020s] -- Detecting C compile features
[1.021s] -- Detecting C compile features - done
[1.021s] -- Detecting CXX compiler ABI info
[1.021s] -- Detecting CXX compiler ABI info - done
[1.021s] -- Check for working CXX compiler: /usr/bin/c++ - skipped
[1.021s] -- Detecting CXX compile features
[1.021s] -- Detecting CXX compile features - done
[1.021s] -- Configuring incomplete, errors occurred!
[1.021s] See also "/home/aaron/abstain-rover/ros2_ws/build/examples_rclcpp_minimal_client/CMakeFiles/CMakeOutput.log".
[1.027s] [31mCMake Error at CMakeLists.txt:13 (find_package):
[1.028s]   By not providing "Findament_cmake.cmake" in CMAKE_MODULE_PATH this project
[1.029s]   has asked CMake to find a package configuration file provided by
[1.029s]   "ament_cmake", but CMake did not find one.
[1.030s] 
[1.030s]   Could not find a package configuration file provided by "ament_cmake" with
[1.030s]   any of the following names:
[1.031s] 
[1.031s]     ament_cmakeConfig.cmake
[1.031s]     ament_cmake-config.cmake
[1.031s] 
[1.031s]   Add the installation prefix of "ament_cmake" to CMAKE_PREFIX_PATH or set
[1.032s]   "ament_cmake_DIR" to a directory containing one of the above files.  If
[1.032s]   "ament_cmake" provides a separate development package or SDK, be sure it
[1.032s]   has been installed.
[1.032s] 
[1.032s] [0m
[1.064s] Invoked command in '/home/aaron/abstain-rover/ros2_ws/build/examples_rclcpp_minimal_client' returned '1': PS1=[\u@\h \W]\$ /usr/bin/cmake /home/aaron/abstain-rover/ros2_ws/src/src/examples/rclcpp/services/minimal_client -DAMENT_CMAKE_SYMLINK_INSTALL=1 -DCMAKE_INSTALL_PREFIX=/home/aaron/abstain-rover/ros2_ws/install/examples_rclcpp_minimal_client
