[0.062s] Invoking command in '/home/aaron/abstain-rover/ros2_ws/build/examples_rclcpp_wait_set': CMAKE_PREFIX_PATH=/opt/ros/humble PS1=[\u@\h \W]\$ /usr/bin/cmake /home/aaron/abstain-rover/ros2_ws/src/src/examples/rclcpp/wait_set -DAMENT_CMAKE_SYMLINK_INSTALL=1 -DCMAKE_INSTALL_PREFIX=/home/aaron/abstain-rover/ros2_ws/install/examples_rclcpp_wait_set
[1.539s] -- Found ament_cmake: 1.3.12 (/opt/ros/humble/share/ament_cmake/cmake)
[1.539s] -- Found Python3: /usr/bin/python3 (found version "3.10.12") found components: Interpreter 
[1.539s] -- Override CMake install command with custom implementation using symlinks instead of copying resources
[1.540s] -- Found example_interfaces: 0.9.3 (/opt/ros/humble/share/example_interfaces/cmake)
[1.540s] -- Found rosidl_generator_c: 3.1.7 (/opt/ros/humble/share/rosidl_generator_c/cmake)
[1.540s] -- Found rosidl_adapter: 3.1.7 (/opt/ros/humble/share/rosidl_adapter/cmake)
[1.540s] -- Found rosidl_generator_cpp: 3.1.7 (/opt/ros/humble/share/rosidl_generator_cpp/cmake)
[1.540s] -- Using all available rosidl_typesupport_c: rosidl_typesupport_fastrtps_c;rosidl_typesupport_introspection_c
[1.540s] -- Using all available rosidl_typesupport_cpp: rosidl_typesupport_fastrtps_cpp;rosidl_typesupport_introspection_cpp
[1.540s] -- Found rclcpp: 16.0.15 (/opt/ros/humble/share/rclcpp/cmake)
[1.540s] -- Found rmw_implementation_cmake: 6.1.2 (/opt/ros/humble/share/rmw_implementation_cmake/cmake)
[1.540s] -- Found rmw_fastrtps_cpp: 6.2.8 (/opt/ros/humble/share/rmw_fastrtps_cpp/cmake)
[1.540s] -- Found OpenSSL: /usr/lib/x86_64-linux-gnu/libcrypto.so (found version "3.0.2")  
[1.540s] -- Found FastRTPS: /opt/ros/humble/include  
[1.541s] -- Using RMW implementation 'rmw_fastrtps_cpp' as default
[1.541s] -- Looking for pthread.h
[1.541s] -- Looking for pthread.h - found
[1.541s] -- Performing Test CMAKE_HAVE_LIBC_PTHREAD
[1.541s] -- Performing Test CMAKE_HAVE_LIBC_PTHREAD - Success
[1.541s] -- Found Threads: TRUE  
[1.541s] -- Found rclcpp_components: 16.0.15 (/opt/ros/humble/share/rclcpp_components/cmake)
[1.541s] -- Found ament_lint_auto: 0.12.14 (/opt/ros/humble/share/ament_lint_auto/cmake)
[1.541s] -- Added test 'copyright' to check source files copyright and LICENSE
[1.541s] -- Added test 'cppcheck' to perform static code analysis on C / C++ code
[1.541s] -- Configured cppcheck include dirs: /home/aaron/abstain-rover/ros2_ws/src/src/examples/rclcpp/wait_set/include
[1.541s] -- Configured cppcheck exclude dirs and/or files: 
[1.542s] -- Added test 'cpplint' to check C / C++ code against the Google style
[1.542s] -- Configured cpplint exclude dirs and/or files: 
[1.542s] -- Added test 'lint_cmake' to check CMake code style
[1.542s] -- Added test 'uncrustify' to check C / C++ code style
[1.542s] -- Configured uncrustify additional arguments: 
[1.542s] -- Added test 'xmllint' to check XML markup files
[1.542s] -- Configuring done
[1.553s] -- Generating done
[1.573s] -- Build files have been written to: /home/aaron/abstain-rover/ros2_ws/build/examples_rclcpp_wait_set
[1.575s] Invoked command in '/home/aaron/abstain-rover/ros2_ws/build/examples_rclcpp_wait_set' returned '0': CMAKE_PREFIX_PATH=/opt/ros/humble PS1=[\u@\h \W]\$ /usr/bin/cmake /home/aaron/abstain-rover/ros2_ws/src/src/examples/rclcpp/wait_set -DAMENT_CMAKE_SYMLINK_INSTALL=1 -DCMAKE_INSTALL_PREFIX=/home/aaron/abstain-rover/ros2_ws/install/examples_rclcpp_wait_set
[1.576s] Invoking command in '/home/aaron/abstain-rover/ros2_ws/build/examples_rclcpp_wait_set': CMAKE_PREFIX_PATH=/opt/ros/humble PS1=[\u@\h \W]\$ /usr/bin/cmake --build /home/aaron/abstain-rover/ros2_ws/build/examples_rclcpp_wait_set -- -j16 -l16
[68.991s] [  8%] [32mBuilding CXX object CMakeFiles/listener.dir/src/listener.cpp.o[0m
[68.992s] [  8%] [32mBuilding CXX object CMakeFiles/wait_set.dir/src/wait_set.cpp.o[0m
[69.006s] [ 16%] [32mBuilding CXX object CMakeFiles/talker.dir/src/talker.cpp.o[0m
[69.007s] [ 16%] [32mBuilding CXX object CMakeFiles/wait_set_listener.dir/rclcpp_components/node_main_wait_set_listener.cpp.o[0m
[69.007s] [ 20%] [32mBuilding CXX object CMakeFiles/thread_safe_wait_set.dir/src/thread_safe_wait_set.cpp.o[0m
[69.007s] [ 25%] [32mBuilding CXX object CMakeFiles/wait_set_talker.dir/rclcpp_components/node_main_wait_set_talker.cpp.o[0m
[69.007s] [ 29%] [32mBuilding CXX object CMakeFiles/wait_set_random_order.dir/src/wait_set_random_order.cpp.o[0m
[69.013s] [ 33%] [32mBuilding CXX object CMakeFiles/wait_set_topics_and_timer.dir/src/wait_set_topics_and_timer.cpp.o[0m
[69.013s] [ 37%] [32mBuilding CXX object CMakeFiles/static_wait_set.dir/src/static_wait_set.cpp.o[0m
[69.013s] [ 41%] [32mBuilding CXX object CMakeFiles/executor_random_order.dir/src/executor_random_order.cpp.o[0m
[69.013s] [ 45%] [32mBuilding CXX object CMakeFiles/wait_set_topics_with_different_rates.dir/src/wait_set_topics_with_different_rates.cpp.o[0m
[69.013s] [ 50%] [32m[1mLinking CXX shared library libtalker.so[0m
[69.015s] [ 50%] Built target talker
[69.015s] [ 54%] [32m[1mLinking CXX executable wait_set_listener[0m
[69.521s] [ 54%] Built target wait_set_listener
[70.124s] [ 58%] [32m[1mLinking CXX executable wait_set_talker[0m
[70.999s] [ 58%] Built target wait_set_talker
[75.671s] [ 62%] [32m[1mLinking CXX executable wait_set_topics_with_different_rates[0m
[76.381s] [ 66%] [32m[1mLinking CXX executable executor_random_order[0m
[77.474s] [ 66%] Built target wait_set_topics_with_different_rates
[78.797s] [ 66%] Built target executor_random_order
[81.938s] [ 70%] [32m[1mLinking CXX executable static_wait_set[0m
[82.390s] [ 75%] [32m[1mLinking CXX executable wait_set[0m
[82.686s] [ 79%] [32m[1mLinking CXX executable wait_set_topics_and_timer[0m
[82.826s] [ 79%] Built target static_wait_set
[83.446s] [ 79%] Built target wait_set_topics_and_timer
[83.461s] [ 79%] Built target wait_set
[83.498s] [ 83%] [32m[1mLinking CXX executable thread_safe_wait_set[0m
[84.206s] [ 83%] Built target thread_safe_wait_set
[85.117s] [ 87%] [32m[1mLinking CXX executable wait_set_random_order[0m
[85.195s] [ 91%] [32m[1mLinking CXX shared library liblistener.so[0m
[85.698s] [ 91%] Built target wait_set_random_order
[85.782s] [ 91%] Built target listener
[85.805s] [ 95%] [32mBuilding CXX object CMakeFiles/wait_set_composed.dir/src/wait_set_composed.cpp.o[0m
[88.114s] [100%] [32m[1mLinking CXX executable wait_set_composed[0m
[88.364s] [100%] Built target wait_set_composed
[88.394s] Invoked command in '/home/aaron/abstain-rover/ros2_ws/build/examples_rclcpp_wait_set' returned '0': CMAKE_PREFIX_PATH=/opt/ros/humble PS1=[\u@\h \W]\$ /usr/bin/cmake --build /home/aaron/abstain-rover/ros2_ws/build/examples_rclcpp_wait_set -- -j16 -l16
[88.396s] Invoking command in '/home/aaron/abstain-rover/ros2_ws/build/examples_rclcpp_wait_set': CMAKE_PREFIX_PATH=/opt/ros/humble PS1=[\u@\h \W]\$ /usr/bin/cmake --install /home/aaron/abstain-rover/ros2_ws/build/examples_rclcpp_wait_set
[88.403s] -- Install configuration: ""
[88.404s] -- Execute custom install script
[88.404s] -- Symlinking: /home/aaron/abstain-rover/ros2_ws/install/examples_rclcpp_wait_set/lib/examples_rclcpp_wait_set/wait_set_talker
[88.413s] -- Symlinking: /home/aaron/abstain-rover/ros2_ws/install/examples_rclcpp_wait_set/lib/examples_rclcpp_wait_set/wait_set_listener
[88.422s] -- Symlinking: /home/aaron/abstain-rover/ros2_ws/install/examples_rclcpp_wait_set/lib/libtalker.so
[88.431s] -- Symlinking: /home/aaron/abstain-rover/ros2_ws/install/examples_rclcpp_wait_set/lib/liblistener.so
[88.439s] -- Symlinking: /home/aaron/abstain-rover/ros2_ws/install/examples_rclcpp_wait_set/lib/examples_rclcpp_wait_set/wait_set
[88.449s] -- Symlinking: /home/aaron/abstain-rover/ros2_ws/install/examples_rclcpp_wait_set/lib/examples_rclcpp_wait_set/static_wait_set
[88.457s] -- Symlinking: /home/aaron/abstain-rover/ros2_ws/install/examples_rclcpp_wait_set/lib/examples_rclcpp_wait_set/thread_safe_wait_set
[88.465s] -- Symlinking: /home/aaron/abstain-rover/ros2_ws/install/examples_rclcpp_wait_set/lib/examples_rclcpp_wait_set/wait_set_topics_and_timer
[88.475s] -- Symlinking: /home/aaron/abstain-rover/ros2_ws/install/examples_rclcpp_wait_set/lib/examples_rclcpp_wait_set/wait_set_random_order
[88.484s] -- Symlinking: /home/aaron/abstain-rover/ros2_ws/install/examples_rclcpp_wait_set/lib/examples_rclcpp_wait_set/executor_random_order
[88.499s] -- Symlinking: /home/aaron/abstain-rover/ros2_ws/install/examples_rclcpp_wait_set/lib/examples_rclcpp_wait_set/wait_set_topics_with_different_rates
[88.508s] -- Symlinking: /home/aaron/abstain-rover/ros2_ws/install/examples_rclcpp_wait_set/lib/examples_rclcpp_wait_set/wait_set_composed
[88.523s] -- Symlinking: /home/aaron/abstain-rover/ros2_ws/install/examples_rclcpp_wait_set/share/ament_index/resource_index/package_run_dependencies/examples_rclcpp_wait_set
[88.532s] -- Symlinking: /home/aaron/abstain-rover/ros2_ws/install/examples_rclcpp_wait_set/share/ament_index/resource_index/parent_prefix_path/examples_rclcpp_wait_set
[88.548s] -- Symlinking: /home/aaron/abstain-rover/ros2_ws/install/examples_rclcpp_wait_set/share/examples_rclcpp_wait_set/environment/ament_prefix_path.sh
[88.557s] -- Symlinking: /home/aaron/abstain-rover/ros2_ws/install/examples_rclcpp_wait_set/share/examples_rclcpp_wait_set/environment/ament_prefix_path.dsv
[88.573s] -- Symlinking: /home/aaron/abstain-rover/ros2_ws/install/examples_rclcpp_wait_set/share/examples_rclcpp_wait_set/environment/path.sh
[88.588s] -- Symlinking: /home/aaron/abstain-rover/ros2_ws/install/examples_rclcpp_wait_set/share/examples_rclcpp_wait_set/environment/path.dsv
[88.597s] -- Symlinking: /home/aaron/abstain-rover/ros2_ws/install/examples_rclcpp_wait_set/share/examples_rclcpp_wait_set/local_setup.bash
[88.605s] -- Symlinking: /home/aaron/abstain-rover/ros2_ws/install/examples_rclcpp_wait_set/share/examples_rclcpp_wait_set/local_setup.sh
[88.613s] -- Symlinking: /home/aaron/abstain-rover/ros2_ws/install/examples_rclcpp_wait_set/share/examples_rclcpp_wait_set/local_setup.zsh
[88.622s] -- Symlinking: /home/aaron/abstain-rover/ros2_ws/install/examples_rclcpp_wait_set/share/examples_rclcpp_wait_set/local_setup.dsv
[88.630s] -- Symlinking: /home/aaron/abstain-rover/ros2_ws/install/examples_rclcpp_wait_set/share/examples_rclcpp_wait_set/package.dsv
[88.639s] -- Symlinking: /home/aaron/abstain-rover/ros2_ws/install/examples_rclcpp_wait_set/share/ament_index/resource_index/packages/examples_rclcpp_wait_set
[88.654s] -- Symlinking: /home/aaron/abstain-rover/ros2_ws/install/examples_rclcpp_wait_set/share/ament_index/resource_index/rclcpp_components/examples_rclcpp_wait_set
[88.664s] -- Symlinking: /home/aaron/abstain-rover/ros2_ws/install/examples_rclcpp_wait_set/share/examples_rclcpp_wait_set/cmake/examples_rclcpp_wait_setConfig.cmake
[88.672s] -- Symlinking: /home/aaron/abstain-rover/ros2_ws/install/examples_rclcpp_wait_set/share/examples_rclcpp_wait_set/cmake/examples_rclcpp_wait_setConfig-version.cmake
[88.682s] -- Symlinking: /home/aaron/abstain-rover/ros2_ws/install/examples_rclcpp_wait_set/share/examples_rclcpp_wait_set/package.xml
[88.694s] Invoked command in '/home/aaron/abstain-rover/ros2_ws/build/examples_rclcpp_wait_set' returned '0': CMAKE_PREFIX_PATH=/opt/ros/humble PS1=[\u@\h \W]\$ /usr/bin/cmake --install /home/aaron/abstain-rover/ros2_ws/build/examples_rclcpp_wait_set
