[0.057s] Invoking command in '/home/aaron/abstain-rover/ros2_ws/build/examples_rclcpp_minimal_action_client': PS1=[\u@\h \W]\$ /usr/bin/cmake /home/aaron/abstain-rover/ros2_ws/src/src/examples/rclcpp/actions/minimal_action_client -DAMENT_CMAKE_SYMLINK_INSTALL=1 -DCMAKE_INSTALL_PREFIX=/home/aaron/abstain-rover/ros2_ws/install/examples_rclcpp_minimal_action_client
[1.008s] [31mCMake Error at CMakeLists.txt:13 (find_package):
[1.008s]   By not providing "Findament_cmake.cmake" in CMAKE_MODULE_PATH this project
[1.009s]   has asked CMake to find a package configuration file provided by
[1.009s]   "ament_cmake", but CMake did not find one.
[1.009s] 
[1.009s]   Could not find a package configuration file provided by "ament_cmake" with
[1.009s]   any of the following names:
[1.009s] 
[1.009s]     ament_cmakeConfig.cmake
[1.009s]     ament_cmake-config.cmake
[1.009s] 
[1.009s]   Add the installation prefix of "ament_cmake" to CMAKE_PREFIX_PATH or set
[1.009s]   "ament_cmake_DIR" to a directory containing one of the above files.  If
[1.009s]   "ament_cmake" provides a separate development package or SDK, be sure it
[1.009s]   has been installed.
[1.009s] 
[1.009s] [0m
[1.010s] -- The C compiler identification is GNU 11.4.0
[1.010s] -- The CXX compiler identification is GNU 11.4.0
[1.011s] -- Detecting C compiler ABI info
[1.011s] -- Detecting C compiler ABI info - done
[1.012s] -- Check for working C compiler: /usr/bin/cc - skipped
[1.012s] -- Detecting C compile features
[1.012s] -- Detecting C compile features - done
[1.012s] -- Detecting CXX compiler ABI info
[1.012s] -- Detecting CXX compiler ABI info - done
[1.013s] -- Check for working CXX compiler: /usr/bin/c++ - skipped
[1.013s] -- Detecting CXX compile features
[1.014s] -- Detecting CXX compile features - done
[1.014s] -- Configuring incomplete, errors occurred!
[1.014s] See also "/home/aaron/abstain-rover/ros2_ws/build/examples_rclcpp_minimal_action_client/CMakeFiles/CMakeOutput.log".
[1.067s] Invoked command in '/home/aaron/abstain-rover/ros2_ws/build/examples_rclcpp_minimal_action_client' returned '1': PS1=[\u@\h \W]\$ /usr/bin/cmake /home/aaron/abstain-rover/ros2_ws/src/src/examples/rclcpp/actions/minimal_action_client -DAMENT_CMAKE_SYMLINK_INSTALL=1 -DCMAKE_INSTALL_PREFIX=/home/aaron/abstain-rover/ros2_ws/install/examples_rclcpp_minimal_action_client
