[0.000000] (-) TimerEvent: {}
[0.000593] (abstain_pkg) JobQueued: {'identifier': 'abstain_pkg', 'dependencies': OrderedDict()}
[0.000690] (abstain_pkg) JobStarted: {'identifier': 'abstain_pkg'}
[0.010868] (abstain_pkg) JobProgress: {'identifier': 'abstain_pkg', 'progress': 'cmake'}
[0.011637] (abstain_pkg) Command: {'cmd': ['/usr/bin/cmake', '/home/aaron/abstain-rover/ros2_ws/src/abstain_pkg', '-DCMAKE_INSTALL_PREFIX=/home/aaron/abstain-rover/ros2_ws/src/abstain_pkg/install/abstain_pkg'], 'cwd': '/home/aaron/abstain-rover/ros2_ws/src/abstain_pkg/build/abstain_pkg', 'env': OrderedDict([('KDE_FULL_SESSION', 'true'), ('MAIL', '/var/spool/mail/aaron'), ('USER', 'aaron'), ('PAM_KWALLET5_LOGIN', '/run/user/1000/kwallet5.socket'), ('LC_TIME', 'en_US.UTF-8'), ('HOSTNAME', 'endeavour'), ('XDG_SESSION_TYPE', 'wayland'), ('GIT_ASKPASS', '/opt/visual-studio-code/resources/app/extensions/git/dist/askpass.sh'), ('XDG_CACHE_HOME', '/home/aaron/.cache'), ('QT_WAYLAND_RECONNECT', '1'), ('SHLVL', '5'), ('LD_LIBRARY_PATH', '/home/aaron/abstain-rover/ros2_ws/install/examples_rclcpp_wait_set/lib:/home/aaron/abstain-rover/ros2_ws/install/examples_rclcpp_minimal_subscriber/lib:/home/aaron/abstain-rover/ros2_ws/install/examples_rclcpp_minimal_composition/lib:/opt/ros/humble/opt/rviz_ogre_vendor/lib:/opt/ros/humble/lib/x86_64-linux-gnu:/opt/ros/humble/lib'), ('BROWSER', 'firefox'), ('MOTD_SHOWN', 'pam'), ('HOME', '/home/aaron'), ('CHROME_DESKTOP', 'code.desktop'), ('KDE_APPLICATIONS_AS_SCOPE', '1'), ('OLDPWD', '/home/aaron/abstain-rover/ros2_ws/src/abstain_pkg/src'), ('TERM_PROGRAM_VERSION', '1.105.0'), ('DESKTOP_SESSION', 'plasma'), ('ROS_PYTHON_VERSION', '3'), ('GTK_RC_FILES', '/etc/gtk/gtkrc:/home/aaron/.gtkrc:/home/aaron/.config/gtkrc'), ('KDE_SESSION_VERSION', '6'), ('VSCODE_GIT_ASKPASS_MAIN', '/opt/visual-studio-code/resources/app/extensions/git/dist/askpass-main.js'), ('PS1', '[\\u@\\h \\W]\\$'), ('LC_MONETARY', 'en_US.UTF-8'), ('VSCODE_GIT_ASKPASS_NODE', '/opt/visual-studio-code/code'), ('MANAGERPID', '1190'), ('DISTROBOX_ENTER_PATH', '/usr/bin/distrobox-enter'), ('SYSTEMD_EXEC_PID', '1525'), ('VSCODE_PYTHON_AUTOACTIVATE_GUARD', '1'), ('XDG_STATE_HOME', '/home/aaron/.local/state'), ('DBUS_SESSION_BUS_ADDRESS', 'unix:path=/run/user/1000/bus'), ('COLORTERM', 'truecolor'), ('container', 'docker'), ('PICO_TOOLCHAIN_PATH', '/usr/bin'), ('WAYLAND_DISPLAY', 'wayland-0'), ('COLCON_PREFIX_PATH', '/home/aaron/abstain-rover/ros2_ws/install'), ('XKB_DEFAULT_LAYOUT', 'us'), ('ROS_DISTRO', 'humble'), ('LOGNAME', 'aaron'), ('MANAGERPIDFDID', '1191'), ('JOURNAL_STREAM', '9:25820'), ('_', '/usr/bin/colcon'), ('ROS_VERSION', '2'), ('MEMORY_PRESSURE_WATCH', '/sys/fs/cgroup/user.slice/user-1000.slice/user@1000.service/session.slice/plasma-plasmashell.service/memory.pressure'), ('XDG_SESSION_CLASS', 'user'), ('TERMINFO_DIRS', '/usr/share/terminfo:/run/host/usr/share/terminfo'), ('TERM', 'xterm-256color'), ('XDG_SESSION_ID', '2'), ('ROS_LOCALHOST_ONLY', '0'), ('GTK2_RC_FILES', '/etc/gtk-2.0/gtkrc:/home/aaron/.gtkrc-2.0:/home/aaron/.config/gtkrc-2.0'), ('PATH', '/opt/ros/humble/bin:/usr/local/sbin:/usr/local/bin:/usr/bin:/var/lib/flatpak/exports/bin:/usr/lib/jvm/default/bin:/usr/bin/site_perl:/usr/bin/vendor_perl:/usr/bin/core_perl:/usr/lib/rustup/bin:/usr/local/sbin:/usr/local/bin:/usr/sbin:/usr/bin:/sbin:/bin:/usr/sbin:/sbin:/bin'), ('SESSION_MANAGER', 'local/endeavour:@/tmp/.ICE-unix/1461,unix/endeavour:/tmp/.ICE-unix/1461'), ('INVOCATION_ID', '1fc6047d5b1849e5ab7dd0e1f42e2e36'), ('XDG_SESSION_PATH', '/org/freedesktop/DisplayManager/Session1'), ('XDG_MENU_PREFIX', 'plasma-'), ('LC_ADDRESS', 'en_US.UTF-8'), ('XDG_RUNTIME_DIR', '/run/user/1000'), ('GDK_BACKEND', 'x11'), ('ICEAUTHORITY', '/run/user/1000/iceauth_VsidWY'), ('DISPLAY', ':1'), ('LANG', 'en_US.UTF-8'), ('XDG_CURRENT_DESKTOP', 'KDE'), ('LC_TELEPHONE', 'en_US.UTF-8'), ('XDG_DATA_HOME', '/home/aaron/.local/share'), ('XDG_CONFIG_HOME', '/home/aaron/.config'), ('XDG_SESSION_DESKTOP', 'KDE'), ('XAUTHORITY', '/run/user/1000/xauth_hiElXI'), ('VSCODE_GIT_IPC_HANDLE', '/run/user/1000/vscode-git-4b453adc43.sock'), ('TERM_PROGRAM', 'vscode'), ('AMENT_PREFIX_PATH', '/home/aaron/abstain-rover/ros2_ws/install/launch_testing_examples:/home/aaron/abstain-rover/ros2_ws/install/examples_rclpy_pointcloud_publisher:/home/aaron/abstain-rover/ros2_ws/install/examples_rclpy_minimal_subscriber:/home/aaron/abstain-rover/ros2_ws/install/examples_rclpy_minimal_service:/home/aaron/abstain-rover/ros2_ws/install/examples_rclpy_minimal_publisher:/home/aaron/abstain-rover/ros2_ws/install/examples_rclpy_minimal_client:/home/aaron/abstain-rover/ros2_ws/install/examples_rclpy_minimal_action_server:/home/aaron/abstain-rover/ros2_ws/install/examples_rclpy_minimal_action_client:/home/aaron/abstain-rover/ros2_ws/install/examples_rclpy_guard_conditions:/home/aaron/abstain-rover/ros2_ws/install/examples_rclpy_executors:/home/aaron/abstain-rover/ros2_ws/install/examples_rclcpp_wait_set:/home/aaron/abstain-rover/ros2_ws/install/examples_rclcpp_multithreaded_executor:/home/aaron/abstain-rover/ros2_ws/install/examples_rclcpp_minimal_timer:/home/aaron/abstain-rover/ros2_ws/install/examples_rclcpp_minimal_subscriber:/home/aaron/abstain-rover/ros2_ws/install/examples_rclcpp_minimal_service:/home/aaron/abstain-rover/ros2_ws/install/examples_rclcpp_minimal_publisher:/home/aaron/abstain-rover/ros2_ws/install/examples_rclcpp_minimal_composition:/home/aaron/abstain-rover/ros2_ws/install/examples_rclcpp_minimal_client:/home/aaron/abstain-rover/ros2_ws/install/examples_rclcpp_minimal_action_server:/home/aaron/abstain-rover/ros2_ws/install/examples_rclcpp_minimal_action_client:/home/aaron/abstain-rover/ros2_ws/install/examples_rclcpp_cbg_executor:/home/aaron/abstain-rover/ros2_ws/install/examples_rclcpp_async_client:/home/aaron/abstain-rover/ros2_ws/install/abstain_pkg:/opt/ros/humble'), ('ORIGINAL_XDG_CURRENT_DESKTOP', 'KDE'), ('SHELL', '/usr/bin/bash'), ('LC_NAME', 'en_US.UTF-8'), ('NO_AT_BRIDGE', '1'), ('LC_MEASUREMENT', 'en_US.UTF-8'), ('LC_IDENTIFICATION', 'en_US.UTF-8'), ('VSCODE_GIT_ASKPASS_EXTRA_ARGS', ''), ('PWD', '/home/aaron/abstain-rover/ros2_ws/src/abstain_pkg/build/abstain_pkg'), ('CONTAINER_ID', 'ubuntu2204'), ('XDG_CONFIG_DIRS', '/home/aaron/.config/kdedefaults:/etc/xdg'), ('PICO_SDK_PATH', '/home/aaron/pico-sdk'), ('XDG_DATA_DIRS', '/home/aaron/.local/share/flatpak/exports/share:/var/lib/flatpak/exports/share:/usr/local/share:/usr/share'), ('PYTHONPATH', '/home/aaron/abstain-rover/ros2_ws/build/launch_testing_examples:/home/aaron/abstain-rover/ros2_ws/install/launch_testing_examples/lib/python3.10/site-packages:/home/aaron/abstain-rover/ros2_ws/build/examples_rclpy_pointcloud_publisher:/home/aaron/abstain-rover/ros2_ws/install/examples_rclpy_pointcloud_publisher/lib/python3.10/site-packages:/home/aaron/abstain-rover/ros2_ws/build/examples_rclpy_minimal_subscriber:/home/aaron/abstain-rover/ros2_ws/install/examples_rclpy_minimal_subscriber/lib/python3.10/site-packages:/home/aaron/abstain-rover/ros2_ws/build/examples_rclpy_minimal_service:/home/aaron/abstain-rover/ros2_ws/install/examples_rclpy_minimal_service/lib/python3.10/site-packages:/home/aaron/abstain-rover/ros2_ws/build/examples_rclpy_minimal_publisher:/home/aaron/abstain-rover/ros2_ws/install/examples_rclpy_minimal_publisher/lib/python3.10/site-packages:/home/aaron/abstain-rover/ros2_ws/build/examples_rclpy_minimal_client:/home/aaron/abstain-rover/ros2_ws/install/examples_rclpy_minimal_client/lib/python3.10/site-packages:/home/aaron/abstain-rover/ros2_ws/build/examples_rclpy_minimal_action_server:/home/aaron/abstain-rover/ros2_ws/install/examples_rclpy_minimal_action_server/lib/python3.10/site-packages:/home/aaron/abstain-rover/ros2_ws/build/examples_rclpy_minimal_action_client:/home/aaron/abstain-rover/ros2_ws/install/examples_rclpy_minimal_action_client/lib/python3.10/site-packages:/home/aaron/abstain-rover/ros2_ws/build/examples_rclpy_guard_conditions:/home/aaron/abstain-rover/ros2_ws/install/examples_rclpy_guard_conditions/lib/python3.10/site-packages:/home/aaron/abstain-rover/ros2_ws/build/examples_rclpy_executors:/home/aaron/abstain-rover/ros2_ws/install/examples_rclpy_executors/lib/python3.10/site-packages:/opt/ros/humble/lib/python3.10/site-packages:/opt/ros/humble/local/lib/python3.10/dist-packages'), ('LC_NUMERIC', 'en_US.UTF-8'), ('LC_PAPER', 'en_US.UTF-8'), ('KDE_SESSION_UID', '1000'), ('COLCON', '1'), ('MEMORY_PRESSURE_WRITE', 'c29tZSAyMDAwMDAgMjAwMDAwMAA='), ('EDITOR', 'nano'), ('CMAKE_PREFIX_PATH', '/home/aaron/abstain-rover/ros2_ws/install/examples_rclcpp_wait_set:/home/aaron/abstain-rover/ros2_ws/install/examples_rclcpp_multithreaded_executor:/home/aaron/abstain-rover/ros2_ws/install/examples_rclcpp_minimal_timer:/home/aaron/abstain-rover/ros2_ws/install/examples_rclcpp_minimal_subscriber:/home/aaron/abstain-rover/ros2_ws/install/examples_rclcpp_minimal_service:/home/aaron/abstain-rover/ros2_ws/install/examples_rclcpp_minimal_publisher:/home/aaron/abstain-rover/ros2_ws/install/examples_rclcpp_minimal_composition:/home/aaron/abstain-rover/ros2_ws/install/examples_rclcpp_minimal_client:/home/aaron/abstain-rover/ros2_ws/install/examples_rclcpp_minimal_action_server:/home/aaron/abstain-rover/ros2_ws/install/examples_rclcpp_minimal_action_client:/home/aaron/abstain-rover/ros2_ws/install/examples_rclcpp_cbg_executor:/home/aaron/abstain-rover/ros2_ws/install/examples_rclcpp_async_client:/home/aaron/abstain-rover/ros2_ws/install/abstain_pkg:/home/aaron/abstain-rover/ros2_ws/install/launch_testing_examples:/home/aaron/abstain-rover/ros2_ws/install/examples_rclpy_pointcloud_publisher:/home/aaron/abstain-rover/ros2_ws/install/examples_rclpy_minimal_subscriber:/home/aaron/abstain-rover/ros2_ws/install/examples_rclpy_minimal_service:/home/aaron/abstain-rover/ros2_ws/install/examples_rclpy_minimal_publisher:/home/aaron/abstain-rover/ros2_ws/install/examples_rclpy_minimal_client:/home/aaron/abstain-rover/ros2_ws/install/examples_rclpy_minimal_action_server:/home/aaron/abstain-rover/ros2_ws/install/examples_rclpy_minimal_action_client:/home/aaron/abstain-rover/ros2_ws/install/examples_rclpy_guard_conditions:/home/aaron/abstain-rover/ros2_ws/install/examples_rclpy_executors:/opt/ros/humble')]), 'shell': False}
[0.026355] (abstain_pkg) StdoutLine: {'line': b'-- Found ament_cmake: 1.3.12 (/opt/ros/humble/share/ament_cmake/cmake)\n'}
[0.099703] (-) TimerEvent: {}
[0.176990] (abstain_pkg) StdoutLine: {'line': b'-- Found rclcpp: 16.0.15 (/opt/ros/humble/share/rclcpp/cmake)\n'}
[0.199826] (-) TimerEvent: {}
[0.223429] (abstain_pkg) StdoutLine: {'line': b'-- Found rosidl_generator_c: 3.1.7 (/opt/ros/humble/share/rosidl_generator_c/cmake)\n'}
[0.225608] (abstain_pkg) StdoutLine: {'line': b'-- Found rosidl_adapter: 3.1.7 (/opt/ros/humble/share/rosidl_adapter/cmake)\n'}
[0.230778] (abstain_pkg) StdoutLine: {'line': b'-- Found rosidl_generator_cpp: 3.1.7 (/opt/ros/humble/share/rosidl_generator_cpp/cmake)\n'}
[0.240130] (abstain_pkg) StdoutLine: {'line': b'-- Using all available rosidl_typesupport_c: rosidl_typesupport_fastrtps_c;rosidl_typesupport_introspection_c\n'}
[0.251098] (abstain_pkg) StdoutLine: {'line': b'-- Using all available rosidl_typesupport_cpp: rosidl_typesupport_fastrtps_cpp;rosidl_typesupport_introspection_cpp\n'}
[0.278983] (abstain_pkg) StdoutLine: {'line': b'-- Found rmw_implementation_cmake: 6.1.2 (/opt/ros/humble/share/rmw_implementation_cmake/cmake)\n'}
[0.280568] (abstain_pkg) StdoutLine: {'line': b'-- Found rmw_fastrtps_cpp: 6.2.8 (/opt/ros/humble/share/rmw_fastrtps_cpp/cmake)\n'}
[0.299968] (-) TimerEvent: {}
[0.400330] (-) TimerEvent: {}
[0.410904] (abstain_pkg) StdoutLine: {'line': b"-- Using RMW implementation 'rmw_fastrtps_cpp' as default\n"}
[0.459431] (abstain_pkg) StdoutLine: {'line': b'-- Found ament_lint_auto: 0.12.14 (/opt/ros/humble/share/ament_lint_auto/cmake)\n'}
[0.500459] (-) TimerEvent: {}
[0.575209] (abstain_pkg) StdoutLine: {'line': b"-- Added test 'cppcheck' to perform static code analysis on C / C++ code\n"}
[0.575549] (abstain_pkg) StdoutLine: {'line': b'-- Configured cppcheck include dirs: $<BUILD_INTERFACE:/home/aaron/abstain-rover/ros2_ws/src/abstain_pkg/include>\n'}
[0.575780] (abstain_pkg) StdoutLine: {'line': b'-- Configured cppcheck exclude dirs and/or files: \n'}
[0.576937] (abstain_pkg) StdoutLine: {'line': b"-- Added test 'flake8' to check Python code syntax and style conventions\n"}
[0.579506] (abstain_pkg) StdoutLine: {'line': b"-- Added test 'lint_cmake' to check CMake code style\n"}
[0.581274] (abstain_pkg) StdoutLine: {'line': b"-- Added test 'pep257' to check Python code against some of the docstring style conventions in PEP 257\n"}
[0.589588] (abstain_pkg) StdoutLine: {'line': b"-- Added test 'uncrustify' to check C / C++ code style\n"}
[0.589889] (abstain_pkg) StdoutLine: {'line': b'-- Configured uncrustify additional arguments: \n'}
[0.591257] (abstain_pkg) StdoutLine: {'line': b"-- Added test 'xmllint' to check XML markup files\n"}
[0.593586] (abstain_pkg) StdoutLine: {'line': b'-- Configuring done\n'}
[0.600589] (-) TimerEvent: {}
[0.607732] (abstain_pkg) StdoutLine: {'line': b'-- Generating done\n'}
[0.613181] (abstain_pkg) StdoutLine: {'line': b'-- Build files have been written to: /home/aaron/abstain-rover/ros2_ws/src/abstain_pkg/build/abstain_pkg\n'}
[0.620676] (abstain_pkg) CommandEnded: {'returncode': 0}
[0.622421] (abstain_pkg) JobProgress: {'identifier': 'abstain_pkg', 'progress': 'build'}
[0.622599] (abstain_pkg) Command: {'cmd': ['/usr/bin/cmake', '--build', '/home/aaron/abstain-rover/ros2_ws/src/abstain_pkg/build/abstain_pkg', '--', '-j16', '-l16'], 'cwd': '/home/aaron/abstain-rover/ros2_ws/src/abstain_pkg/build/abstain_pkg', 'env': OrderedDict([('KDE_FULL_SESSION', 'true'), ('MAIL', '/var/spool/mail/aaron'), ('USER', 'aaron'), ('PAM_KWALLET5_LOGIN', '/run/user/1000/kwallet5.socket'), ('LC_TIME', 'en_US.UTF-8'), ('HOSTNAME', 'endeavour'), ('XDG_SESSION_TYPE', 'wayland'), ('GIT_ASKPASS', '/opt/visual-studio-code/resources/app/extensions/git/dist/askpass.sh'), ('XDG_CACHE_HOME', '/home/aaron/.cache'), ('QT_WAYLAND_RECONNECT', '1'), ('SHLVL', '5'), ('LD_LIBRARY_PATH', '/home/aaron/abstain-rover/ros2_ws/install/examples_rclcpp_wait_set/lib:/home/aaron/abstain-rover/ros2_ws/install/examples_rclcpp_minimal_subscriber/lib:/home/aaron/abstain-rover/ros2_ws/install/examples_rclcpp_minimal_composition/lib:/opt/ros/humble/opt/rviz_ogre_vendor/lib:/opt/ros/humble/lib/x86_64-linux-gnu:/opt/ros/humble/lib'), ('BROWSER', 'firefox'), ('MOTD_SHOWN', 'pam'), ('HOME', '/home/aaron'), ('CHROME_DESKTOP', 'code.desktop'), ('KDE_APPLICATIONS_AS_SCOPE', '1'), ('OLDPWD', '/home/aaron/abstain-rover/ros2_ws/src/abstain_pkg/src'), ('TERM_PROGRAM_VERSION', '1.105.0'), ('DESKTOP_SESSION', 'plasma'), ('ROS_PYTHON_VERSION', '3'), ('GTK_RC_FILES', '/etc/gtk/gtkrc:/home/aaron/.gtkrc:/home/aaron/.config/gtkrc'), ('KDE_SESSION_VERSION', '6'), ('VSCODE_GIT_ASKPASS_MAIN', '/opt/visual-studio-code/resources/app/extensions/git/dist/askpass-main.js'), ('PS1', '[\\u@\\h \\W]\\$'), ('LC_MONETARY', 'en_US.UTF-8'), ('VSCODE_GIT_ASKPASS_NODE', '/opt/visual-studio-code/code'), ('MANAGERPID', '1190'), ('DISTROBOX_ENTER_PATH', '/usr/bin/distrobox-enter'), ('SYSTEMD_EXEC_PID', '1525'), ('VSCODE_PYTHON_AUTOACTIVATE_GUARD', '1'), ('XDG_STATE_HOME', '/home/aaron/.local/state'), ('DBUS_SESSION_BUS_ADDRESS', 'unix:path=/run/user/1000/bus'), ('COLORTERM', 'truecolor'), ('container', 'docker'), ('PICO_TOOLCHAIN_PATH', '/usr/bin'), ('WAYLAND_DISPLAY', 'wayland-0'), ('COLCON_PREFIX_PATH', '/home/aaron/abstain-rover/ros2_ws/install'), ('XKB_DEFAULT_LAYOUT', 'us'), ('ROS_DISTRO', 'humble'), ('LOGNAME', 'aaron'), ('MANAGERPIDFDID', '1191'), ('JOURNAL_STREAM', '9:25820'), ('_', '/usr/bin/colcon'), ('ROS_VERSION', '2'), ('MEMORY_PRESSURE_WATCH', '/sys/fs/cgroup/user.slice/user-1000.slice/user@1000.service/session.slice/plasma-plasmashell.service/memory.pressure'), ('XDG_SESSION_CLASS', 'user'), ('TERMINFO_DIRS', '/usr/share/terminfo:/run/host/usr/share/terminfo'), ('TERM', 'xterm-256color'), ('XDG_SESSION_ID', '2'), ('ROS_LOCALHOST_ONLY', '0'), ('GTK2_RC_FILES', '/etc/gtk-2.0/gtkrc:/home/aaron/.gtkrc-2.0:/home/aaron/.config/gtkrc-2.0'), ('PATH', '/opt/ros/humble/bin:/usr/local/sbin:/usr/local/bin:/usr/bin:/var/lib/flatpak/exports/bin:/usr/lib/jvm/default/bin:/usr/bin/site_perl:/usr/bin/vendor_perl:/usr/bin/core_perl:/usr/lib/rustup/bin:/usr/local/sbin:/usr/local/bin:/usr/sbin:/usr/bin:/sbin:/bin:/usr/sbin:/sbin:/bin'), ('SESSION_MANAGER', 'local/endeavour:@/tmp/.ICE-unix/1461,unix/endeavour:/tmp/.ICE-unix/1461'), ('INVOCATION_ID', '1fc6047d5b1849e5ab7dd0e1f42e2e36'), ('XDG_SESSION_PATH', '/org/freedesktop/DisplayManager/Session1'), ('XDG_MENU_PREFIX', 'plasma-'), ('LC_ADDRESS', 'en_US.UTF-8'), ('XDG_RUNTIME_DIR', '/run/user/1000'), ('GDK_BACKEND', 'x11'), ('ICEAUTHORITY', '/run/user/1000/iceauth_VsidWY'), ('DISPLAY', ':1'), ('LANG', 'en_US.UTF-8'), ('XDG_CURRENT_DESKTOP', 'KDE'), ('LC_TELEPHONE', 'en_US.UTF-8'), ('XDG_DATA_HOME', '/home/aaron/.local/share'), ('XDG_CONFIG_HOME', '/home/aaron/.config'), ('XDG_SESSION_DESKTOP', 'KDE'), ('XAUTHORITY', '/run/user/1000/xauth_hiElXI'), ('VSCODE_GIT_IPC_HANDLE', '/run/user/1000/vscode-git-4b453adc43.sock'), ('TERM_PROGRAM', 'vscode'), ('AMENT_PREFIX_PATH', '/home/aaron/abstain-rover/ros2_ws/install/launch_testing_examples:/home/aaron/abstain-rover/ros2_ws/install/examples_rclpy_pointcloud_publisher:/home/aaron/abstain-rover/ros2_ws/install/examples_rclpy_minimal_subscriber:/home/aaron/abstain-rover/ros2_ws/install/examples_rclpy_minimal_service:/home/aaron/abstain-rover/ros2_ws/install/examples_rclpy_minimal_publisher:/home/aaron/abstain-rover/ros2_ws/install/examples_rclpy_minimal_client:/home/aaron/abstain-rover/ros2_ws/install/examples_rclpy_minimal_action_server:/home/aaron/abstain-rover/ros2_ws/install/examples_rclpy_minimal_action_client:/home/aaron/abstain-rover/ros2_ws/install/examples_rclpy_guard_conditions:/home/aaron/abstain-rover/ros2_ws/install/examples_rclpy_executors:/home/aaron/abstain-rover/ros2_ws/install/examples_rclcpp_wait_set:/home/aaron/abstain-rover/ros2_ws/install/examples_rclcpp_multithreaded_executor:/home/aaron/abstain-rover/ros2_ws/install/examples_rclcpp_minimal_timer:/home/aaron/abstain-rover/ros2_ws/install/examples_rclcpp_minimal_subscriber:/home/aaron/abstain-rover/ros2_ws/install/examples_rclcpp_minimal_service:/home/aaron/abstain-rover/ros2_ws/install/examples_rclcpp_minimal_publisher:/home/aaron/abstain-rover/ros2_ws/install/examples_rclcpp_minimal_composition:/home/aaron/abstain-rover/ros2_ws/install/examples_rclcpp_minimal_client:/home/aaron/abstain-rover/ros2_ws/install/examples_rclcpp_minimal_action_server:/home/aaron/abstain-rover/ros2_ws/install/examples_rclcpp_minimal_action_client:/home/aaron/abstain-rover/ros2_ws/install/examples_rclcpp_cbg_executor:/home/aaron/abstain-rover/ros2_ws/install/examples_rclcpp_async_client:/home/aaron/abstain-rover/ros2_ws/install/abstain_pkg:/opt/ros/humble'), ('ORIGINAL_XDG_CURRENT_DESKTOP', 'KDE'), ('SHELL', '/usr/bin/bash'), ('LC_NAME', 'en_US.UTF-8'), ('NO_AT_BRIDGE', '1'), ('LC_MEASUREMENT', 'en_US.UTF-8'), ('LC_IDENTIFICATION', 'en_US.UTF-8'), ('VSCODE_GIT_ASKPASS_EXTRA_ARGS', ''), ('PWD', '/home/aaron/abstain-rover/ros2_ws/src/abstain_pkg/build/abstain_pkg'), ('CONTAINER_ID', 'ubuntu2204'), ('XDG_CONFIG_DIRS', '/home/aaron/.config/kdedefaults:/etc/xdg'), ('PICO_SDK_PATH', '/home/aaron/pico-sdk'), ('XDG_DATA_DIRS', '/home/aaron/.local/share/flatpak/exports/share:/var/lib/flatpak/exports/share:/usr/local/share:/usr/share'), ('PYTHONPATH', '/home/aaron/abstain-rover/ros2_ws/build/launch_testing_examples:/home/aaron/abstain-rover/ros2_ws/install/launch_testing_examples/lib/python3.10/site-packages:/home/aaron/abstain-rover/ros2_ws/build/examples_rclpy_pointcloud_publisher:/home/aaron/abstain-rover/ros2_ws/install/examples_rclpy_pointcloud_publisher/lib/python3.10/site-packages:/home/aaron/abstain-rover/ros2_ws/build/examples_rclpy_minimal_subscriber:/home/aaron/abstain-rover/ros2_ws/install/examples_rclpy_minimal_subscriber/lib/python3.10/site-packages:/home/aaron/abstain-rover/ros2_ws/build/examples_rclpy_minimal_service:/home/aaron/abstain-rover/ros2_ws/install/examples_rclpy_minimal_service/lib/python3.10/site-packages:/home/aaron/abstain-rover/ros2_ws/build/examples_rclpy_minimal_publisher:/home/aaron/abstain-rover/ros2_ws/install/examples_rclpy_minimal_publisher/lib/python3.10/site-packages:/home/aaron/abstain-rover/ros2_ws/build/examples_rclpy_minimal_client:/home/aaron/abstain-rover/ros2_ws/install/examples_rclpy_minimal_client/lib/python3.10/site-packages:/home/aaron/abstain-rover/ros2_ws/build/examples_rclpy_minimal_action_server:/home/aaron/abstain-rover/ros2_ws/install/examples_rclpy_minimal_action_server/lib/python3.10/site-packages:/home/aaron/abstain-rover/ros2_ws/build/examples_rclpy_minimal_action_client:/home/aaron/abstain-rover/ros2_ws/install/examples_rclpy_minimal_action_client/lib/python3.10/site-packages:/home/aaron/abstain-rover/ros2_ws/build/examples_rclpy_guard_conditions:/home/aaron/abstain-rover/ros2_ws/install/examples_rclpy_guard_conditions/lib/python3.10/site-packages:/home/aaron/abstain-rover/ros2_ws/build/examples_rclpy_executors:/home/aaron/abstain-rover/ros2_ws/install/examples_rclpy_executors/lib/python3.10/site-packages:/opt/ros/humble/lib/python3.10/site-packages:/opt/ros/humble/local/lib/python3.10/dist-packages'), ('LC_NUMERIC', 'en_US.UTF-8'), ('LC_PAPER', 'en_US.UTF-8'), ('KDE_SESSION_UID', '1000'), ('COLCON', '1'), ('MEMORY_PRESSURE_WRITE', 'c29tZSAyMDAwMDAgMjAwMDAwMAA='), ('EDITOR', 'nano'), ('CMAKE_PREFIX_PATH', '/home/aaron/abstain-rover/ros2_ws/install/examples_rclcpp_wait_set:/home/aaron/abstain-rover/ros2_ws/install/examples_rclcpp_multithreaded_executor:/home/aaron/abstain-rover/ros2_ws/install/examples_rclcpp_minimal_timer:/home/aaron/abstain-rover/ros2_ws/install/examples_rclcpp_minimal_subscriber:/home/aaron/abstain-rover/ros2_ws/install/examples_rclcpp_minimal_service:/home/aaron/abstain-rover/ros2_ws/install/examples_rclcpp_minimal_publisher:/home/aaron/abstain-rover/ros2_ws/install/examples_rclcpp_minimal_composition:/home/aaron/abstain-rover/ros2_ws/install/examples_rclcpp_minimal_client:/home/aaron/abstain-rover/ros2_ws/install/examples_rclcpp_minimal_action_server:/home/aaron/abstain-rover/ros2_ws/install/examples_rclcpp_minimal_action_client:/home/aaron/abstain-rover/ros2_ws/install/examples_rclcpp_cbg_executor:/home/aaron/abstain-rover/ros2_ws/install/examples_rclcpp_async_client:/home/aaron/abstain-rover/ros2_ws/install/abstain_pkg:/home/aaron/abstain-rover/ros2_ws/install/launch_testing_examples:/home/aaron/abstain-rover/ros2_ws/install/examples_rclpy_pointcloud_publisher:/home/aaron/abstain-rover/ros2_ws/install/examples_rclpy_minimal_subscriber:/home/aaron/abstain-rover/ros2_ws/install/examples_rclpy_minimal_service:/home/aaron/abstain-rover/ros2_ws/install/examples_rclpy_minimal_publisher:/home/aaron/abstain-rover/ros2_ws/install/examples_rclpy_minimal_client:/home/aaron/abstain-rover/ros2_ws/install/examples_rclpy_minimal_action_server:/home/aaron/abstain-rover/ros2_ws/install/examples_rclpy_minimal_action_client:/home/aaron/abstain-rover/ros2_ws/install/examples_rclpy_guard_conditions:/home/aaron/abstain-rover/ros2_ws/install/examples_rclpy_executors:/opt/ros/humble')]), 'shell': False}
[0.683568] (abstain_pkg) StdoutLine: {'line': b'[ 16%] \x1b[32mBuilding CXX object CMakeFiles/gs_node.dir/src/gs_node.cpp.o\x1b[0m\n'}
[0.684319] (abstain_pkg) StdoutLine: {'line': b'[ 33%] \x1b[32mBuilding CXX object CMakeFiles/listener.dir/src/subscriber_member_function.cpp.o\x1b[0m\n'}
[0.685608] (abstain_pkg) StdoutLine: {'line': b'[ 50%] \x1b[32mBuilding CXX object CMakeFiles/talker.dir/src/publisher_member_function.cpp.o\x1b[0m\n'}
[0.700721] (-) TimerEvent: {}
[0.711603] (abstain_pkg) StdoutLine: {'line': b'[ 66%] \x1b[32m\x1b[1mLinking CXX executable gs_node\x1b[0m\n'}
[0.758391] (abstain_pkg) StdoutLine: {'line': b'[ 66%] Built target gs_node\n'}
[0.800822] (-) TimerEvent: {}
[0.901124] (-) TimerEvent: {}
[1.001433] (-) TimerEvent: {}
[1.101831] (-) TimerEvent: {}
[1.202194] (-) TimerEvent: {}
[1.302557] (-) TimerEvent: {}
[1.402932] (-) TimerEvent: {}
[1.503300] (-) TimerEvent: {}
[1.603674] (-) TimerEvent: {}
[1.704135] (-) TimerEvent: {}
[1.804521] (-) TimerEvent: {}
[1.905072] (-) TimerEvent: {}
[2.005453] (-) TimerEvent: {}
[2.105841] (-) TimerEvent: {}
[2.206213] (-) TimerEvent: {}
[2.306849] (-) TimerEvent: {}
[2.407228] (-) TimerEvent: {}
[2.507605] (-) TimerEvent: {}
[2.608000] (-) TimerEvent: {}
[2.708601] (-) TimerEvent: {}
[2.809021] (-) TimerEvent: {}
[2.909395] (-) TimerEvent: {}
[3.009776] (-) TimerEvent: {}
[3.110185] (-) TimerEvent: {}
[3.210541] (-) TimerEvent: {}
[3.310895] (-) TimerEvent: {}
[3.411203] (-) TimerEvent: {}
[3.511514] (-) TimerEvent: {}
[3.611829] (-) TimerEvent: {}
[3.712119] (-) TimerEvent: {}
[3.812408] (-) TimerEvent: {}
[3.818052] (abstain_pkg) StdoutLine: {'line': b'[ 83%] \x1b[32m\x1b[1mLinking CXX executable talker\x1b[0m\n'}
[3.912527] (-) TimerEvent: {}
[4.012826] (-) TimerEvent: {}
[4.022896] (abstain_pkg) StdoutLine: {'line': b'[ 83%] Built target talker\n'}
[4.112957] (-) TimerEvent: {}
[4.213267] (-) TimerEvent: {}
[4.313570] (-) TimerEvent: {}
[4.413902] (-) TimerEvent: {}
[4.514226] (-) TimerEvent: {}
[4.614526] (-) TimerEvent: {}
[4.714840] (-) TimerEvent: {}
[4.815148] (-) TimerEvent: {}
[4.915452] (-) TimerEvent: {}
[5.015746] (-) TimerEvent: {}
[5.116074] (-) TimerEvent: {}
[5.216372] (-) TimerEvent: {}
[5.316674] (-) TimerEvent: {}
[5.416994] (-) TimerEvent: {}
[5.517298] (-) TimerEvent: {}
[5.617594] (-) TimerEvent: {}
[5.717943] (-) TimerEvent: {}
[5.818248] (-) TimerEvent: {}
[5.918547] (-) TimerEvent: {}
[6.018826] (-) TimerEvent: {}
[6.119130] (-) TimerEvent: {}
[6.219473] (-) TimerEvent: {}
[6.319867] (-) TimerEvent: {}
[6.420251] (-) TimerEvent: {}
[6.520638] (-) TimerEvent: {}
[6.621060] (-) TimerEvent: {}
[6.721445] (-) TimerEvent: {}
[6.747832] (abstain_pkg) StdoutLine: {'line': b'[100%] \x1b[32m\x1b[1mLinking CXX executable listener\x1b[0m\n'}
[6.821614] (-) TimerEvent: {}
[6.922083] (-) TimerEvent: {}
[7.022530] (-) TimerEvent: {}
[7.120613] (abstain_pkg) StdoutLine: {'line': b'[100%] Built target listener\n'}
[7.122609] (-) TimerEvent: {}
[7.141358] (abstain_pkg) CommandEnded: {'returncode': 0}
[7.142414] (abstain_pkg) JobProgress: {'identifier': 'abstain_pkg', 'progress': 'install'}
[7.151927] (abstain_pkg) Command: {'cmd': ['/usr/bin/cmake', '--install', '/home/aaron/abstain-rover/ros2_ws/src/abstain_pkg/build/abstain_pkg'], 'cwd': '/home/aaron/abstain-rover/ros2_ws/src/abstain_pkg/build/abstain_pkg', 'env': OrderedDict([('KDE_FULL_SESSION', 'true'), ('MAIL', '/var/spool/mail/aaron'), ('USER', 'aaron'), ('PAM_KWALLET5_LOGIN', '/run/user/1000/kwallet5.socket'), ('LC_TIME', 'en_US.UTF-8'), ('HOSTNAME', 'endeavour'), ('XDG_SESSION_TYPE', 'wayland'), ('GIT_ASKPASS', '/opt/visual-studio-code/resources/app/extensions/git/dist/askpass.sh'), ('XDG_CACHE_HOME', '/home/aaron/.cache'), ('QT_WAYLAND_RECONNECT', '1'), ('SHLVL', '5'), ('LD_LIBRARY_PATH', '/home/aaron/abstain-rover/ros2_ws/install/examples_rclcpp_wait_set/lib:/home/aaron/abstain-rover/ros2_ws/install/examples_rclcpp_minimal_subscriber/lib:/home/aaron/abstain-rover/ros2_ws/install/examples_rclcpp_minimal_composition/lib:/opt/ros/humble/opt/rviz_ogre_vendor/lib:/opt/ros/humble/lib/x86_64-linux-gnu:/opt/ros/humble/lib'), ('BROWSER', 'firefox'), ('MOTD_SHOWN', 'pam'), ('HOME', '/home/aaron'), ('CHROME_DESKTOP', 'code.desktop'), ('KDE_APPLICATIONS_AS_SCOPE', '1'), ('OLDPWD', '/home/aaron/abstain-rover/ros2_ws/src/abstain_pkg/src'), ('TERM_PROGRAM_VERSION', '1.105.0'), ('DESKTOP_SESSION', 'plasma'), ('ROS_PYTHON_VERSION', '3'), ('GTK_RC_FILES', '/etc/gtk/gtkrc:/home/aaron/.gtkrc:/home/aaron/.config/gtkrc'), ('KDE_SESSION_VERSION', '6'), ('VSCODE_GIT_ASKPASS_MAIN', '/opt/visual-studio-code/resources/app/extensions/git/dist/askpass-main.js'), ('PS1', '[\\u@\\h \\W]\\$'), ('LC_MONETARY', 'en_US.UTF-8'), ('VSCODE_GIT_ASKPASS_NODE', '/opt/visual-studio-code/code'), ('MANAGERPID', '1190'), ('DISTROBOX_ENTER_PATH', '/usr/bin/distrobox-enter'), ('SYSTEMD_EXEC_PID', '1525'), ('VSCODE_PYTHON_AUTOACTIVATE_GUARD', '1'), ('XDG_STATE_HOME', '/home/aaron/.local/state'), ('DBUS_SESSION_BUS_ADDRESS', 'unix:path=/run/user/1000/bus'), ('COLORTERM', 'truecolor'), ('container', 'docker'), ('PICO_TOOLCHAIN_PATH', '/usr/bin'), ('WAYLAND_DISPLAY', 'wayland-0'), ('COLCON_PREFIX_PATH', '/home/aaron/abstain-rover/ros2_ws/install'), ('XKB_DEFAULT_LAYOUT', 'us'), ('ROS_DISTRO', 'humble'), ('LOGNAME', 'aaron'), ('MANAGERPIDFDID', '1191'), ('JOURNAL_STREAM', '9:25820'), ('_', '/usr/bin/colcon'), ('ROS_VERSION', '2'), ('MEMORY_PRESSURE_WATCH', '/sys/fs/cgroup/user.slice/user-1000.slice/user@1000.service/session.slice/plasma-plasmashell.service/memory.pressure'), ('XDG_SESSION_CLASS', 'user'), ('TERMINFO_DIRS', '/usr/share/terminfo:/run/host/usr/share/terminfo'), ('TERM', 'xterm-256color'), ('XDG_SESSION_ID', '2'), ('ROS_LOCALHOST_ONLY', '0'), ('GTK2_RC_FILES', '/etc/gtk-2.0/gtkrc:/home/aaron/.gtkrc-2.0:/home/aaron/.config/gtkrc-2.0'), ('PATH', '/opt/ros/humble/bin:/usr/local/sbin:/usr/local/bin:/usr/bin:/var/lib/flatpak/exports/bin:/usr/lib/jvm/default/bin:/usr/bin/site_perl:/usr/bin/vendor_perl:/usr/bin/core_perl:/usr/lib/rustup/bin:/usr/local/sbin:/usr/local/bin:/usr/sbin:/usr/bin:/sbin:/bin:/usr/sbin:/sbin:/bin'), ('SESSION_MANAGER', 'local/endeavour:@/tmp/.ICE-unix/1461,unix/endeavour:/tmp/.ICE-unix/1461'), ('INVOCATION_ID', '1fc6047d5b1849e5ab7dd0e1f42e2e36'), ('XDG_SESSION_PATH', '/org/freedesktop/DisplayManager/Session1'), ('XDG_MENU_PREFIX', 'plasma-'), ('LC_ADDRESS', 'en_US.UTF-8'), ('XDG_RUNTIME_DIR', '/run/user/1000'), ('GDK_BACKEND', 'x11'), ('ICEAUTHORITY', '/run/user/1000/iceauth_VsidWY'), ('DISPLAY', ':1'), ('LANG', 'en_US.UTF-8'), ('XDG_CURRENT_DESKTOP', 'KDE'), ('LC_TELEPHONE', 'en_US.UTF-8'), ('XDG_DATA_HOME', '/home/aaron/.local/share'), ('XDG_CONFIG_HOME', '/home/aaron/.config'), ('XDG_SESSION_DESKTOP', 'KDE'), ('XAUTHORITY', '/run/user/1000/xauth_hiElXI'), ('VSCODE_GIT_IPC_HANDLE', '/run/user/1000/vscode-git-4b453adc43.sock'), ('TERM_PROGRAM', 'vscode'), ('AMENT_PREFIX_PATH', '/home/aaron/abstain-rover/ros2_ws/install/launch_testing_examples:/home/aaron/abstain-rover/ros2_ws/install/examples_rclpy_pointcloud_publisher:/home/aaron/abstain-rover/ros2_ws/install/examples_rclpy_minimal_subscriber:/home/aaron/abstain-rover/ros2_ws/install/examples_rclpy_minimal_service:/home/aaron/abstain-rover/ros2_ws/install/examples_rclpy_minimal_publisher:/home/aaron/abstain-rover/ros2_ws/install/examples_rclpy_minimal_client:/home/aaron/abstain-rover/ros2_ws/install/examples_rclpy_minimal_action_server:/home/aaron/abstain-rover/ros2_ws/install/examples_rclpy_minimal_action_client:/home/aaron/abstain-rover/ros2_ws/install/examples_rclpy_guard_conditions:/home/aaron/abstain-rover/ros2_ws/install/examples_rclpy_executors:/home/aaron/abstain-rover/ros2_ws/install/examples_rclcpp_wait_set:/home/aaron/abstain-rover/ros2_ws/install/examples_rclcpp_multithreaded_executor:/home/aaron/abstain-rover/ros2_ws/install/examples_rclcpp_minimal_timer:/home/aaron/abstain-rover/ros2_ws/install/examples_rclcpp_minimal_subscriber:/home/aaron/abstain-rover/ros2_ws/install/examples_rclcpp_minimal_service:/home/aaron/abstain-rover/ros2_ws/install/examples_rclcpp_minimal_publisher:/home/aaron/abstain-rover/ros2_ws/install/examples_rclcpp_minimal_composition:/home/aaron/abstain-rover/ros2_ws/install/examples_rclcpp_minimal_client:/home/aaron/abstain-rover/ros2_ws/install/examples_rclcpp_minimal_action_server:/home/aaron/abstain-rover/ros2_ws/install/examples_rclcpp_minimal_action_client:/home/aaron/abstain-rover/ros2_ws/install/examples_rclcpp_cbg_executor:/home/aaron/abstain-rover/ros2_ws/install/examples_rclcpp_async_client:/home/aaron/abstain-rover/ros2_ws/install/abstain_pkg:/opt/ros/humble'), ('ORIGINAL_XDG_CURRENT_DESKTOP', 'KDE'), ('SHELL', '/usr/bin/bash'), ('LC_NAME', 'en_US.UTF-8'), ('NO_AT_BRIDGE', '1'), ('LC_MEASUREMENT', 'en_US.UTF-8'), ('LC_IDENTIFICATION', 'en_US.UTF-8'), ('VSCODE_GIT_ASKPASS_EXTRA_ARGS', ''), ('PWD', '/home/aaron/abstain-rover/ros2_ws/src/abstain_pkg/build/abstain_pkg'), ('CONTAINER_ID', 'ubuntu2204'), ('XDG_CONFIG_DIRS', '/home/aaron/.config/kdedefaults:/etc/xdg'), ('PICO_SDK_PATH', '/home/aaron/pico-sdk'), ('XDG_DATA_DIRS', '/home/aaron/.local/share/flatpak/exports/share:/var/lib/flatpak/exports/share:/usr/local/share:/usr/share'), ('PYTHONPATH', '/home/aaron/abstain-rover/ros2_ws/build/launch_testing_examples:/home/aaron/abstain-rover/ros2_ws/install/launch_testing_examples/lib/python3.10/site-packages:/home/aaron/abstain-rover/ros2_ws/build/examples_rclpy_pointcloud_publisher:/home/aaron/abstain-rover/ros2_ws/install/examples_rclpy_pointcloud_publisher/lib/python3.10/site-packages:/home/aaron/abstain-rover/ros2_ws/build/examples_rclpy_minimal_subscriber:/home/aaron/abstain-rover/ros2_ws/install/examples_rclpy_minimal_subscriber/lib/python3.10/site-packages:/home/aaron/abstain-rover/ros2_ws/build/examples_rclpy_minimal_service:/home/aaron/abstain-rover/ros2_ws/install/examples_rclpy_minimal_service/lib/python3.10/site-packages:/home/aaron/abstain-rover/ros2_ws/build/examples_rclpy_minimal_publisher:/home/aaron/abstain-rover/ros2_ws/install/examples_rclpy_minimal_publisher/lib/python3.10/site-packages:/home/aaron/abstain-rover/ros2_ws/build/examples_rclpy_minimal_client:/home/aaron/abstain-rover/ros2_ws/install/examples_rclpy_minimal_client/lib/python3.10/site-packages:/home/aaron/abstain-rover/ros2_ws/build/examples_rclpy_minimal_action_server:/home/aaron/abstain-rover/ros2_ws/install/examples_rclpy_minimal_action_server/lib/python3.10/site-packages:/home/aaron/abstain-rover/ros2_ws/build/examples_rclpy_minimal_action_client:/home/aaron/abstain-rover/ros2_ws/install/examples_rclpy_minimal_action_client/lib/python3.10/site-packages:/home/aaron/abstain-rover/ros2_ws/build/examples_rclpy_guard_conditions:/home/aaron/abstain-rover/ros2_ws/install/examples_rclpy_guard_conditions/lib/python3.10/site-packages:/home/aaron/abstain-rover/ros2_ws/build/examples_rclpy_executors:/home/aaron/abstain-rover/ros2_ws/install/examples_rclpy_executors/lib/python3.10/site-packages:/opt/ros/humble/lib/python3.10/site-packages:/opt/ros/humble/local/lib/python3.10/dist-packages'), ('LC_NUMERIC', 'en_US.UTF-8'), ('LC_PAPER', 'en_US.UTF-8'), ('KDE_SESSION_UID', '1000'), ('COLCON', '1'), ('MEMORY_PRESSURE_WRITE', 'c29tZSAyMDAwMDAgMjAwMDAwMAA='), ('EDITOR', 'nano'), ('CMAKE_PREFIX_PATH', '/home/aaron/abstain-rover/ros2_ws/install/examples_rclcpp_wait_set:/home/aaron/abstain-rover/ros2_ws/install/examples_rclcpp_multithreaded_executor:/home/aaron/abstain-rover/ros2_ws/install/examples_rclcpp_minimal_timer:/home/aaron/abstain-rover/ros2_ws/install/examples_rclcpp_minimal_subscriber:/home/aaron/abstain-rover/ros2_ws/install/examples_rclcpp_minimal_service:/home/aaron/abstain-rover/ros2_ws/install/examples_rclcpp_minimal_publisher:/home/aaron/abstain-rover/ros2_ws/install/examples_rclcpp_minimal_composition:/home/aaron/abstain-rover/ros2_ws/install/examples_rclcpp_minimal_client:/home/aaron/abstain-rover/ros2_ws/install/examples_rclcpp_minimal_action_server:/home/aaron/abstain-rover/ros2_ws/install/examples_rclcpp_minimal_action_client:/home/aaron/abstain-rover/ros2_ws/install/examples_rclcpp_cbg_executor:/home/aaron/abstain-rover/ros2_ws/install/examples_rclcpp_async_client:/home/aaron/abstain-rover/ros2_ws/install/abstain_pkg:/home/aaron/abstain-rover/ros2_ws/install/launch_testing_examples:/home/aaron/abstain-rover/ros2_ws/install/examples_rclpy_pointcloud_publisher:/home/aaron/abstain-rover/ros2_ws/install/examples_rclpy_minimal_subscriber:/home/aaron/abstain-rover/ros2_ws/install/examples_rclpy_minimal_service:/home/aaron/abstain-rover/ros2_ws/install/examples_rclpy_minimal_publisher:/home/aaron/abstain-rover/ros2_ws/install/examples_rclpy_minimal_client:/home/aaron/abstain-rover/ros2_ws/install/examples_rclpy_minimal_action_server:/home/aaron/abstain-rover/ros2_ws/install/examples_rclpy_minimal_action_client:/home/aaron/abstain-rover/ros2_ws/install/examples_rclpy_guard_conditions:/home/aaron/abstain-rover/ros2_ws/install/examples_rclpy_executors:/opt/ros/humble')]), 'shell': False}
[7.159470] (abstain_pkg) StdoutLine: {'line': b'-- Install configuration: ""\n'}
[7.159779] (abstain_pkg) StdoutLine: {'line': b'-- Installing: /home/aaron/abstain-rover/ros2_ws/src/abstain_pkg/install/abstain_pkg/lib/abstain_pkg/talker\n'}
[7.167059] (abstain_pkg) StdoutLine: {'line': b'-- Set runtime path of "/home/aaron/abstain-rover/ros2_ws/src/abstain_pkg/install/abstain_pkg/lib/abstain_pkg/talker" to ""\n'}
[7.167299] (abstain_pkg) StdoutLine: {'line': b'-- Installing: /home/aaron/abstain-rover/ros2_ws/src/abstain_pkg/install/abstain_pkg/lib/abstain_pkg/listener\n'}
[7.178445] (abstain_pkg) StdoutLine: {'line': b'-- Set runtime path of "/home/aaron/abstain-rover/ros2_ws/src/abstain_pkg/install/abstain_pkg/lib/abstain_pkg/listener" to ""\n'}
[7.178779] (abstain_pkg) StdoutLine: {'line': b'-- Installing: /home/aaron/abstain-rover/ros2_ws/src/abstain_pkg/install/abstain_pkg/lib/abstain_pkg/gs_node\n'}
[7.179313] (abstain_pkg) StdoutLine: {'line': b'-- Installing: /home/aaron/abstain-rover/ros2_ws/src/abstain_pkg/install/abstain_pkg/share/ament_index/resource_index/package_run_dependencies/abstain_pkg\n'}
[7.179591] (abstain_pkg) StdoutLine: {'line': b'-- Installing: /home/aaron/abstain-rover/ros2_ws/src/abstain_pkg/install/abstain_pkg/share/ament_index/resource_index/parent_prefix_path/abstain_pkg\n'}
[7.179841] (abstain_pkg) StdoutLine: {'line': b'-- Installing: /home/aaron/abstain-rover/ros2_ws/src/abstain_pkg/install/abstain_pkg/share/abstain_pkg/environment/ament_prefix_path.sh\n'}
[7.180060] (abstain_pkg) StdoutLine: {'line': b'-- Installing: /home/aaron/abstain-rover/ros2_ws/src/abstain_pkg/install/abstain_pkg/share/abstain_pkg/environment/ament_prefix_path.dsv\n'}
[7.180275] (abstain_pkg) StdoutLine: {'line': b'-- Installing: /home/aaron/abstain-rover/ros2_ws/src/abstain_pkg/install/abstain_pkg/share/abstain_pkg/environment/path.sh\n'}
[7.180536] (abstain_pkg) StdoutLine: {'line': b'-- Installing: /home/aaron/abstain-rover/ros2_ws/src/abstain_pkg/install/abstain_pkg/share/abstain_pkg/environment/path.dsv\n'}
[7.180777] (abstain_pkg) StdoutLine: {'line': b'-- Installing: /home/aaron/abstain-rover/ros2_ws/src/abstain_pkg/install/abstain_pkg/share/abstain_pkg/local_setup.bash\n'}
[7.180983] (abstain_pkg) StdoutLine: {'line': b'-- Installing: /home/aaron/abstain-rover/ros2_ws/src/abstain_pkg/install/abstain_pkg/share/abstain_pkg/local_setup.sh\n'}
[7.181115] (abstain_pkg) StdoutLine: {'line': b'-- Installing: /home/aaron/abstain-rover/ros2_ws/src/abstain_pkg/install/abstain_pkg/share/abstain_pkg/local_setup.zsh\n'}
[7.181268] (abstain_pkg) StdoutLine: {'line': b'-- Installing: /home/aaron/abstain-rover/ros2_ws/src/abstain_pkg/install/abstain_pkg/share/abstain_pkg/local_setup.dsv\n'}
[7.181397] (abstain_pkg) StdoutLine: {'line': b'-- Installing: /home/aaron/abstain-rover/ros2_ws/src/abstain_pkg/install/abstain_pkg/share/abstain_pkg/package.dsv\n'}
[7.181560] (abstain_pkg) StdoutLine: {'line': b'-- Installing: /home/aaron/abstain-rover/ros2_ws/src/abstain_pkg/install/abstain_pkg/share/ament_index/resource_index/packages/abstain_pkg\n'}
[7.181707] (abstain_pkg) StdoutLine: {'line': b'-- Installing: /home/aaron/abstain-rover/ros2_ws/src/abstain_pkg/install/abstain_pkg/share/abstain_pkg/cmake/abstain_pkgConfig.cmake\n'}
[7.181860] (abstain_pkg) StdoutLine: {'line': b'-- Installing: /home/aaron/abstain-rover/ros2_ws/src/abstain_pkg/install/abstain_pkg/share/abstain_pkg/cmake/abstain_pkgConfig-version.cmake\n'}
[7.182021] (abstain_pkg) StdoutLine: {'line': b'-- Installing: /home/aaron/abstain-rover/ros2_ws/src/abstain_pkg/install/abstain_pkg/share/abstain_pkg/package.xml\n'}
[7.184180] (abstain_pkg) CommandEnded: {'returncode': 0}
[7.197197] (abstain_pkg) JobEnded: {'identifier': 'abstain_pkg', 'rc': 0}
[7.198143] (-) EventReactorShutdown: {}
