[0.103s] DEBUG:colcon:Command line arguments: ['/usr/bin/colcon', 'build']
[0.103s] DEBUG:colcon:Parsed command line arguments: Namespace(log_base=None, log_level=None, verb_name='build', build_base='build', install_base='install', merge_install=False, symlink_install=False, test_result_base=None, continue_on_error=False, executor='parallel', parallel_workers=16, event_handlers=None, ignore_user_meta=False, metas=['./colcon.meta'], base_paths=['.'], packages_ignore=None, packages_ignore_regex=None, paths=None, packages_up_to=None, packages_up_to_regex=None, packages_above=None, packages_above_and_dependencies=None, packages_above_depth=None, packages_select_by_dep=None, packages_skip_by_dep=None, packages_skip_up_to=None, packages_select_build_failed=False, packages_skip_build_finished=False, packages_select_test_failures=False, packages_skip_test_passed=False, packages_select=None, packages_skip=None, packages_select_regex=None, packages_skip_regex=None, packages_start=None, packages_end=None, allow_overriding=[], cmake_args=None, cmake_target=None, cmake_target_skip_unavailable=False, cmake_clean_cache=False, cmake_clean_first=False, cmake_force_configure=False, ament_cmake_args=None, catkin_cmake_args=None, catkin_skip_building_tests=False, mixin_files=None, mixin=None, verb_parser=<colcon_mixin.mixin.mixin_argument.MixinArgumentDecorator object at 0x7fab0489c490>, verb_extension=<colcon_core.verb.build.BuildVerb object at 0x7fab04a01390>, main=<bound method BuildVerb.main of <colcon_core.verb.build.BuildVerb object at 0x7fab04a01390>>, mixin_verb=('build',))
[0.234s] Level 1:colcon.colcon_core.package_discovery:discover_packages(colcon_meta) check parameters
[0.234s] Level 1:colcon.colcon_core.package_discovery:discover_packages(recursive) check parameters
[0.234s] Level 1:colcon.colcon_core.package_discovery:discover_packages(ignore) check parameters
[0.234s] Level 1:colcon.colcon_core.package_discovery:discover_packages(path) check parameters
[0.234s] Level 1:colcon.colcon_core.package_discovery:discover_packages(colcon_meta) discover
[0.234s] Level 1:colcon.colcon_core.package_discovery:discover_packages(recursive) discover
[0.234s] INFO:colcon.colcon_core.package_discovery:Crawling recursively for packages in '/home/aaron/abstain-rover/ros2_ws/src/abstain_pkg'
[0.234s] Level 1:colcon.colcon_core.package_identification:_identify(.) by extensions ['ignore', 'ignore_ament_install']
[0.235s] Level 1:colcon.colcon_core.package_identification:_identify(.) by extension 'ignore'
[0.235s] Level 1:colcon.colcon_core.package_identification:_identify(.) by extension 'ignore_ament_install'
[0.235s] Level 1:colcon.colcon_core.package_identification:_identify(.) by extensions ['colcon_pkg']
[0.235s] Level 1:colcon.colcon_core.package_identification:_identify(.) by extension 'colcon_pkg'
[0.235s] Level 1:colcon.colcon_core.package_identification:_identify(.) by extensions ['colcon_meta']
[0.235s] Level 1:colcon.colcon_core.package_identification:_identify(.) by extension 'colcon_meta'
[0.235s] Level 1:colcon.colcon_core.package_identification:_identify(.) by extensions ['ros']
[0.235s] Level 1:colcon.colcon_core.package_identification:_identify(.) by extension 'ros'
[0.246s] DEBUG:colcon.colcon_core.package_identification:Package '.' with type 'ros.ament_cmake' and name 'abstain_pkg'
[0.246s] Level 1:colcon.colcon_core.package_discovery:discover_packages(recursive) using defaults
[0.246s] Level 1:colcon.colcon_core.package_discovery:discover_packages(ignore) discover
[0.246s] Level 1:colcon.colcon_core.package_discovery:discover_packages(ignore) using defaults
[0.246s] Level 1:colcon.colcon_core.package_discovery:discover_packages(path) discover
[0.246s] Level 1:colcon.colcon_core.package_discovery:discover_packages(path) using defaults
[0.264s] Level 1:colcon.colcon_core.package_discovery:discover_packages(prefix_path) check parameters
[0.264s] Level 1:colcon.colcon_core.package_discovery:discover_packages(prefix_path) discover
[0.267s] DEBUG:colcon.colcon_installed_package_information.package_discovery:Found 23 installed packages in /home/aaron/abstain-rover/ros2_ws/install
[0.268s] DEBUG:colcon.colcon_installed_package_information.package_discovery:Found 313 installed packages in /opt/ros/humble
[0.280s] Level 1:colcon.colcon_core.package_discovery:discover_packages(prefix_path) using defaults
[0.316s] Level 5:colcon.colcon_core.verb:set package 'abstain_pkg' build argument 'cmake_args' from command line to 'None'
[0.316s] Level 5:colcon.colcon_core.verb:set package 'abstain_pkg' build argument 'cmake_target' from command line to 'None'
[0.316s] Level 5:colcon.colcon_core.verb:set package 'abstain_pkg' build argument 'cmake_target_skip_unavailable' from command line to 'False'
[0.316s] Level 5:colcon.colcon_core.verb:set package 'abstain_pkg' build argument 'cmake_clean_cache' from command line to 'False'
[0.316s] Level 5:colcon.colcon_core.verb:set package 'abstain_pkg' build argument 'cmake_clean_first' from command line to 'False'
[0.316s] Level 5:colcon.colcon_core.verb:set package 'abstain_pkg' build argument 'cmake_force_configure' from command line to 'False'
[0.316s] Level 5:colcon.colcon_core.verb:set package 'abstain_pkg' build argument 'ament_cmake_args' from command line to 'None'
[0.316s] Level 5:colcon.colcon_core.verb:set package 'abstain_pkg' build argument 'catkin_cmake_args' from command line to 'None'
[0.316s] Level 5:colcon.colcon_core.verb:set package 'abstain_pkg' build argument 'catkin_skip_building_tests' from command line to 'False'
[0.316s] DEBUG:colcon.colcon_core.verb:Building package 'abstain_pkg' with the following arguments: {'ament_cmake_args': None, 'build_base': '/home/aaron/abstain-rover/ros2_ws/src/abstain_pkg/build/abstain_pkg', 'catkin_cmake_args': None, 'catkin_skip_building_tests': False, 'cmake_args': None, 'cmake_clean_cache': False, 'cmake_clean_first': False, 'cmake_force_configure': False, 'cmake_target': None, 'cmake_target_skip_unavailable': False, 'install_base': '/home/aaron/abstain-rover/ros2_ws/src/abstain_pkg/install/abstain_pkg', 'merge_install': False, 'path': '/home/aaron/abstain-rover/ros2_ws/src/abstain_pkg', 'symlink_install': False, 'test_result_base': None}
[0.316s] INFO:colcon.colcon_core.executor:Executing jobs using 'parallel' executor
[0.317s] DEBUG:colcon.colcon_parallel_executor.executor.parallel:run_until_complete
[0.318s] INFO:colcon.colcon_ros.task.ament_cmake.build:Building ROS package in '/home/aaron/abstain-rover/ros2_ws/src/abstain_pkg' with build type 'ament_cmake'
[0.318s] INFO:colcon.colcon_cmake.task.cmake.build:Building CMake package in '/home/aaron/abstain-rover/ros2_ws/src/abstain_pkg'
[0.320s] INFO:colcon.colcon_core.plugin_system:Skipping extension 'colcon_core.shell.bat': Not used on non-Windows systems
[0.320s] INFO:colcon.colcon_core.shell:Skip shell extension 'powershell' for command environment: Not usable outside of PowerShell
[0.320s] DEBUG:colcon.colcon_core.shell:Skip shell extension 'dsv' for command environment
[0.331s] DEBUG:colcon.colcon_core.event_handler.log_command:Invoking command in '/home/aaron/abstain-rover/ros2_ws/src/abstain_pkg/build/abstain_pkg': CMAKE_PREFIX_PATH=${CMAKE_PREFIX_PATH}:/home/aaron/abstain-rover/ros2_ws/install/launch_testing_examples:/home/aaron/abstain-rover/ros2_ws/install/examples_rclpy_pointcloud_publisher:/home/aaron/abstain-rover/ros2_ws/install/examples_rclpy_minimal_subscriber:/home/aaron/abstain-rover/ros2_ws/install/examples_rclpy_minimal_service:/home/aaron/abstain-rover/ros2_ws/install/examples_rclpy_minimal_publisher:/home/aaron/abstain-rover/ros2_ws/install/examples_rclpy_minimal_client:/home/aaron/abstain-rover/ros2_ws/install/examples_rclpy_minimal_action_server:/home/aaron/abstain-rover/ros2_ws/install/examples_rclpy_minimal_action_client:/home/aaron/abstain-rover/ros2_ws/install/examples_rclpy_guard_conditions:/home/aaron/abstain-rover/ros2_ws/install/examples_rclpy_executors:/opt/ros/humble PS1=[\u@\h \W]\$ /usr/bin/cmake /home/aaron/abstain-rover/ros2_ws/src/abstain_pkg -DCMAKE_INSTALL_PREFIX=/home/aaron/abstain-rover/ros2_ws/src/abstain_pkg/install/abstain_pkg
[0.939s] DEBUG:colcon.colcon_core.event_handler.log_command:Invoked command in '/home/aaron/abstain-rover/ros2_ws/src/abstain_pkg/build/abstain_pkg' returned '0': CMAKE_PREFIX_PATH=${CMAKE_PREFIX_PATH}:/home/aaron/abstain-rover/ros2_ws/install/launch_testing_examples:/home/aaron/abstain-rover/ros2_ws/install/examples_rclpy_pointcloud_publisher:/home/aaron/abstain-rover/ros2_ws/install/examples_rclpy_minimal_subscriber:/home/aaron/abstain-rover/ros2_ws/install/examples_rclpy_minimal_service:/home/aaron/abstain-rover/ros2_ws/install/examples_rclpy_minimal_publisher:/home/aaron/abstain-rover/ros2_ws/install/examples_rclpy_minimal_client:/home/aaron/abstain-rover/ros2_ws/install/examples_rclpy_minimal_action_server:/home/aaron/abstain-rover/ros2_ws/install/examples_rclpy_minimal_action_client:/home/aaron/abstain-rover/ros2_ws/install/examples_rclpy_guard_conditions:/home/aaron/abstain-rover/ros2_ws/install/examples_rclpy_executors:/opt/ros/humble PS1=[\u@\h \W]\$ /usr/bin/cmake /home/aaron/abstain-rover/ros2_ws/src/abstain_pkg -DCMAKE_INSTALL_PREFIX=/home/aaron/abstain-rover/ros2_ws/src/abstain_pkg/install/abstain_pkg
[0.941s] DEBUG:colcon.colcon_core.event_handler.log_command:Invoking command in '/home/aaron/abstain-rover/ros2_ws/src/abstain_pkg/build/abstain_pkg': CMAKE_PREFIX_PATH=${CMAKE_PREFIX_PATH}:/home/aaron/abstain-rover/ros2_ws/install/launch_testing_examples:/home/aaron/abstain-rover/ros2_ws/install/examples_rclpy_pointcloud_publisher:/home/aaron/abstain-rover/ros2_ws/install/examples_rclpy_minimal_subscriber:/home/aaron/abstain-rover/ros2_ws/install/examples_rclpy_minimal_service:/home/aaron/abstain-rover/ros2_ws/install/examples_rclpy_minimal_publisher:/home/aaron/abstain-rover/ros2_ws/install/examples_rclpy_minimal_client:/home/aaron/abstain-rover/ros2_ws/install/examples_rclpy_minimal_action_server:/home/aaron/abstain-rover/ros2_ws/install/examples_rclpy_minimal_action_client:/home/aaron/abstain-rover/ros2_ws/install/examples_rclpy_guard_conditions:/home/aaron/abstain-rover/ros2_ws/install/examples_rclpy_executors:/opt/ros/humble PS1=[\u@\h \W]\$ /usr/bin/cmake --build /home/aaron/abstain-rover/ros2_ws/src/abstain_pkg/build/abstain_pkg -- -j16 -l16
[7.460s] DEBUG:colcon.colcon_core.event_handler.log_command:Invoked command in '/home/aaron/abstain-rover/ros2_ws/src/abstain_pkg/build/abstain_pkg' returned '0': CMAKE_PREFIX_PATH=${CMAKE_PREFIX_PATH}:/home/aaron/abstain-rover/ros2_ws/install/launch_testing_examples:/home/aaron/abstain-rover/ros2_ws/install/examples_rclpy_pointcloud_publisher:/home/aaron/abstain-rover/ros2_ws/install/examples_rclpy_minimal_subscriber:/home/aaron/abstain-rover/ros2_ws/install/examples_rclpy_minimal_service:/home/aaron/abstain-rover/ros2_ws/install/examples_rclpy_minimal_publisher:/home/aaron/abstain-rover/ros2_ws/install/examples_rclpy_minimal_client:/home/aaron/abstain-rover/ros2_ws/install/examples_rclpy_minimal_action_server:/home/aaron/abstain-rover/ros2_ws/install/examples_rclpy_minimal_action_client:/home/aaron/abstain-rover/ros2_ws/install/examples_rclpy_guard_conditions:/home/aaron/abstain-rover/ros2_ws/install/examples_rclpy_executors:/opt/ros/humble PS1=[\u@\h \W]\$ /usr/bin/cmake --build /home/aaron/abstain-rover/ros2_ws/src/abstain_pkg/build/abstain_pkg -- -j16 -l16
[7.470s] DEBUG:colcon.colcon_core.event_handler.log_command:Invoking command in '/home/aaron/abstain-rover/ros2_ws/src/abstain_pkg/build/abstain_pkg': CMAKE_PREFIX_PATH=${CMAKE_PREFIX_PATH}:/home/aaron/abstain-rover/ros2_ws/install/launch_testing_examples:/home/aaron/abstain-rover/ros2_ws/install/examples_rclpy_pointcloud_publisher:/home/aaron/abstain-rover/ros2_ws/install/examples_rclpy_minimal_subscriber:/home/aaron/abstain-rover/ros2_ws/install/examples_rclpy_minimal_service:/home/aaron/abstain-rover/ros2_ws/install/examples_rclpy_minimal_publisher:/home/aaron/abstain-rover/ros2_ws/install/examples_rclpy_minimal_client:/home/aaron/abstain-rover/ros2_ws/install/examples_rclpy_minimal_action_server:/home/aaron/abstain-rover/ros2_ws/install/examples_rclpy_minimal_action_client:/home/aaron/abstain-rover/ros2_ws/install/examples_rclpy_guard_conditions:/home/aaron/abstain-rover/ros2_ws/install/examples_rclpy_executors:/opt/ros/humble PS1=[\u@\h \W]\$ /usr/bin/cmake --install /home/aaron/abstain-rover/ros2_ws/src/abstain_pkg/build/abstain_pkg
[7.502s] Level 1:colcon.colcon_core.environment:create_environment_scripts_only(abstain_pkg)
[7.502s] DEBUG:colcon.colcon_core.event_handler.log_command:Invoked command in '/home/aaron/abstain-rover/ros2_ws/src/abstain_pkg/build/abstain_pkg' returned '0': CMAKE_PREFIX_PATH=${CMAKE_PREFIX_PATH}:/home/aaron/abstain-rover/ros2_ws/install/launch_testing_examples:/home/aaron/abstain-rover/ros2_ws/install/examples_rclpy_pointcloud_publisher:/home/aaron/abstain-rover/ros2_ws/install/examples_rclpy_minimal_subscriber:/home/aaron/abstain-rover/ros2_ws/install/examples_rclpy_minimal_service:/home/aaron/abstain-rover/ros2_ws/install/examples_rclpy_minimal_publisher:/home/aaron/abstain-rover/ros2_ws/install/examples_rclpy_minimal_client:/home/aaron/abstain-rover/ros2_ws/install/examples_rclpy_minimal_action_server:/home/aaron/abstain-rover/ros2_ws/install/examples_rclpy_minimal_action_client:/home/aaron/abstain-rover/ros2_ws/install/examples_rclpy_guard_conditions:/home/aaron/abstain-rover/ros2_ws/install/examples_rclpy_executors:/opt/ros/humble PS1=[\u@\h \W]\$ /usr/bin/cmake --install /home/aaron/abstain-rover/ros2_ws/src/abstain_pkg/build/abstain_pkg
[7.504s] Level 1:colcon.colcon_core.environment:checking '/home/aaron/abstain-rover/ros2_ws/src/abstain_pkg/install/abstain_pkg' for CMake module files
[7.505s] Level 1:colcon.colcon_core.environment:checking '/home/aaron/abstain-rover/ros2_ws/src/abstain_pkg/install/abstain_pkg' for CMake config files
[7.505s] Level 1:colcon.colcon_core.shell:create_environment_hook('abstain_pkg', 'cmake_prefix_path')
[7.505s] INFO:colcon.colcon_core.shell:Creating environment hook '/home/aaron/abstain-rover/ros2_ws/src/abstain_pkg/install/abstain_pkg/share/abstain_pkg/hook/cmake_prefix_path.ps1'
[7.505s] INFO:colcon.colcon_core.shell:Creating environment descriptor '/home/aaron/abstain-rover/ros2_ws/src/abstain_pkg/install/abstain_pkg/share/abstain_pkg/hook/cmake_prefix_path.dsv'
[7.506s] INFO:colcon.colcon_core.shell:Creating environment hook '/home/aaron/abstain-rover/ros2_ws/src/abstain_pkg/install/abstain_pkg/share/abstain_pkg/hook/cmake_prefix_path.sh'
[7.506s] Level 1:colcon.colcon_core.environment:checking '/home/aaron/abstain-rover/ros2_ws/src/abstain_pkg/install/abstain_pkg/lib'
[7.507s] Level 1:colcon.colcon_core.environment:checking '/home/aaron/abstain-rover/ros2_ws/src/abstain_pkg/install/abstain_pkg/bin'
[7.507s] Level 1:colcon.colcon_core.environment:checking '/home/aaron/abstain-rover/ros2_ws/src/abstain_pkg/install/abstain_pkg/lib/pkgconfig/abstain_pkg.pc'
[7.507s] Level 1:colcon.colcon_core.environment:checking '/home/aaron/abstain-rover/ros2_ws/src/abstain_pkg/install/abstain_pkg/lib/python3.10/site-packages'
[7.507s] Level 1:colcon.colcon_core.environment:checking '/home/aaron/abstain-rover/ros2_ws/src/abstain_pkg/install/abstain_pkg/bin'
[7.507s] INFO:colcon.colcon_core.shell:Creating package script '/home/aaron/abstain-rover/ros2_ws/src/abstain_pkg/install/abstain_pkg/share/abstain_pkg/package.ps1'
[7.508s] INFO:colcon.colcon_core.shell:Creating package descriptor '/home/aaron/abstain-rover/ros2_ws/src/abstain_pkg/install/abstain_pkg/share/abstain_pkg/package.dsv'
[7.508s] INFO:colcon.colcon_core.shell:Creating package script '/home/aaron/abstain-rover/ros2_ws/src/abstain_pkg/install/abstain_pkg/share/abstain_pkg/package.sh'
[7.509s] INFO:colcon.colcon_core.shell:Creating package script '/home/aaron/abstain-rover/ros2_ws/src/abstain_pkg/install/abstain_pkg/share/abstain_pkg/package.bash'
[7.509s] INFO:colcon.colcon_core.shell:Creating package script '/home/aaron/abstain-rover/ros2_ws/src/abstain_pkg/install/abstain_pkg/share/abstain_pkg/package.zsh'
[7.510s] Level 1:colcon.colcon_core.environment:create_file_with_runtime_dependencies(/home/aaron/abstain-rover/ros2_ws/src/abstain_pkg/install/abstain_pkg/share/colcon-core/packages/abstain_pkg)
[7.510s] Level 1:colcon.colcon_core.environment:create_environment_scripts_only(abstain_pkg)
[7.510s] Level 1:colcon.colcon_core.environment:checking '/home/aaron/abstain-rover/ros2_ws/src/abstain_pkg/install/abstain_pkg' for CMake module files
[7.511s] Level 1:colcon.colcon_core.environment:checking '/home/aaron/abstain-rover/ros2_ws/src/abstain_pkg/install/abstain_pkg' for CMake config files
[7.511s] Level 1:colcon.colcon_core.shell:create_environment_hook('abstain_pkg', 'cmake_prefix_path')
[7.511s] INFO:colcon.colcon_core.shell:Creating environment hook '/home/aaron/abstain-rover/ros2_ws/src/abstain_pkg/install/abstain_pkg/share/abstain_pkg/hook/cmake_prefix_path.ps1'
[7.511s] INFO:colcon.colcon_core.shell:Creating environment descriptor '/home/aaron/abstain-rover/ros2_ws/src/abstain_pkg/install/abstain_pkg/share/abstain_pkg/hook/cmake_prefix_path.dsv'
[7.512s] INFO:colcon.colcon_core.shell:Creating environment hook '/home/aaron/abstain-rover/ros2_ws/src/abstain_pkg/install/abstain_pkg/share/abstain_pkg/hook/cmake_prefix_path.sh'
[7.512s] Level 1:colcon.colcon_core.environment:checking '/home/aaron/abstain-rover/ros2_ws/src/abstain_pkg/install/abstain_pkg/lib'
[7.512s] Level 1:colcon.colcon_core.environment:checking '/home/aaron/abstain-rover/ros2_ws/src/abstain_pkg/install/abstain_pkg/bin'
[7.512s] Level 1:colcon.colcon_core.environment:checking '/home/aaron/abstain-rover/ros2_ws/src/abstain_pkg/install/abstain_pkg/lib/pkgconfig/abstain_pkg.pc'
[7.512s] Level 1:colcon.colcon_core.environment:checking '/home/aaron/abstain-rover/ros2_ws/src/abstain_pkg/install/abstain_pkg/lib/python3.10/site-packages'
[7.513s] Level 1:colcon.colcon_core.environment:checking '/home/aaron/abstain-rover/ros2_ws/src/abstain_pkg/install/abstain_pkg/bin'
[7.513s] INFO:colcon.colcon_core.shell:Creating package script '/home/aaron/abstain-rover/ros2_ws/src/abstain_pkg/install/abstain_pkg/share/abstain_pkg/package.ps1'
[7.513s] INFO:colcon.colcon_core.shell:Creating package descriptor '/home/aaron/abstain-rover/ros2_ws/src/abstain_pkg/install/abstain_pkg/share/abstain_pkg/package.dsv'
[7.514s] INFO:colcon.colcon_core.shell:Creating package script '/home/aaron/abstain-rover/ros2_ws/src/abstain_pkg/install/abstain_pkg/share/abstain_pkg/package.sh'
[7.514s] INFO:colcon.colcon_core.shell:Creating package script '/home/aaron/abstain-rover/ros2_ws/src/abstain_pkg/install/abstain_pkg/share/abstain_pkg/package.bash'
[7.514s] INFO:colcon.colcon_core.shell:Creating package script '/home/aaron/abstain-rover/ros2_ws/src/abstain_pkg/install/abstain_pkg/share/abstain_pkg/package.zsh'
[7.514s] Level 1:colcon.colcon_core.environment:create_file_with_runtime_dependencies(/home/aaron/abstain-rover/ros2_ws/src/abstain_pkg/install/abstain_pkg/share/colcon-core/packages/abstain_pkg)
[7.515s] DEBUG:colcon.colcon_parallel_executor.executor.parallel:closing loop
[7.515s] DEBUG:colcon.colcon_parallel_executor.executor.parallel:loop closed
[7.515s] DEBUG:colcon.colcon_parallel_executor.executor.parallel:run_until_complete finished with '0'
[7.515s] DEBUG:colcon.colcon_core.event_reactor:joining thread
[7.525s] INFO:colcon.colcon_core.plugin_system:Skipping extension 'colcon_notification.desktop_notification.notify_send': Could not find 'notify-send'
[7.525s] INFO:colcon.colcon_core.plugin_system:Skipping extension 'colcon_notification.desktop_notification.terminal_notifier': Not used on non-Darwin systems
[7.525s] INFO:colcon.colcon_core.plugin_system:Skipping extension 'colcon_notification.desktop_notification.win32': Not used on non-Windows systems
[7.525s] INFO:colcon.colcon_notification.desktop_notification:Sending desktop notification using 'notify2'
[7.542s] DEBUG:colcon.colcon_core.event_reactor:joined thread
[7.543s] INFO:colcon.colcon_core.shell:Creating prefix script '/home/aaron/abstain-rover/ros2_ws/src/abstain_pkg/install/local_setup.ps1'
[7.545s] INFO:colcon.colcon_core.shell:Creating prefix util module '/home/aaron/abstain-rover/ros2_ws/src/abstain_pkg/install/_local_setup_util_ps1.py'
[7.547s] INFO:colcon.colcon_core.shell:Creating prefix chain script '/home/aaron/abstain-rover/ros2_ws/src/abstain_pkg/install/setup.ps1'
[7.551s] INFO:colcon.colcon_core.shell:Creating prefix script '/home/aaron/abstain-rover/ros2_ws/src/abstain_pkg/install/local_setup.sh'
[7.552s] INFO:colcon.colcon_core.shell:Creating prefix util module '/home/aaron/abstain-rover/ros2_ws/src/abstain_pkg/install/_local_setup_util_sh.py'
[7.553s] INFO:colcon.colcon_core.shell:Creating prefix chain script '/home/aaron/abstain-rover/ros2_ws/src/abstain_pkg/install/setup.sh'
[7.557s] INFO:colcon.colcon_core.shell:Creating prefix script '/home/aaron/abstain-rover/ros2_ws/src/abstain_pkg/install/local_setup.bash'
[7.557s] INFO:colcon.colcon_core.shell:Creating prefix chain script '/home/aaron/abstain-rover/ros2_ws/src/abstain_pkg/install/setup.bash'
[7.561s] INFO:colcon.colcon_core.shell:Creating prefix script '/home/aaron/abstain-rover/ros2_ws/src/abstain_pkg/install/local_setup.zsh'
[7.562s] INFO:colcon.colcon_core.shell:Creating prefix chain script '/home/aaron/abstain-rover/ros2_ws/src/abstain_pkg/install/setup.zsh'
