[2.064s] Invoking command in '/home/aaron/abstain-rover/ros2_ws/build/examples_rclpy_guard_conditions': PS1=[\u@\h \W]\$ PYTHONPATH=/home/aaron/abstain-rover/ros2_ws/build/examples_rclpy_guard_conditions/prefix_override:/usr/lib/python3/dist-packages/colcon_core/task/python/colcon_distutils_commands:/home/aaron/abstain-rover/ros2_ws/install/examples_rclpy_guard_conditions/lib/python3.10/site-packages:${PYTHONPATH} /usr/bin/python3 -W ignore:setup.py install is deprecated -W ignore:easy_install command is deprecated setup.py develop --editable --build-directory /home/aaron/abstain-rover/ros2_ws/build/examples_rclpy_guard_conditions/build --no-deps symlink_data
[69.191s] running develop
[69.198s] running egg_info
[69.200s] creating examples_rclpy_guard_conditions.egg-info
[69.204s] writing examples_rclpy_guard_conditions.egg-info/PKG-INFO
[69.207s] writing dependency_links to examples_rclpy_guard_conditions.egg-info/dependency_links.txt
[69.212s] writing entry points to examples_rclpy_guard_conditions.egg-info/entry_points.txt
[69.214s] writing requirements to examples_rclpy_guard_conditions.egg-info/requires.txt
[69.230s] writing top-level names to examples_rclpy_guard_conditions.egg-info/top_level.txt
[69.230s] writing manifest file 'examples_rclpy_guard_conditions.egg-info/SOURCES.txt'
[69.230s] reading manifest file 'examples_rclpy_guard_conditions.egg-info/SOURCES.txt'
[69.230s] writing manifest file 'examples_rclpy_guard_conditions.egg-info/SOURCES.txt'
[69.230s] running build_ext
[69.230s] Creating /home/aaron/abstain-rover/ros2_ws/install/examples_rclpy_guard_conditions/lib/python3.10/site-packages/examples-rclpy-guard-conditions.egg-link (link to .)
[69.230s] Installing trigger_guard_condition script to /home/aaron/abstain-rover/ros2_ws/install/examples_rclpy_guard_conditions/lib/examples_rclpy_guard_conditions
[69.231s] 
[69.231s] Installed /home/aaron/abstain-rover/ros2_ws/build/examples_rclpy_guard_conditions
[69.231s] running symlink_data
[69.231s] creating /home/aaron/abstain-rover/ros2_ws/install/examples_rclpy_guard_conditions/share/ament_index
[69.231s] creating /home/aaron/abstain-rover/ros2_ws/install/examples_rclpy_guard_conditions/share/ament_index/resource_index
[69.231s] creating /home/aaron/abstain-rover/ros2_ws/install/examples_rclpy_guard_conditions/share/ament_index/resource_index/packages
[69.231s] symbolically linking /home/aaron/abstain-rover/ros2_ws/build/examples_rclpy_guard_conditions/resource/examples_rclpy_guard_conditions -> /home/aaron/abstain-rover/ros2_ws/install/examples_rclpy_guard_conditions/share/ament_index/resource_index/packages
[69.231s] symbolically linking /home/aaron/abstain-rover/ros2_ws/build/examples_rclpy_guard_conditions/package.xml -> /home/aaron/abstain-rover/ros2_ws/install/examples_rclpy_guard_conditions/share/examples_rclpy_guard_conditions
[69.311s] Invoked command in '/home/aaron/abstain-rover/ros2_ws/build/examples_rclpy_guard_conditions' returned '0': PS1=[\u@\h \W]\$ PYTHONPATH=/home/aaron/abstain-rover/ros2_ws/build/examples_rclpy_guard_conditions/prefix_override:/usr/lib/python3/dist-packages/colcon_core/task/python/colcon_distutils_commands:/home/aaron/abstain-rover/ros2_ws/install/examples_rclpy_guard_conditions/lib/python3.10/site-packages:${PYTHONPATH} /usr/bin/python3 -W ignore:setup.py install is deprecated -W ignore:easy_install command is deprecated setup.py develop --editable --build-directory /home/aaron/abstain-rover/ros2_ws/build/examples_rclpy_guard_conditions/build --no-deps symlink_data
