[8.063s] Invoking command in '/home/aaron/abstain-rover/ros2_ws/build/examples_rclpy_minimal_service': PS1=[\u@\h \W]\$ PYTHONPATH=/home/aaron/abstain-rover/ros2_ws/build/examples_rclpy_minimal_service/prefix_override:/usr/lib/python3/dist-packages/colcon_core/task/python/colcon_distutils_commands:/home/aaron/abstain-rover/ros2_ws/install/examples_rclpy_minimal_service/lib/python3.10/site-packages:${PYTHONPATH} /usr/bin/python3 -W ignore:setup.py install is deprecated -W ignore:easy_install command is deprecated setup.py develop --editable --build-directory /home/aaron/abstain-rover/ros2_ws/build/examples_rclpy_minimal_service/build --no-deps symlink_data
[9.055s] running develop
[9.436s] running egg_info
[9.437s] creating examples_rclpy_minimal_service.egg-info
[9.438s] writing examples_rclpy_minimal_service.egg-info/PKG-INFO
[9.439s] writing dependency_links to examples_rclpy_minimal_service.egg-info/dependency_links.txt
[9.440s] writing entry points to examples_rclpy_minimal_service.egg-info/entry_points.txt
[9.441s] writing requirements to examples_rclpy_minimal_service.egg-info/requires.txt
[9.441s] writing top-level names to examples_rclpy_minimal_service.egg-info/top_level.txt
[9.442s] writing manifest file 'examples_rclpy_minimal_service.egg-info/SOURCES.txt'
[9.448s] reading manifest file 'examples_rclpy_minimal_service.egg-info/SOURCES.txt'
[9.448s] writing manifest file 'examples_rclpy_minimal_service.egg-info/SOURCES.txt'
[9.452s] running build_ext
[9.454s] Creating /home/aaron/abstain-rover/ros2_ws/install/examples_rclpy_minimal_service/lib/python3.10/site-packages/examples-rclpy-minimal-service.egg-link (link to .)
[9.454s] Installing service script to /home/aaron/abstain-rover/ros2_ws/install/examples_rclpy_minimal_service/lib/examples_rclpy_minimal_service
[9.457s] Installing service_member_function script to /home/aaron/abstain-rover/ros2_ws/install/examples_rclpy_minimal_service/lib/examples_rclpy_minimal_service
[9.457s] 
[9.458s] Installed /home/aaron/abstain-rover/ros2_ws/build/examples_rclpy_minimal_service
[9.458s] running symlink_data
[9.458s] creating /home/aaron/abstain-rover/ros2_ws/install/examples_rclpy_minimal_service/share/ament_index
[9.458s] creating /home/aaron/abstain-rover/ros2_ws/install/examples_rclpy_minimal_service/share/ament_index/resource_index
[9.458s] creating /home/aaron/abstain-rover/ros2_ws/install/examples_rclpy_minimal_service/share/ament_index/resource_index/packages
[9.458s] symbolically linking /home/aaron/abstain-rover/ros2_ws/build/examples_rclpy_minimal_service/resource/examples_rclpy_minimal_service -> /home/aaron/abstain-rover/ros2_ws/install/examples_rclpy_minimal_service/share/ament_index/resource_index/packages
[9.458s] symbolically linking /home/aaron/abstain-rover/ros2_ws/build/examples_rclpy_minimal_service/package.xml -> /home/aaron/abstain-rover/ros2_ws/install/examples_rclpy_minimal_service/share/examples_rclpy_minimal_service
[9.567s] Invoked command in '/home/aaron/abstain-rover/ros2_ws/build/examples_rclpy_minimal_service' returned '0': PS1=[\u@\h \W]\$ PYTHONPATH=/home/aaron/abstain-rover/ros2_ws/build/examples_rclpy_minimal_service/prefix_override:/usr/lib/python3/dist-packages/colcon_core/task/python/colcon_distutils_commands:/home/aaron/abstain-rover/ros2_ws/install/examples_rclpy_minimal_service/lib/python3.10/site-packages:${PYTHONPATH} /usr/bin/python3 -W ignore:setup.py install is deprecated -W ignore:easy_install command is deprecated setup.py develop --editable --build-directory /home/aaron/abstain-rover/ros2_ws/build/examples_rclpy_minimal_service/build --no-deps symlink_data
