-- Found ament_cmake: 1.3.12 (/opt/ros/humble/share/ament_cmake/cmake)
-- Found rclcpp: 16.0.15 (/opt/ros/humble/share/rclcpp/cmake)
-- Found rosidl_generator_c: 3.1.7 (/opt/ros/humble/share/rosidl_generator_c/cmake)
-- Found rosidl_adapter: 3.1.7 (/opt/ros/humble/share/rosidl_adapter/cmake)
-- Found rosidl_generator_cpp: 3.1.7 (/opt/ros/humble/share/rosidl_generator_cpp/cmake)
-- Using all available rosidl_typesupport_c: rosidl_typesupport_fastrtps_c;rosidl_typesupport_introspection_c
-- Using all available rosidl_typesupport_cpp: rosidl_typesupport_fastrtps_cpp;rosidl_typesupport_introspection_cpp
-- Found rmw_implementation_cmake: 6.1.2 (/opt/ros/humble/share/rmw_implementation_cmake/cmake)
-- Found rmw_fastrtps_cpp: 6.2.8 (/opt/ros/humble/share/rmw_fastrtps_cpp/cmake)
-- Using RMW implementation 'rmw_fastrtps_cpp' as default
-- Found ament_lint_auto: 0.12.14 (/opt/ros/humble/share/ament_lint_auto/cmake)
-- Added test 'cppcheck' to perform static code analysis on C / C++ code
-- Configured cppcheck include dirs: $<BUILD_INTERFACE:/home/aaron/abstain-rover/ros2_ws/src/abstain_pkg/include>
-- Configured cppcheck exclude dirs and/or files: 
-- Added test 'flake8' to check Python code syntax and style conventions
-- Added test 'lint_cmake' to check CMake code style
-- Added test 'pep257' to check Python code against some of the docstring style conventions in PEP 257
-- Added test 'uncrustify' to check C / C++ code style
-- Configured uncrustify additional arguments: 
-- Added test 'xmllint' to check XML markup files
-- Configuring done
-- Generating done
-- Build files have been written to: /home/aaron/abstain-rover/ros2_ws/src/abstain_pkg/build/abstain_pkg
[ 16%] [32mBuilding CXX object CMakeFiles/gs_node.dir/src/gs_node.cpp.o[0m
[ 33%] [32mBuilding CXX object CMakeFiles/listener.dir/src/subscriber_member_function.cpp.o[0m
[ 50%] [32mBuilding CXX object CMakeFiles/talker.dir/src/publisher_member_function.cpp.o[0m
[ 66%] [32m[1mLinking CXX executable gs_node[0m
[ 66%] Built target gs_node
[ 83%] [32m[1mLinking CXX executable talker[0m
[ 83%] Built target talker
[100%] [32m[1mLinking CXX executable listener[0m
[100%] Built target listener
-- Install configuration: ""
-- Installing: /home/aaron/abstain-rover/ros2_ws/src/abstain_pkg/install/abstain_pkg/lib/abstain_pkg/talker
-- Set runtime path of "/home/aaron/abstain-rover/ros2_ws/src/abstain_pkg/install/abstain_pkg/lib/abstain_pkg/talker" to ""
-- Installing: /home/aaron/abstain-rover/ros2_ws/src/abstain_pkg/install/abstain_pkg/lib/abstain_pkg/listener
-- Set runtime path of "/home/aaron/abstain-rover/ros2_ws/src/abstain_pkg/install/abstain_pkg/lib/abstain_pkg/listener" to ""
-- Installing: /home/aaron/abstain-rover/ros2_ws/src/abstain_pkg/install/abstain_pkg/lib/abstain_pkg/gs_node
-- Installing: /home/aaron/abstain-rover/ros2_ws/src/abstain_pkg/install/abstain_pkg/share/ament_index/resource_index/package_run_dependencies/abstain_pkg
-- Installing: /home/aaron/abstain-rover/ros2_ws/src/abstain_pkg/install/abstain_pkg/share/ament_index/resource_index/parent_prefix_path/abstain_pkg
-- Installing: /home/aaron/abstain-rover/ros2_ws/src/abstain_pkg/install/abstain_pkg/share/abstain_pkg/environment/ament_prefix_path.sh
-- Installing: /home/aaron/abstain-rover/ros2_ws/src/abstain_pkg/install/abstain_pkg/share/abstain_pkg/environment/ament_prefix_path.dsv
-- Installing: /home/aaron/abstain-rover/ros2_ws/src/abstain_pkg/install/abstain_pkg/share/abstain_pkg/environment/path.sh
-- Installing: /home/aaron/abstain-rover/ros2_ws/src/abstain_pkg/install/abstain_pkg/share/abstain_pkg/environment/path.dsv
-- Installing: /home/aaron/abstain-rover/ros2_ws/src/abstain_pkg/install/abstain_pkg/share/abstain_pkg/local_setup.bash
-- Installing: /home/aaron/abstain-rover/ros2_ws/src/abstain_pkg/install/abstain_pkg/share/abstain_pkg/local_setup.sh
-- Installing: /home/aaron/abstain-rover/ros2_ws/src/abstain_pkg/install/abstain_pkg/share/abstain_pkg/local_setup.zsh
-- Installing: /home/aaron/abstain-rover/ros2_ws/src/abstain_pkg/install/abstain_pkg/share/abstain_pkg/local_setup.dsv
-- Installing: /home/aaron/abstain-rover/ros2_ws/src/abstain_pkg/install/abstain_pkg/share/abstain_pkg/package.dsv
-- Installing: /home/aaron/abstain-rover/ros2_ws/src/abstain_pkg/install/abstain_pkg/share/ament_index/resource_index/packages/abstain_pkg
-- Installing: /home/aaron/abstain-rover/ros2_ws/src/abstain_pkg/install/abstain_pkg/share/abstain_pkg/cmake/abstain_pkgConfig.cmake
-- Installing: /home/aaron/abstain-rover/ros2_ws/src/abstain_pkg/install/abstain_pkg/share/abstain_pkg/cmake/abstain_pkgConfig-version.cmake
-- Installing: /home/aaron/abstain-rover/ros2_ws/src/abstain_pkg/install/abstain_pkg/share/abstain_pkg/package.xml
