[0.013s] Invoking command in '/home/aaron/abstain-rover/ros2_ws/src/abstain_pkg/build/abstain_pkg': CMAKE_PREFIX_PATH=${CMAKE_PREFIX_PATH}:/home/aaron/abstain-rover/ros2_ws/install/launch_testing_examples:/home/aaron/abstain-rover/ros2_ws/install/examples_rclpy_pointcloud_publisher:/home/aaron/abstain-rover/ros2_ws/install/examples_rclpy_minimal_subscriber:/home/aaron/abstain-rover/ros2_ws/install/examples_rclpy_minimal_service:/home/aaron/abstain-rover/ros2_ws/install/examples_rclpy_minimal_publisher:/home/aaron/abstain-rover/ros2_ws/install/examples_rclpy_minimal_client:/home/aaron/abstain-rover/ros2_ws/install/examples_rclpy_minimal_action_server:/home/aaron/abstain-rover/ros2_ws/install/examples_rclpy_minimal_action_client:/home/aaron/abstain-rover/ros2_ws/install/examples_rclpy_guard_conditions:/home/aaron/abstain-rover/ros2_ws/install/examples_rclpy_executors:/opt/ros/humble PS1=[\u@\h \W]\$ /usr/bin/cmake /home/aaron/abstain-rover/ros2_ws/src/abstain_pkg -DCMAKE_INSTALL_PREFIX=/home/aaron/abstain-rover/ros2_ws/src/abstain_pkg/install/abstain_pkg
[0.026s] -- Found ament_cmake: 1.3.12 (/opt/ros/humble/share/ament_cmake/cmake)
[0.176s] -- Found rclcpp: 16.0.15 (/opt/ros/humble/share/rclcpp/cmake)
[0.223s] -- Found rosidl_generator_c: 3.1.7 (/opt/ros/humble/share/rosidl_generator_c/cmake)
[0.225s] -- Found rosidl_adapter: 3.1.7 (/opt/ros/humble/share/rosidl_adapter/cmake)
[0.230s] -- Found rosidl_generator_cpp: 3.1.7 (/opt/ros/humble/share/rosidl_generator_cpp/cmake)
[0.240s] -- Using all available rosidl_typesupport_c: rosidl_typesupport_fastrtps_c;rosidl_typesupport_introspection_c
[0.251s] -- Using all available rosidl_typesupport_cpp: rosidl_typesupport_fastrtps_cpp;rosidl_typesupport_introspection_cpp
[0.278s] -- Found rmw_implementation_cmake: 6.1.2 (/opt/ros/humble/share/rmw_implementation_cmake/cmake)
[0.280s] -- Found rmw_fastrtps_cpp: 6.2.8 (/opt/ros/humble/share/rmw_fastrtps_cpp/cmake)
[0.410s] -- Using RMW implementation 'rmw_fastrtps_cpp' as default
[0.459s] -- Found ament_lint_auto: 0.12.14 (/opt/ros/humble/share/ament_lint_auto/cmake)
[0.575s] -- Added test 'cppcheck' to perform static code analysis on C / C++ code
[0.575s] -- Configured cppcheck include dirs: $<BUILD_INTERFACE:/home/aaron/abstain-rover/ros2_ws/src/abstain_pkg/include>
[0.575s] -- Configured cppcheck exclude dirs and/or files: 
[0.576s] -- Added test 'flake8' to check Python code syntax and style conventions
[0.579s] -- Added test 'lint_cmake' to check CMake code style
[0.581s] -- Added test 'pep257' to check Python code against some of the docstring style conventions in PEP 257
[0.589s] -- Added test 'uncrustify' to check C / C++ code style
[0.589s] -- Configured uncrustify additional arguments: 
[0.591s] -- Added test 'xmllint' to check XML markup files
[0.593s] -- Configuring done
[0.607s] -- Generating done
[0.613s] -- Build files have been written to: /home/aaron/abstain-rover/ros2_ws/src/abstain_pkg/build/abstain_pkg
[0.620s] Invoked command in '/home/aaron/abstain-rover/ros2_ws/src/abstain_pkg/build/abstain_pkg' returned '0': CMAKE_PREFIX_PATH=${CMAKE_PREFIX_PATH}:/home/aaron/abstain-rover/ros2_ws/install/launch_testing_examples:/home/aaron/abstain-rover/ros2_ws/install/examples_rclpy_pointcloud_publisher:/home/aaron/abstain-rover/ros2_ws/install/examples_rclpy_minimal_subscriber:/home/aaron/abstain-rover/ros2_ws/install/examples_rclpy_minimal_service:/home/aaron/abstain-rover/ros2_ws/install/examples_rclpy_minimal_publisher:/home/aaron/abstain-rover/ros2_ws/install/examples_rclpy_minimal_client:/home/aaron/abstain-rover/ros2_ws/install/examples_rclpy_minimal_action_server:/home/aaron/abstain-rover/ros2_ws/install/examples_rclpy_minimal_action_client:/home/aaron/abstain-rover/ros2_ws/install/examples_rclpy_guard_conditions:/home/aaron/abstain-rover/ros2_ws/install/examples_rclpy_executors:/opt/ros/humble PS1=[\u@\h \W]\$ /usr/bin/cmake /home/aaron/abstain-rover/ros2_ws/src/abstain_pkg -DCMAKE_INSTALL_PREFIX=/home/aaron/abstain-rover/ros2_ws/src/abstain_pkg/install/abstain_pkg
[0.622s] Invoking command in '/home/aaron/abstain-rover/ros2_ws/src/abstain_pkg/build/abstain_pkg': CMAKE_PREFIX_PATH=${CMAKE_PREFIX_PATH}:/home/aaron/abstain-rover/ros2_ws/install/launch_testing_examples:/home/aaron/abstain-rover/ros2_ws/install/examples_rclpy_pointcloud_publisher:/home/aaron/abstain-rover/ros2_ws/install/examples_rclpy_minimal_subscriber:/home/aaron/abstain-rover/ros2_ws/install/examples_rclpy_minimal_service:/home/aaron/abstain-rover/ros2_ws/install/examples_rclpy_minimal_publisher:/home/aaron/abstain-rover/ros2_ws/install/examples_rclpy_minimal_client:/home/aaron/abstain-rover/ros2_ws/install/examples_rclpy_minimal_action_server:/home/aaron/abstain-rover/ros2_ws/install/examples_rclpy_minimal_action_client:/home/aaron/abstain-rover/ros2_ws/install/examples_rclpy_guard_conditions:/home/aaron/abstain-rover/ros2_ws/install/examples_rclpy_executors:/opt/ros/humble PS1=[\u@\h \W]\$ /usr/bin/cmake --build /home/aaron/abstain-rover/ros2_ws/src/abstain_pkg/build/abstain_pkg -- -j16 -l16
[0.683s] [ 16%] [32mBuilding CXX object CMakeFiles/gs_node.dir/src/gs_node.cpp.o[0m
[0.684s] [ 33%] [32mBuilding CXX object CMakeFiles/listener.dir/src/subscriber_member_function.cpp.o[0m
[0.685s] [ 50%] [32mBuilding CXX object CMakeFiles/talker.dir/src/publisher_member_function.cpp.o[0m
[0.711s] [ 66%] [32m[1mLinking CXX executable gs_node[0m
[0.758s] [ 66%] Built target gs_node
[3.817s] [ 83%] [32m[1mLinking CXX executable talker[0m
[4.022s] [ 83%] Built target talker
[6.747s] [100%] [32m[1mLinking CXX executable listener[0m
[7.120s] [100%] Built target listener
[7.141s] Invoked command in '/home/aaron/abstain-rover/ros2_ws/src/abstain_pkg/build/abstain_pkg' returned '0': CMAKE_PREFIX_PATH=${CMAKE_PREFIX_PATH}:/home/aaron/abstain-rover/ros2_ws/install/launch_testing_examples:/home/aaron/abstain-rover/ros2_ws/install/examples_rclpy_pointcloud_publisher:/home/aaron/abstain-rover/ros2_ws/install/examples_rclpy_minimal_subscriber:/home/aaron/abstain-rover/ros2_ws/install/examples_rclpy_minimal_service:/home/aaron/abstain-rover/ros2_ws/install/examples_rclpy_minimal_publisher:/home/aaron/abstain-rover/ros2_ws/install/examples_rclpy_minimal_client:/home/aaron/abstain-rover/ros2_ws/install/examples_rclpy_minimal_action_server:/home/aaron/abstain-rover/ros2_ws/install/examples_rclpy_minimal_action_client:/home/aaron/abstain-rover/ros2_ws/install/examples_rclpy_guard_conditions:/home/aaron/abstain-rover/ros2_ws/install/examples_rclpy_executors:/opt/ros/humble PS1=[\u@\h \W]\$ /usr/bin/cmake --build /home/aaron/abstain-rover/ros2_ws/src/abstain_pkg/build/abstain_pkg -- -j16 -l16
[7.152s] Invoking command in '/home/aaron/abstain-rover/ros2_ws/src/abstain_pkg/build/abstain_pkg': CMAKE_PREFIX_PATH=${CMAKE_PREFIX_PATH}:/home/aaron/abstain-rover/ros2_ws/install/launch_testing_examples:/home/aaron/abstain-rover/ros2_ws/install/examples_rclpy_pointcloud_publisher:/home/aaron/abstain-rover/ros2_ws/install/examples_rclpy_minimal_subscriber:/home/aaron/abstain-rover/ros2_ws/install/examples_rclpy_minimal_service:/home/aaron/abstain-rover/ros2_ws/install/examples_rclpy_minimal_publisher:/home/aaron/abstain-rover/ros2_ws/install/examples_rclpy_minimal_client:/home/aaron/abstain-rover/ros2_ws/install/examples_rclpy_minimal_action_server:/home/aaron/abstain-rover/ros2_ws/install/examples_rclpy_minimal_action_client:/home/aaron/abstain-rover/ros2_ws/install/examples_rclpy_guard_conditions:/home/aaron/abstain-rover/ros2_ws/install/examples_rclpy_executors:/opt/ros/humble PS1=[\u@\h \W]\$ /usr/bin/cmake --install /home/aaron/abstain-rover/ros2_ws/src/abstain_pkg/build/abstain_pkg
[7.159s] -- Install configuration: ""
[7.159s] -- Installing: /home/aaron/abstain-rover/ros2_ws/src/abstain_pkg/install/abstain_pkg/lib/abstain_pkg/talker
[7.167s] -- Set runtime path of "/home/aaron/abstain-rover/ros2_ws/src/abstain_pkg/install/abstain_pkg/lib/abstain_pkg/talker" to ""
[7.167s] -- Installing: /home/aaron/abstain-rover/ros2_ws/src/abstain_pkg/install/abstain_pkg/lib/abstain_pkg/listener
[7.178s] -- Set runtime path of "/home/aaron/abstain-rover/ros2_ws/src/abstain_pkg/install/abstain_pkg/lib/abstain_pkg/listener" to ""
[7.178s] -- Installing: /home/aaron/abstain-rover/ros2_ws/src/abstain_pkg/install/abstain_pkg/lib/abstain_pkg/gs_node
[7.179s] -- Installing: /home/aaron/abstain-rover/ros2_ws/src/abstain_pkg/install/abstain_pkg/share/ament_index/resource_index/package_run_dependencies/abstain_pkg
[7.179s] -- Installing: /home/aaron/abstain-rover/ros2_ws/src/abstain_pkg/install/abstain_pkg/share/ament_index/resource_index/parent_prefix_path/abstain_pkg
[7.179s] -- Installing: /home/aaron/abstain-rover/ros2_ws/src/abstain_pkg/install/abstain_pkg/share/abstain_pkg/environment/ament_prefix_path.sh
[7.179s] -- Installing: /home/aaron/abstain-rover/ros2_ws/src/abstain_pkg/install/abstain_pkg/share/abstain_pkg/environment/ament_prefix_path.dsv
[7.180s] -- Installing: /home/aaron/abstain-rover/ros2_ws/src/abstain_pkg/install/abstain_pkg/share/abstain_pkg/environment/path.sh
[7.180s] -- Installing: /home/aaron/abstain-rover/ros2_ws/src/abstain_pkg/install/abstain_pkg/share/abstain_pkg/environment/path.dsv
[7.180s] -- Installing: /home/aaron/abstain-rover/ros2_ws/src/abstain_pkg/install/abstain_pkg/share/abstain_pkg/local_setup.bash
[7.180s] -- Installing: /home/aaron/abstain-rover/ros2_ws/src/abstain_pkg/install/abstain_pkg/share/abstain_pkg/local_setup.sh
[7.181s] -- Installing: /home/aaron/abstain-rover/ros2_ws/src/abstain_pkg/install/abstain_pkg/share/abstain_pkg/local_setup.zsh
[7.181s] -- Installing: /home/aaron/abstain-rover/ros2_ws/src/abstain_pkg/install/abstain_pkg/share/abstain_pkg/local_setup.dsv
[7.181s] -- Installing: /home/aaron/abstain-rover/ros2_ws/src/abstain_pkg/install/abstain_pkg/share/abstain_pkg/package.dsv
[7.181s] -- Installing: /home/aaron/abstain-rover/ros2_ws/src/abstain_pkg/install/abstain_pkg/share/ament_index/resource_index/packages/abstain_pkg
[7.181s] -- Installing: /home/aaron/abstain-rover/ros2_ws/src/abstain_pkg/install/abstain_pkg/share/abstain_pkg/cmake/abstain_pkgConfig.cmake
[7.181s] -- Installing: /home/aaron/abstain-rover/ros2_ws/src/abstain_pkg/install/abstain_pkg/share/abstain_pkg/cmake/abstain_pkgConfig-version.cmake
[7.181s] -- Installing: /home/aaron/abstain-rover/ros2_ws/src/abstain_pkg/install/abstain_pkg/share/abstain_pkg/package.xml
[7.184s] Invoked command in '/home/aaron/abstain-rover/ros2_ws/src/abstain_pkg/build/abstain_pkg' returned '0': CMAKE_PREFIX_PATH=${CMAKE_PREFIX_PATH}:/home/aaron/abstain-rover/ros2_ws/install/launch_testing_examples:/home/aaron/abstain-rover/ros2_ws/install/examples_rclpy_pointcloud_publisher:/home/aaron/abstain-rover/ros2_ws/install/examples_rclpy_minimal_subscriber:/home/aaron/abstain-rover/ros2_ws/install/examples_rclpy_minimal_service:/home/aaron/abstain-rover/ros2_ws/install/examples_rclpy_minimal_publisher:/home/aaron/abstain-rover/ros2_ws/install/examples_rclpy_minimal_client:/home/aaron/abstain-rover/ros2_ws/install/examples_rclpy_minimal_action_server:/home/aaron/abstain-rover/ros2_ws/install/examples_rclpy_minimal_action_client:/home/aaron/abstain-rover/ros2_ws/install/examples_rclpy_guard_conditions:/home/aaron/abstain-rover/ros2_ws/install/examples_rclpy_executors:/opt/ros/humble PS1=[\u@\h \W]\$ /usr/bin/cmake --install /home/aaron/abstain-rover/ros2_ws/src/abstain_pkg/build/abstain_pkg
