[0.063s] Invoking command in '/home/aaron/abstain-rover/ros2_ws/build/examples_rclcpp_minimal_timer': PS1=[\u@\h \W]\$ /usr/bin/cmake /home/aaron/abstain-rover/ros2_ws/src/src/examples/rclcpp/timers/minimal_timer -DAMENT_CMAKE_SYMLINK_INSTALL=1 -DCMAKE_INSTALL_PREFIX=/home/aaron/abstain-rover/ros2_ws/install/examples_rclcpp_minimal_timer
[1.041s] [31mCMake Error at CMakeLists.txt:13 (find_package):
[1.042s]   By not providing "Findament_cmake.cmake" in CMAKE_MODULE_PATH this project
[1.042s]   has asked CMake to find a package configuration file provided by
[1.042s]   "ament_cmake", but CMake did not find one.
[1.042s] 
[1.042s]   Could not find a package configuration file provided by "ament_cmake" with
[1.042s]   any of the following names:
[1.042s] 
[1.043s]     ament_cmakeConfig.cmake
[1.044s]     ament_cmake-config.cmake
[1.045s] 
[1.046s]   Add the installation prefix of "ament_cmake" to CMAKE_PREFIX_PATH or set
[1.046s]   "ament_cmake_DIR" to a directory containing one of the above files.  If
[1.047s]   "ament_cmake" provides a separate development package or SDK, be sure it
[1.047s]   has been installed.
[1.047s] 
[1.047s] [0m
[1.047s] -- The C compiler identification is GNU 11.4.0
[1.047s] -- The CXX compiler identification is GNU 11.4.0
[1.047s] -- Detecting C compiler ABI info
[1.047s] -- Detecting C compiler ABI info - done
[1.047s] -- Check for working C compiler: /usr/bin/cc - skipped
[1.047s] -- Detecting C compile features
[1.047s] -- Detecting C compile features - done
[1.048s] -- Detecting CXX compiler ABI info
[1.048s] -- Detecting CXX compiler ABI info - done
[1.048s] -- Check for working CXX compiler: /usr/bin/c++ - skipped
[1.048s] -- Detecting CXX compile features
[1.048s] -- Detecting CXX compile features - done
[1.048s] -- Configuring incomplete, errors occurred!
[1.048s] See also "/home/aaron/abstain-rover/ros2_ws/build/examples_rclcpp_minimal_timer/CMakeFiles/CMakeOutput.log".
[1.054s] Invoked command in '/home/aaron/abstain-rover/ros2_ws/build/examples_rclcpp_minimal_timer' returned '1': PS1=[\u@\h \W]\$ /usr/bin/cmake /home/aaron/abstain-rover/ros2_ws/src/src/examples/rclcpp/timers/minimal_timer -DAMENT_CMAKE_SYMLINK_INSTALL=1 -DCMAKE_INSTALL_PREFIX=/home/aaron/abstain-rover/ros2_ws/install/examples_rclcpp_minimal_timer
