[0.012s] Invoking command in '/home/aaron/abstain-rover/build/abstain_pkg': CMAKE_PREFIX_PATH=${CMAKE_PREFIX_PATH}:/home/aaron/abstain-rover/ros2_ws/install/launch_testing_examples:/home/aaron/abstain-rover/ros2_ws/install/examples_rclpy_pointcloud_publisher:/home/aaron/abstain-rover/ros2_ws/install/examples_rclpy_minimal_subscriber:/home/aaron/abstain-rover/ros2_ws/install/examples_rclpy_minimal_service:/home/aaron/abstain-rover/ros2_ws/install/examples_rclpy_minimal_publisher:/home/aaron/abstain-rover/ros2_ws/install/examples_rclpy_minimal_client:/home/aaron/abstain-rover/ros2_ws/install/examples_rclpy_minimal_action_server:/home/aaron/abstain-rover/ros2_ws/install/examples_rclpy_minimal_action_client:/home/aaron/abstain-rover/ros2_ws/install/examples_rclpy_guard_conditions:/home/aaron/abstain-rover/ros2_ws/install/examples_rclpy_executors:/opt/ros/humble PS1=[\u@\h \W]\$ /usr/bin/cmake /home/aaron/abstain-rover/ros2_ws/src/abstain_pkg -DCMAKE_INSTALL_PREFIX=/home/aaron/abstain-rover/install/abstain_pkg
[0.074s] -- The C compiler identification is GNU 11.4.0
[0.131s] -- The CXX compiler identification is GNU 11.4.0
[0.139s] -- Detecting C compiler ABI info
[0.233s] -- Detecting C compiler ABI info - done
[0.240s] -- Check for working C compiler: /usr/bin/cc - skipped
[0.240s] -- Detecting C compile features
[0.240s] -- Detecting C compile features - done
[0.243s] -- Detecting CXX compiler ABI info
[0.335s] -- Detecting CXX compiler ABI info - done
[0.351s] -- Check for working CXX compiler: /usr/bin/c++ - skipped
[0.352s] -- Detecting CXX compile features
[0.353s] -- Detecting CXX compile features - done
[0.365s] -- Found ament_cmake: 1.3.12 (/opt/ros/humble/share/ament_cmake/cmake)
[0.549s] -- Found Python3: /usr/bin/python3 (found version "3.10.12") found components: Interpreter 
[0.680s] -- Found rclcpp: 16.0.15 (/opt/ros/humble/share/rclcpp/cmake)
[0.747s] -- Found rosidl_generator_c: 3.1.7 (/opt/ros/humble/share/rosidl_generator_c/cmake)
[0.757s] -- Found rosidl_adapter: 3.1.7 (/opt/ros/humble/share/rosidl_adapter/cmake)
[0.769s] -- Found rosidl_generator_cpp: 3.1.7 (/opt/ros/humble/share/rosidl_generator_cpp/cmake)
[0.785s] -- Using all available rosidl_typesupport_c: rosidl_typesupport_fastrtps_c;rosidl_typesupport_introspection_c
[0.808s] -- Using all available rosidl_typesupport_cpp: rosidl_typesupport_fastrtps_cpp;rosidl_typesupport_introspection_cpp
[0.873s] -- Found rmw_implementation_cmake: 6.1.2 (/opt/ros/humble/share/rmw_implementation_cmake/cmake)
[0.878s] -- Found rmw_fastrtps_cpp: 6.2.8 (/opt/ros/humble/share/rmw_fastrtps_cpp/cmake)
[1.001s] -- Found OpenSSL: /usr/lib/x86_64-linux-gnu/libcrypto.so (found version "3.0.2")  
[1.037s] -- Found FastRTPS: /opt/ros/humble/include  
[1.093s] -- Using RMW implementation 'rmw_fastrtps_cpp' as default
[1.109s] -- Looking for pthread.h
[1.183s] -- Looking for pthread.h - found
[1.185s] -- Performing Test CMAKE_HAVE_LIBC_PTHREAD
[1.271s] -- Performing Test CMAKE_HAVE_LIBC_PTHREAD - Success
[1.273s] -- Found Threads: TRUE  
[1.337s] -- Found ament_lint_auto: 0.12.14 (/opt/ros/humble/share/ament_lint_auto/cmake)
[1.450s] -- Added test 'cppcheck' to perform static code analysis on C / C++ code
[1.450s] -- Configured cppcheck include dirs: $<BUILD_INTERFACE:/home/aaron/abstain-rover/ros2_ws/src/abstain_pkg/include>
[1.450s] -- Configured cppcheck exclude dirs and/or files: 
[1.453s] -- Added test 'flake8' to check Python code syntax and style conventions
[1.457s] -- Added test 'lint_cmake' to check CMake code style
[1.460s] -- Added test 'pep257' to check Python code against some of the docstring style conventions in PEP 257
[1.474s] -- Added test 'uncrustify' to check C / C++ code style
[1.475s] -- Configured uncrustify additional arguments: 
[1.477s] -- Added test 'xmllint' to check XML markup files
[1.479s] -- Configuring done
[1.493s] -- Generating done
[1.498s] -- Build files have been written to: /home/aaron/abstain-rover/build/abstain_pkg
[1.507s] Invoked command in '/home/aaron/abstain-rover/build/abstain_pkg' returned '0': CMAKE_PREFIX_PATH=${CMAKE_PREFIX_PATH}:/home/aaron/abstain-rover/ros2_ws/install/launch_testing_examples:/home/aaron/abstain-rover/ros2_ws/install/examples_rclpy_pointcloud_publisher:/home/aaron/abstain-rover/ros2_ws/install/examples_rclpy_minimal_subscriber:/home/aaron/abstain-rover/ros2_ws/install/examples_rclpy_minimal_service:/home/aaron/abstain-rover/ros2_ws/install/examples_rclpy_minimal_publisher:/home/aaron/abstain-rover/ros2_ws/install/examples_rclpy_minimal_client:/home/aaron/abstain-rover/ros2_ws/install/examples_rclpy_minimal_action_server:/home/aaron/abstain-rover/ros2_ws/install/examples_rclpy_minimal_action_client:/home/aaron/abstain-rover/ros2_ws/install/examples_rclpy_guard_conditions:/home/aaron/abstain-rover/ros2_ws/install/examples_rclpy_executors:/opt/ros/humble PS1=[\u@\h \W]\$ /usr/bin/cmake /home/aaron/abstain-rover/ros2_ws/src/abstain_pkg -DCMAKE_INSTALL_PREFIX=/home/aaron/abstain-rover/install/abstain_pkg
[1.508s] Invoking command in '/home/aaron/abstain-rover/build/abstain_pkg': CMAKE_PREFIX_PATH=${CMAKE_PREFIX_PATH}:/home/aaron/abstain-rover/ros2_ws/install/launch_testing_examples:/home/aaron/abstain-rover/ros2_ws/install/examples_rclpy_pointcloud_publisher:/home/aaron/abstain-rover/ros2_ws/install/examples_rclpy_minimal_subscriber:/home/aaron/abstain-rover/ros2_ws/install/examples_rclpy_minimal_service:/home/aaron/abstain-rover/ros2_ws/install/examples_rclpy_minimal_publisher:/home/aaron/abstain-rover/ros2_ws/install/examples_rclpy_minimal_client:/home/aaron/abstain-rover/ros2_ws/install/examples_rclpy_minimal_action_server:/home/aaron/abstain-rover/ros2_ws/install/examples_rclpy_minimal_action_client:/home/aaron/abstain-rover/ros2_ws/install/examples_rclpy_guard_conditions:/home/aaron/abstain-rover/ros2_ws/install/examples_rclpy_executors:/opt/ros/humble PS1=[\u@\h \W]\$ /usr/bin/cmake --build /home/aaron/abstain-rover/build/abstain_pkg -- -j16 -l16
[1.567s] [ 16%] [32mBuilding CXX object CMakeFiles/listener.dir/src/subscriber_member_function.cpp.o[0m
[1.569s] [ 33%] [32mBuilding CXX object CMakeFiles/gs_node.dir/src/gs_node.cpp.o[0m
[1.570s] [ 50%] [32mBuilding CXX object CMakeFiles/talker.dir/src/publisher_member_function.cpp.o[0m
[1.605s] [ 66%] [32m[1mLinking CXX executable gs_node[0m
[1.659s] [ 66%] Built target gs_node
[4.768s] [ 83%] [32m[1mLinking CXX executable talker[0m
[4.966s] [ 83%] Built target talker
[7.422s] [100%] [32m[1mLinking CXX executable listener[0m
[7.806s] [100%] Built target listener
[7.822s] Invoked command in '/home/aaron/abstain-rover/build/abstain_pkg' returned '0': CMAKE_PREFIX_PATH=${CMAKE_PREFIX_PATH}:/home/aaron/abstain-rover/ros2_ws/install/launch_testing_examples:/home/aaron/abstain-rover/ros2_ws/install/examples_rclpy_pointcloud_publisher:/home/aaron/abstain-rover/ros2_ws/install/examples_rclpy_minimal_subscriber:/home/aaron/abstain-rover/ros2_ws/install/examples_rclpy_minimal_service:/home/aaron/abstain-rover/ros2_ws/install/examples_rclpy_minimal_publisher:/home/aaron/abstain-rover/ros2_ws/install/examples_rclpy_minimal_client:/home/aaron/abstain-rover/ros2_ws/install/examples_rclpy_minimal_action_server:/home/aaron/abstain-rover/ros2_ws/install/examples_rclpy_minimal_action_client:/home/aaron/abstain-rover/ros2_ws/install/examples_rclpy_guard_conditions:/home/aaron/abstain-rover/ros2_ws/install/examples_rclpy_executors:/opt/ros/humble PS1=[\u@\h \W]\$ /usr/bin/cmake --build /home/aaron/abstain-rover/build/abstain_pkg -- -j16 -l16
[7.842s] Invoking command in '/home/aaron/abstain-rover/build/abstain_pkg': CMAKE_PREFIX_PATH=${CMAKE_PREFIX_PATH}:/home/aaron/abstain-rover/ros2_ws/install/launch_testing_examples:/home/aaron/abstain-rover/ros2_ws/install/examples_rclpy_pointcloud_publisher:/home/aaron/abstain-rover/ros2_ws/install/examples_rclpy_minimal_subscriber:/home/aaron/abstain-rover/ros2_ws/install/examples_rclpy_minimal_service:/home/aaron/abstain-rover/ros2_ws/install/examples_rclpy_minimal_publisher:/home/aaron/abstain-rover/ros2_ws/install/examples_rclpy_minimal_client:/home/aaron/abstain-rover/ros2_ws/install/examples_rclpy_minimal_action_server:/home/aaron/abstain-rover/ros2_ws/install/examples_rclpy_minimal_action_client:/home/aaron/abstain-rover/ros2_ws/install/examples_rclpy_guard_conditions:/home/aaron/abstain-rover/ros2_ws/install/examples_rclpy_executors:/opt/ros/humble PS1=[\u@\h \W]\$ /usr/bin/cmake --install /home/aaron/abstain-rover/build/abstain_pkg
[7.849s] -- Install configuration: ""
[7.849s] -- Installing: /home/aaron/abstain-rover/install/abstain_pkg/lib/abstain_pkg/talker
[7.859s] -- Set runtime path of "/home/aaron/abstain-rover/install/abstain_pkg/lib/abstain_pkg/talker" to ""
[7.859s] -- Installing: /home/aaron/abstain-rover/install/abstain_pkg/lib/abstain_pkg/listener
[7.864s] -- Set runtime path of "/home/aaron/abstain-rover/install/abstain_pkg/lib/abstain_pkg/listener" to ""
[7.864s] -- Installing: /home/aaron/abstain-rover/install/abstain_pkg/lib/abstain_pkg/gs_node
[7.865s] -- Installing: /home/aaron/abstain-rover/install/abstain_pkg/share/ament_index/resource_index/package_run_dependencies/abstain_pkg
[7.865s] -- Installing: /home/aaron/abstain-rover/install/abstain_pkg/share/ament_index/resource_index/parent_prefix_path/abstain_pkg
[7.865s] -- Installing: /home/aaron/abstain-rover/install/abstain_pkg/share/abstain_pkg/environment/ament_prefix_path.sh
[7.865s] -- Installing: /home/aaron/abstain-rover/install/abstain_pkg/share/abstain_pkg/environment/ament_prefix_path.dsv
[7.865s] -- Installing: /home/aaron/abstain-rover/install/abstain_pkg/share/abstain_pkg/environment/path.sh
[7.865s] -- Installing: /home/aaron/abstain-rover/install/abstain_pkg/share/abstain_pkg/environment/path.dsv
[7.866s] -- Installing: /home/aaron/abstain-rover/install/abstain_pkg/share/abstain_pkg/local_setup.bash
[7.866s] -- Installing: /home/aaron/abstain-rover/install/abstain_pkg/share/abstain_pkg/local_setup.sh
[7.866s] -- Installing: /home/aaron/abstain-rover/install/abstain_pkg/share/abstain_pkg/local_setup.zsh
[7.866s] -- Installing: /home/aaron/abstain-rover/install/abstain_pkg/share/abstain_pkg/local_setup.dsv
[7.866s] -- Installing: /home/aaron/abstain-rover/install/abstain_pkg/share/abstain_pkg/package.dsv
[7.866s] -- Installing: /home/aaron/abstain-rover/install/abstain_pkg/share/ament_index/resource_index/packages/abstain_pkg
[7.866s] -- Installing: /home/aaron/abstain-rover/install/abstain_pkg/share/abstain_pkg/cmake/abstain_pkgConfig.cmake
[7.867s] -- Installing: /home/aaron/abstain-rover/install/abstain_pkg/share/abstain_pkg/cmake/abstain_pkgConfig-version.cmake
[7.867s] -- Installing: /home/aaron/abstain-rover/install/abstain_pkg/share/abstain_pkg/package.xml
[7.870s] Invoked command in '/home/aaron/abstain-rover/build/abstain_pkg' returned '0': CMAKE_PREFIX_PATH=${CMAKE_PREFIX_PATH}:/home/aaron/abstain-rover/ros2_ws/install/launch_testing_examples:/home/aaron/abstain-rover/ros2_ws/install/examples_rclpy_pointcloud_publisher:/home/aaron/abstain-rover/ros2_ws/install/examples_rclpy_minimal_subscriber:/home/aaron/abstain-rover/ros2_ws/install/examples_rclpy_minimal_service:/home/aaron/abstain-rover/ros2_ws/install/examples_rclpy_minimal_publisher:/home/aaron/abstain-rover/ros2_ws/install/examples_rclpy_minimal_client:/home/aaron/abstain-rover/ros2_ws/install/examples_rclpy_minimal_action_server:/home/aaron/abstain-rover/ros2_ws/install/examples_rclpy_minimal_action_client:/home/aaron/abstain-rover/ros2_ws/install/examples_rclpy_guard_conditions:/home/aaron/abstain-rover/ros2_ws/install/examples_rclpy_executors:/opt/ros/humble PS1=[\u@\h \W]\$ /usr/bin/cmake --install /home/aaron/abstain-rover/build/abstain_pkg
