[0.000000] (-) TimerEvent: {}
[0.000547] (abstain_pkg) JobQueued: {'identifier': 'abstain_pkg', 'dependencies': OrderedDict()}
[0.000801] (abstain_pkg) JobStarted: {'identifier': 'abstain_pkg'}
[0.012487] (abstain_pkg) JobProgress: {'identifier': 'abstain_pkg', 'progress': 'cmake'}
[0.013209] (abstain_pkg) Command: {'cmd': ['/usr/bin/cmake', '/home/aaron/abstain-rover/ros2_ws/src/abstain_pkg', '-DCMAKE_INSTALL_PREFIX=/home/aaron/abstain-rover/ros2_ws/src/abstain_pkg/install/abstain_pkg'], 'cwd': '/home/aaron/abstain-rover/ros2_ws/src/abstain_pkg/build/abstain_pkg', 'env': OrderedDict([('KDE_FULL_SESSION', 'true'), ('MAIL', '/var/spool/mail/aaron'), ('USER', 'aaron'), ('PAM_KWALLET5_LOGIN', '/run/user/1000/kwallet5.socket'), ('LC_TIME', 'en_US.UTF-8'), ('HOSTNAME', 'endeavour'), ('XDG_SESSION_TYPE', 'wayland'), ('GIT_ASKPASS', '/opt/visual-studio-code/resources/app/extensions/git/dist/askpass.sh'), ('XDG_CACHE_HOME', '/home/aaron/.cache'), ('QT_WAYLAND_RECONNECT', '1'), ('SHLVL', '5'), ('LD_LIBRARY_PATH', '/home/aaron/abstain-rover/ros2_ws/install/examples_rclcpp_wait_set/lib:/home/aaron/abstain-rover/ros2_ws/install/examples_rclcpp_minimal_subscriber/lib:/home/aaron/abstain-rover/ros2_ws/install/examples_rclcpp_minimal_composition/lib:/opt/ros/humble/opt/rviz_ogre_vendor/lib:/opt/ros/humble/lib/x86_64-linux-gnu:/opt/ros/humble/lib'), ('BROWSER', 'firefox'), ('MOTD_SHOWN', 'pam'), ('HOME', '/home/aaron'), ('CHROME_DESKTOP', 'code.desktop'), ('KDE_APPLICATIONS_AS_SCOPE', '1'), ('OLDPWD', '/home/aaron/abstain-rover/ros2_ws/src/abstain_pkg/src'), ('TERM_PROGRAM_VERSION', '1.105.0'), ('DESKTOP_SESSION', 'plasma'), ('ROS_PYTHON_VERSION', '3'), ('GTK_RC_FILES', '/etc/gtk/gtkrc:/home/aaron/.gtkrc:/home/aaron/.config/gtkrc'), ('KDE_SESSION_VERSION', '6'), ('VSCODE_GIT_ASKPASS_MAIN', '/opt/visual-studio-code/resources/app/extensions/git/dist/askpass-main.js'), ('PS1', '[\\u@\\h \\W]\\$'), ('LC_MONETARY', 'en_US.UTF-8'), ('VSCODE_GIT_ASKPASS_NODE', '/opt/visual-studio-code/code'), ('MANAGERPID', '1190'), ('DISTROBOX_ENTER_PATH', '/usr/bin/distrobox-enter'), ('SYSTEMD_EXEC_PID', '1525'), ('VSCODE_PYTHON_AUTOACTIVATE_GUARD', '1'), ('XDG_STATE_HOME', '/home/aaron/.local/state'), ('DBUS_SESSION_BUS_ADDRESS', 'unix:path=/run/user/1000/bus'), ('COLORTERM', 'truecolor'), ('container', 'docker'), ('PICO_TOOLCHAIN_PATH', '/usr/bin'), ('WAYLAND_DISPLAY', 'wayland-0'), ('COLCON_PREFIX_PATH', '/home/aaron/abstain-rover/ros2_ws/install'), ('XKB_DEFAULT_LAYOUT', 'us'), ('ROS_DISTRO', 'humble'), ('LOGNAME', 'aaron'), ('MANAGERPIDFDID', '1191'), ('JOURNAL_STREAM', '9:25820'), ('_', '/usr/bin/colcon'), ('ROS_VERSION', '2'), ('MEMORY_PRESSURE_WATCH', '/sys/fs/cgroup/user.slice/user-1000.slice/user@1000.service/session.slice/plasma-plasmashell.service/memory.pressure'), ('XDG_SESSION_CLASS', 'user'), ('TERMINFO_DIRS', '/usr/share/terminfo:/run/host/usr/share/terminfo'), ('TERM', 'xterm-256color'), ('XDG_SESSION_ID', '2'), ('ROS_LOCALHOST_ONLY', '0'), ('GTK2_RC_FILES', '/etc/gtk-2.0/gtkrc:/home/aaron/.gtkrc-2.0:/home/aaron/.config/gtkrc-2.0'), ('PATH', '/opt/ros/humble/bin:/usr/local/sbin:/usr/local/bin:/usr/bin:/var/lib/flatpak/exports/bin:/usr/lib/jvm/default/bin:/usr/bin/site_perl:/usr/bin/vendor_perl:/usr/bin/core_perl:/usr/lib/rustup/bin:/usr/local/sbin:/usr/local/bin:/usr/sbin:/usr/bin:/sbin:/bin:/usr/sbin:/sbin:/bin'), ('SESSION_MANAGER', 'local/endeavour:@/tmp/.ICE-unix/1461,unix/endeavour:/tmp/.ICE-unix/1461'), ('INVOCATION_ID', '1fc6047d5b1849e5ab7dd0e1f42e2e36'), ('XDG_SESSION_PATH', '/org/freedesktop/DisplayManager/Session1'), ('XDG_MENU_PREFIX', 'plasma-'), ('LC_ADDRESS', 'en_US.UTF-8'), ('XDG_RUNTIME_DIR', '/run/user/1000'), ('GDK_BACKEND', 'x11'), ('ICEAUTHORITY', '/run/user/1000/iceauth_VsidWY'), ('DISPLAY', ':1'), ('LANG', 'en_US.UTF-8'), ('XDG_CURRENT_DESKTOP', 'KDE'), ('LC_TELEPHONE', 'en_US.UTF-8'), ('XDG_DATA_HOME', '/home/aaron/.local/share'), ('XDG_CONFIG_HOME', '/home/aaron/.config'), ('XDG_SESSION_DESKTOP', 'KDE'), ('XAUTHORITY', '/run/user/1000/xauth_hiElXI'), ('VSCODE_GIT_IPC_HANDLE', '/run/user/1000/vscode-git-4b453adc43.sock'), ('TERM_PROGRAM', 'vscode'), ('AMENT_PREFIX_PATH', '/home/aaron/abstain-rover/ros2_ws/install/launch_testing_examples:/home/aaron/abstain-rover/ros2_ws/install/examples_rclpy_pointcloud_publisher:/home/aaron/abstain-rover/ros2_ws/install/examples_rclpy_minimal_subscriber:/home/aaron/abstain-rover/ros2_ws/install/examples_rclpy_minimal_service:/home/aaron/abstain-rover/ros2_ws/install/examples_rclpy_minimal_publisher:/home/aaron/abstain-rover/ros2_ws/install/examples_rclpy_minimal_client:/home/aaron/abstain-rover/ros2_ws/install/examples_rclpy_minimal_action_server:/home/aaron/abstain-rover/ros2_ws/install/examples_rclpy_minimal_action_client:/home/aaron/abstain-rover/ros2_ws/install/examples_rclpy_guard_conditions:/home/aaron/abstain-rover/ros2_ws/install/examples_rclpy_executors:/home/aaron/abstain-rover/ros2_ws/install/examples_rclcpp_wait_set:/home/aaron/abstain-rover/ros2_ws/install/examples_rclcpp_multithreaded_executor:/home/aaron/abstain-rover/ros2_ws/install/examples_rclcpp_minimal_timer:/home/aaron/abstain-rover/ros2_ws/install/examples_rclcpp_minimal_subscriber:/home/aaron/abstain-rover/ros2_ws/install/examples_rclcpp_minimal_service:/home/aaron/abstain-rover/ros2_ws/install/examples_rclcpp_minimal_publisher:/home/aaron/abstain-rover/ros2_ws/install/examples_rclcpp_minimal_composition:/home/aaron/abstain-rover/ros2_ws/install/examples_rclcpp_minimal_client:/home/aaron/abstain-rover/ros2_ws/install/examples_rclcpp_minimal_action_server:/home/aaron/abstain-rover/ros2_ws/install/examples_rclcpp_minimal_action_client:/home/aaron/abstain-rover/ros2_ws/install/examples_rclcpp_cbg_executor:/home/aaron/abstain-rover/ros2_ws/install/examples_rclcpp_async_client:/home/aaron/abstain-rover/ros2_ws/install/abstain_pkg:/opt/ros/humble'), ('ORIGINAL_XDG_CURRENT_DESKTOP', 'KDE'), ('SHELL', '/usr/bin/bash'), ('LC_NAME', 'en_US.UTF-8'), ('NO_AT_BRIDGE', '1'), ('LC_MEASUREMENT', 'en_US.UTF-8'), ('LC_IDENTIFICATION', 'en_US.UTF-8'), ('VSCODE_GIT_ASKPASS_EXTRA_ARGS', ''), ('PWD', '/home/aaron/abstain-rover/ros2_ws/src/abstain_pkg/build/abstain_pkg'), ('CONTAINER_ID', 'ubuntu2204'), ('XDG_CONFIG_DIRS', '/home/aaron/.config/kdedefaults:/etc/xdg'), ('PICO_SDK_PATH', '/home/aaron/pico-sdk'), ('XDG_DATA_DIRS', '/home/aaron/.local/share/flatpak/exports/share:/var/lib/flatpak/exports/share:/usr/local/share:/usr/share'), ('PYTHONPATH', '/home/aaron/abstain-rover/ros2_ws/build/launch_testing_examples:/home/aaron/abstain-rover/ros2_ws/install/launch_testing_examples/lib/python3.10/site-packages:/home/aaron/abstain-rover/ros2_ws/build/examples_rclpy_pointcloud_publisher:/home/aaron/abstain-rover/ros2_ws/install/examples_rclpy_pointcloud_publisher/lib/python3.10/site-packages:/home/aaron/abstain-rover/ros2_ws/build/examples_rclpy_minimal_subscriber:/home/aaron/abstain-rover/ros2_ws/install/examples_rclpy_minimal_subscriber/lib/python3.10/site-packages:/home/aaron/abstain-rover/ros2_ws/build/examples_rclpy_minimal_service:/home/aaron/abstain-rover/ros2_ws/install/examples_rclpy_minimal_service/lib/python3.10/site-packages:/home/aaron/abstain-rover/ros2_ws/build/examples_rclpy_minimal_publisher:/home/aaron/abstain-rover/ros2_ws/install/examples_rclpy_minimal_publisher/lib/python3.10/site-packages:/home/aaron/abstain-rover/ros2_ws/build/examples_rclpy_minimal_client:/home/aaron/abstain-rover/ros2_ws/install/examples_rclpy_minimal_client/lib/python3.10/site-packages:/home/aaron/abstain-rover/ros2_ws/build/examples_rclpy_minimal_action_server:/home/aaron/abstain-rover/ros2_ws/install/examples_rclpy_minimal_action_server/lib/python3.10/site-packages:/home/aaron/abstain-rover/ros2_ws/build/examples_rclpy_minimal_action_client:/home/aaron/abstain-rover/ros2_ws/install/examples_rclpy_minimal_action_client/lib/python3.10/site-packages:/home/aaron/abstain-rover/ros2_ws/build/examples_rclpy_guard_conditions:/home/aaron/abstain-rover/ros2_ws/install/examples_rclpy_guard_conditions/lib/python3.10/site-packages:/home/aaron/abstain-rover/ros2_ws/build/examples_rclpy_executors:/home/aaron/abstain-rover/ros2_ws/install/examples_rclpy_executors/lib/python3.10/site-packages:/opt/ros/humble/lib/python3.10/site-packages:/opt/ros/humble/local/lib/python3.10/dist-packages'), ('LC_NUMERIC', 'en_US.UTF-8'), ('LC_PAPER', 'en_US.UTF-8'), ('KDE_SESSION_UID', '1000'), ('COLCON', '1'), ('MEMORY_PRESSURE_WRITE', 'c29tZSAyMDAwMDAgMjAwMDAwMAA='), ('EDITOR', 'nano'), ('CMAKE_PREFIX_PATH', '/home/aaron/abstain-rover/ros2_ws/install/examples_rclcpp_wait_set:/home/aaron/abstain-rover/ros2_ws/install/examples_rclcpp_multithreaded_executor:/home/aaron/abstain-rover/ros2_ws/install/examples_rclcpp_minimal_timer:/home/aaron/abstain-rover/ros2_ws/install/examples_rclcpp_minimal_subscriber:/home/aaron/abstain-rover/ros2_ws/install/examples_rclcpp_minimal_service:/home/aaron/abstain-rover/ros2_ws/install/examples_rclcpp_minimal_publisher:/home/aaron/abstain-rover/ros2_ws/install/examples_rclcpp_minimal_composition:/home/aaron/abstain-rover/ros2_ws/install/examples_rclcpp_minimal_client:/home/aaron/abstain-rover/ros2_ws/install/examples_rclcpp_minimal_action_server:/home/aaron/abstain-rover/ros2_ws/install/examples_rclcpp_minimal_action_client:/home/aaron/abstain-rover/ros2_ws/install/examples_rclcpp_cbg_executor:/home/aaron/abstain-rover/ros2_ws/install/examples_rclcpp_async_client:/home/aaron/abstain-rover/ros2_ws/install/abstain_pkg:/home/aaron/abstain-rover/ros2_ws/install/launch_testing_examples:/home/aaron/abstain-rover/ros2_ws/install/examples_rclpy_pointcloud_publisher:/home/aaron/abstain-rover/ros2_ws/install/examples_rclpy_minimal_subscriber:/home/aaron/abstain-rover/ros2_ws/install/examples_rclpy_minimal_service:/home/aaron/abstain-rover/ros2_ws/install/examples_rclpy_minimal_publisher:/home/aaron/abstain-rover/ros2_ws/install/examples_rclpy_minimal_client:/home/aaron/abstain-rover/ros2_ws/install/examples_rclpy_minimal_action_server:/home/aaron/abstain-rover/ros2_ws/install/examples_rclpy_minimal_action_client:/home/aaron/abstain-rover/ros2_ws/install/examples_rclpy_guard_conditions:/home/aaron/abstain-rover/ros2_ws/install/examples_rclpy_executors:/opt/ros/humble')]), 'shell': False}
[0.089961] (abstain_pkg) StdoutLine: {'line': b'-- The C compiler identification is GNU 11.4.0\n'}
[0.099247] (-) TimerEvent: {}
[0.146705] (abstain_pkg) StdoutLine: {'line': b'-- The CXX compiler identification is GNU 11.4.0\n'}
[0.155272] (abstain_pkg) StdoutLine: {'line': b'-- Detecting C compiler ABI info\n'}
[0.199355] (-) TimerEvent: {}
[0.235902] (abstain_pkg) StdoutLine: {'line': b'-- Detecting C compiler ABI info - done\n'}
[0.253889] (abstain_pkg) StdoutLine: {'line': b'-- Check for working C compiler: /usr/bin/cc - skipped\n'}
[0.254485] (abstain_pkg) StdoutLine: {'line': b'-- Detecting C compile features\n'}
[0.255470] (abstain_pkg) StdoutLine: {'line': b'-- Detecting C compile features - done\n'}
[0.262396] (abstain_pkg) StdoutLine: {'line': b'-- Detecting CXX compiler ABI info\n'}
[0.299501] (-) TimerEvent: {}
[0.356679] (abstain_pkg) StdoutLine: {'line': b'-- Detecting CXX compiler ABI info - done\n'}
[0.371884] (abstain_pkg) StdoutLine: {'line': b'-- Check for working CXX compiler: /usr/bin/c++ - skipped\n'}
[0.372911] (abstain_pkg) StdoutLine: {'line': b'-- Detecting CXX compile features\n'}
[0.373988] (abstain_pkg) StdoutLine: {'line': b'-- Detecting CXX compile features - done\n'}
[0.381999] (abstain_pkg) StdoutLine: {'line': b'-- Found ament_cmake: 1.3.12 (/opt/ros/humble/share/ament_cmake/cmake)\n'}
[0.399642] (-) TimerEvent: {}
[0.499992] (-) TimerEvent: {}
[0.586556] (abstain_pkg) StdoutLine: {'line': b'-- Found Python3: /usr/bin/python3 (found version "3.10.12") found components: Interpreter \n'}
[0.600155] (-) TimerEvent: {}
[0.700671] (-) TimerEvent: {}
[0.748866] (abstain_pkg) StdoutLine: {'line': b'-- Found rclcpp: 16.0.15 (/opt/ros/humble/share/rclcpp/cmake)\n'}
[0.800769] (-) TimerEvent: {}
[0.901070] (-) TimerEvent: {}
[0.943185] (abstain_pkg) StdoutLine: {'line': b'-- Found rosidl_generator_c: 3.1.7 (/opt/ros/humble/share/rosidl_generator_c/cmake)\n'}
[0.954354] (abstain_pkg) StdoutLine: {'line': b'-- Found rosidl_adapter: 3.1.7 (/opt/ros/humble/share/rosidl_adapter/cmake)\n'}
[0.968443] (abstain_pkg) StdoutLine: {'line': b'-- Found rosidl_generator_cpp: 3.1.7 (/opt/ros/humble/share/rosidl_generator_cpp/cmake)\n'}
[0.986341] (abstain_pkg) StdoutLine: {'line': b'-- Using all available rosidl_typesupport_c: rosidl_typesupport_fastrtps_c;rosidl_typesupport_introspection_c\n'}
[1.001217] (-) TimerEvent: {}
[1.013425] (abstain_pkg) StdoutLine: {'line': b'-- Using all available rosidl_typesupport_cpp: rosidl_typesupport_fastrtps_cpp;rosidl_typesupport_introspection_cpp\n'}
[1.085810] (abstain_pkg) StdoutLine: {'line': b'-- Found rmw_implementation_cmake: 6.1.2 (/opt/ros/humble/share/rmw_implementation_cmake/cmake)\n'}
[1.091798] (abstain_pkg) StdoutLine: {'line': b'-- Found rmw_fastrtps_cpp: 6.2.8 (/opt/ros/humble/share/rmw_fastrtps_cpp/cmake)\n'}
[1.101354] (-) TimerEvent: {}
[1.201690] (-) TimerEvent: {}
[1.244959] (abstain_pkg) StdoutLine: {'line': b'-- Found OpenSSL: /usr/lib/x86_64-linux-gnu/libcrypto.so (found version "3.0.2")  \n'}
[1.280805] (abstain_pkg) StdoutLine: {'line': b'-- Found FastRTPS: /opt/ros/humble/include  \n'}
[1.302015] (-) TimerEvent: {}
[1.338734] (abstain_pkg) StdoutLine: {'line': b"-- Using RMW implementation 'rmw_fastrtps_cpp' as default\n"}
[1.362756] (abstain_pkg) StdoutLine: {'line': b'-- Looking for pthread.h\n'}
[1.402137] (-) TimerEvent: {}
[1.456285] (abstain_pkg) StdoutLine: {'line': b'-- Looking for pthread.h - found\n'}
[1.456585] (abstain_pkg) StdoutLine: {'line': b'-- Performing Test CMAKE_HAVE_LIBC_PTHREAD\n'}
[1.502307] (-) TimerEvent: {}
[1.543157] (abstain_pkg) StdoutLine: {'line': b'-- Performing Test CMAKE_HAVE_LIBC_PTHREAD - Success\n'}
[1.544431] (abstain_pkg) StdoutLine: {'line': b'-- Found Threads: TRUE  \n'}
[1.602426] (-) TimerEvent: {}
[1.616943] (abstain_pkg) StderrLine: {'line': b'\x1b[31mCMake Error at /opt/ros/humble/share/ament_cmake_target_dependencies/cmake/ament_target_dependencies.cmake:77 (message):\n'}
[1.617141] (abstain_pkg) StderrLine: {'line': b"  ament_target_dependencies() the passed package name 'listener' was not\n"}
[1.617272] (abstain_pkg) StderrLine: {'line': b'  found before\n'}
[1.617443] (abstain_pkg) StderrLine: {'line': b'Call Stack (most recent call first):\n'}
[1.617605] (abstain_pkg) StderrLine: {'line': b'  CMakeLists.txt:19 (ament_target_dependencies)\n'}
[1.617766] (abstain_pkg) StderrLine: {'line': b'\n'}
[1.617929] (abstain_pkg) StderrLine: {'line': b'\x1b[0m\n'}
[1.618092] (abstain_pkg) StdoutLine: {'line': b'-- Configuring incomplete, errors occurred!\n'}
[1.618266] (abstain_pkg) StdoutLine: {'line': b'See also "/home/aaron/abstain-rover/ros2_ws/src/abstain_pkg/build/abstain_pkg/CMakeFiles/CMakeOutput.log".\n'}
[1.626212] (abstain_pkg) CommandEnded: {'returncode': 1}
[1.664211] (abstain_pkg) JobEnded: {'identifier': 'abstain_pkg', 'rc': 1}
[1.675329] (-) EventReactorShutdown: {}
